Added Pin To Net: NetName=+5V Noise Pin=LED1-1
Added Pin To Net: NetName=NetLED1_2 Pin=LED1-2
Added Pin To Net: NetName=+5V Noise Pin=LED2-1
Added Pin To Net: NetName=NetLED2_2 Pin=LED2-2
Added Pin To Net: NetName=+5V Noise Pin=LED3-1
Added Pin To Net: NetName=NetLED3_2 Pin=LED3-2
Added Pin To Net: NetName=NetLED6_1 Pin=LED6-1
Added Pin To Net: NetName=GND Pin=LED6-2
Added Pin To Net: NetName=GND Pin=PL8-1
Added Pin To Net: NetName=+5V Noise Pin=PL8-2
Added Pin To Net: NetName=NetPL8_3 Pin=PL8-3
Added Pin To Net: NetName=NetPL8_4 Pin=PL8-4
Added Pin To Net: NetName=NetPL8_5 Pin=PL8-5
Added Pin To Net: NetName=NetLED1_2 Pin=R7-1
Added Pin To Net: NetName=NetR7_2 Pin=R7-2
Added Pin To Net: NetName=NetLED2_2 Pin=R8-1
Added Pin To Net: NetName=NetR8_2 Pin=R8-2
Added Pin To Net: NetName=NetLED6_1 Pin=R11-1
Added Pin To Net: NetName=+5V Noise Pin=R11-2
Added Pin To Net: NetName=NetLED3_2 Pin=R12-1
Added Pin To Net: NetName=NetR12_2 Pin=R12-2
Added Pin To Net: NetName=NetR13_1 Pin=R13-1
Added Pin To Net: NetName=NetPL8_3 Pin=R13-2
Added Pin To Net: NetName=NetR13_1 Pin=T3-1
Added Pin To Net: NetName=GND Pin=T3-2
Added Pin To Net: NetName=NetR12_2 Pin=T3-3
Added Pin To Net: NetName=NetC30_2 Pin=U21-4
Added Pin To Net: NetName=GND Pin=U23-4
Added Member To Class: ClassName=LEDs Member=Component LED2 KP-1608SGC
Added Member To Class: ClassName=LEDs Member=Component R7 560R
Added Member To Class: ClassName=LEDs Member=Component R11 560R
Added Member To Class: ClassName=LEDs Member=Component R12 560R
Added Member To Class: ClassName=LEDs Member=Component R13 1k
Added Member To Class: ClassName=LEDs Member=Component T3 BSS138BK.215
