Change Component Designator: OldDesignator=LED? NewDesignator=LED1
Change Component Designator: OldDesignator=LED? NewDesignator=LED2
Change Component Designator: OldDesignator=LED? NewDesignator=LED3
Change Component Designator: OldDesignator=LED? NewDesignator=LED6
Change Component Designator: OldDesignator=R? NewDesignator=R8
Change Component Designator: OldDesignator=R? NewDesignator=R12
Added Pin To Net: NetName=GND Pin=U21-4
Added Pin To Net: NetName=NetC31_2 Pin=U23-4
Change Net Name : Old Net Name=NetLED?_1 New Net Name=NetLED6_1
Change Net Name : Old Net Name=NetLED?_2 New Net Name=NetLED2_2
Change Net Name : Old Net Name=NetR?_2 New Net Name=NetR12_2
Added Pin To Net: NetName=NetLED1_2 Pin=LED1-2
Added Pin To Net: NetName=NetLED1_2 Pin=R7-1
Added Net: Name=NetLED1_2
Added Pin To Net: NetName=NetLED3_2 Pin=LED3-2
Added Pin To Net: NetName=NetLED3_2 Pin=R12-1
Added Net: Name=NetLED3_2
Added Pin To Net: NetName=NetR8_2 Pin=R8-2
Added Pin To Net: NetName=NetR8_2 Pin=T2-3
Added Net: Name=NetR8_2
Added Member To Class: ClassName=LEDs Member=Component LED1 KP-1608SGC
Added Member To Class: ClassName=LEDs Member=Component LED3 KP-1608SGC
Added Member To Class: ClassName=LEDs Member=Component LED6 KP-1608SGC
Added Member To Class: ClassName=LEDs Member=Component R8 560R
