Removed Pin From Net: NetName=NetC42_2 Pin=R30-1
Removed Pin From Net: NetName=NetC17_2 Pin=R35-1
Removed Pin From Net: NetName=NetC43_2 Pin=R37-1
Removed Pin From Net: NetName=NetC15_2 Pin=U9-3
Removed Pin From Net: NetName=NetC41_2 Pin=U12-3
Removed Pin From Net: NetName=+5V_ADC Pin=U13-1
Removed Pin From Net: NetName=GND Pin=U13-2
Removed Pin From Net: NetName=NetC16_2 Pin=U13-3
Removed Pin From Net: NetName=NetJ1_7 Pin=U13-4
Removed Pin From Net: NetName=NetJ1_9 Pin=U13-5
Removed Pin From Net: NetName=NetD7_1 Pin=U14-1
Removed Pin From Net: NetName=NetD7_2 Pin=U14-2
Removed Pin From Net: NetName=NetD6_2 Pin=U14-3
Removed Pin From Net: NetName=GND Pin=U14-5
Removed Pin From Net: NetName=NetR27_1 Pin=U14-6
Removed Pin From Net: NetName=NetD6_1 Pin=U14-7
Removed Pin From Net: NetName=NetR32_2 Pin=U15-2
Removed Pin From Net: NetName=NetD7_2 Pin=U15-3
Removed Pin From Net: NetName=GND Pin=U15-4
Removed Pin From Net: NetName=NetD7_2 Pin=U15-5
Removed Pin From Net: NetName=GND Pin=U15-6
Removed Pin From Net: NetName=NetR28_2 Pin=U15-7
Removed Pin From Net: NetName=+3V3 Pin=U15-8
Removed Pin From Net: NetName=NetC42_2 Pin=U16-3
Removed Pin From Net: NetName=+5V_ADC Pin=U17-1
Removed Pin From Net: NetName=GND Pin=U17-2
Removed Pin From Net: NetName=NetC17_2 Pin=U17-3
Removed Pin From Net: NetName=NetJ1_7 Pin=U17-4
Removed Pin From Net: NetName=NetJ1_9 Pin=U17-5
Removed Pin From Net: NetName=NetD9_1 Pin=U18-1
Removed Pin From Net: NetName=NetD9_2 Pin=U18-2
Removed Pin From Net: NetName=NetD8_2 Pin=U18-3
Removed Pin From Net: NetName=GND Pin=U18-5
Removed Pin From Net: NetName=NetR34_1 Pin=U18-6
Removed Pin From Net: NetName=NetD8_1 Pin=U18-7
Removed Pin From Net: NetName=NetR39_2 Pin=U19-2
Removed Pin From Net: NetName=NetD9_2 Pin=U19-3
Removed Pin From Net: NetName=GND Pin=U19-4
Removed Pin From Net: NetName=NetD9_2 Pin=U19-5
Removed Pin From Net: NetName=GND Pin=U19-6
Removed Pin From Net: NetName=NetR35_2 Pin=U19-7
Removed Pin From Net: NetName=+3V3 Pin=U19-8
Removed Pin From Net: NetName=NetC43_2 Pin=U20-3
Removed Member From Class: ClassName=Transformer FrontEnd 3 Member=C17
Removed Member From Class: ClassName=Transformer FrontEnd 2 Member=C42
Change Component Footprint: Designator=R30 Old Footprint=0603 New Footprint=1206
Change Component Footprint: Designator=R37 Old Footprint=0603 New Footprint=1206
Change Component Footprint: Designator=R31 Old Footprint=1206 New Footprint=0603
Change Component Footprint: Designator=R38 Old Footprint=1206 New Footprint=0603
Change Component Footprint: Designator=U15 Old Footprint=SOIC 8 New Footprint=SOT23 - 6
Change Component Footprint: Designator=U19 Old Footprint=SOIC 8 New Footprint=SOT23 - 6
Change Component Footprint: Designator=U13 Old Footprint=SOT23 - 6 New Footprint=SOIC 8
Change Component Footprint: Designator=U17 Old Footprint=SOT23 - 6 New Footprint=SOIC 8
Change Component Comment : Designator=R30 Old Comment=1k New Comment=100
Change Component Comment : Designator=R37 Old Comment=1k New Comment=100
Change Component Comment : Designator=R31 Old Comment=100 New Comment=1k
Change Component Comment : Designator=R38 Old Comment=100 New Comment=1k
Change Component Comment : Designator=U13 Old Comment=ADS New Comment=OPAMP 2Ch
Change Component Comment : Designator=U17 Old Comment=ADS New Comment=OPAMP 2Ch
Change Component Comment : Designator=U15 Old Comment=OPAMP 2Ch New Comment=ADS
Change Component Comment : Designator=U19 Old Comment=OPAMP 2Ch New Comment=ADS
Added Pin To Net: NetName=+5V Proc Pin=PL1-4
Added Pin To Net: NetName=GND Pin=PL2-1
Added Pin To Net: NetName=NetC15_2 Pin=PL2-2
Added Pin To Net: NetName=NetC41_2 Pin=PL2-3
Added Pin To Net: NetName=+5V Proc Pin=PL2-4
Added Pin To Net: NetName=NetC16_2 Pin=PL3-2
Added Pin To Net: NetName=NetC17_2 Pin=PL3-3
Added Pin To Net: NetName=+5V Proc Pin=PL3-4
Added Pin To Net: NetName=GND Pin=PL4-1
Added Pin To Net: NetName=+5V Proc Pin=PL4-4
Added Pin To Net: NetName=NetC42_2 Pin=PL5-2
Added Pin To Net: NetName=NetC43_2 Pin=PL5-3
Added Pin To Net: NetName=+5V Proc Pin=PL5-4
Added Pin To Net: NetName=GND Pin=PL6-1
Added Pin To Net: NetName=+5V Proc Pin=PL6-4
Added Pin To Net: NetName=GND Pin=R24-1
Added Pin To Net: NetName=GND Pin=R30-1
Added Pin To Net: NetName=NetC17_2 Pin=R31-1
Added Pin To Net: NetName=NetC42_2 Pin=R35-1
Added Pin To Net: NetName=GND Pin=R37-1
Added Pin To Net: NetName=NetC43_2 Pin=R38-1
Added Pin To Net: NetName=GND Pin=T4-2
Added Pin To Net: NetName=GND Pin=T5-2
Added Pin To Net: NetName=GND Pin=T6-2
Added Pin To Net: NetName=NetD7_1 Pin=U13-1
Added Pin To Net: NetName=NetD7_2 Pin=U13-2
Added Pin To Net: NetName=NetD6_2 Pin=U13-3
Added Pin To Net: NetName=GND Pin=U13-4
Added Pin To Net: NetName=GND Pin=U13-5
Added Pin To Net: NetName=NetR27_1 Pin=U13-6
Added Pin To Net: NetName=NetD6_1 Pin=U13-7
Added Pin To Net: NetName=+5V Proc Pin=U13-8
Added Pin To Net: NetName=NetR32_2 Pin=U14-2
Added Pin To Net: NetName=NetD7_2 Pin=U14-3
Added Pin To Net: NetName=NetD7_2 Pin=U14-5
Added Pin To Net: NetName=GND Pin=U14-6
Added Pin To Net: NetName=NetR28_2 Pin=U14-7
Added Pin To Net: NetName=+5V_ADC Pin=U15-1
Added Pin To Net: NetName=GND Pin=U15-2
Added Pin To Net: NetName=NetJ1_7 Pin=U15-4
Added Pin To Net: NetName=NetJ1_9 Pin=U15-5
Added Pin To Net: NetName=NetD9_1 Pin=U17-1
Added Pin To Net: NetName=NetD9_2 Pin=U17-2
Added Pin To Net: NetName=NetD8_2 Pin=U17-3
Added Pin To Net: NetName=GND Pin=U17-4
Added Pin To Net: NetName=GND Pin=U17-5
Added Pin To Net: NetName=NetR34_1 Pin=U17-6
Added Pin To Net: NetName=NetD8_1 Pin=U17-7
Added Pin To Net: NetName=+5V Proc Pin=U17-8
Added Pin To Net: NetName=NetR39_2 Pin=U18-2
Added Pin To Net: NetName=NetD9_2 Pin=U18-3
Added Pin To Net: NetName=NetD9_2 Pin=U18-5
Added Pin To Net: NetName=GND Pin=U18-6
Added Pin To Net: NetName=NetR35_2 Pin=U18-7
Added Pin To Net: NetName=+5V_ADC Pin=U19-1
Added Pin To Net: NetName=GND Pin=U19-2
Added Pin To Net: NetName=NetJ1_7 Pin=U19-4
Added Pin To Net: NetName=NetJ1_9 Pin=U19-5
Added Pin To Net: NetName=NetC30_2 Pin=U21-4
Added Pin To Net: NetName=GND Pin=U23-4
Added Pin To Net: NetName=NetPL1_2 Pin=PL1-2
Added Pin To Net: NetName=NetPL1_2 Pin=U9-3
Added Net: Name=NetPL1_2
Added Pin To Net: NetName=NetPL1_3 Pin=PL1-3
Added Pin To Net: NetName=NetPL1_3 Pin=U12-3
Added Net: Name=NetPL1_3
Added Pin To Net: NetName=NetPL4_2 Pin=PL4-2
Added Pin To Net: NetName=NetPL4_2 Pin=U15-3
Added Net: Name=NetPL4_2
Added Pin To Net: NetName=NetPL4_3 Pin=PL4-3
Added Pin To Net: NetName=NetPL4_3 Pin=U16-3
Added Net: Name=NetPL4_3
Added Pin To Net: NetName=NetPL6_2 Pin=PL6-2
Added Pin To Net: NetName=NetPL6_2 Pin=U19-3
Added Net: Name=NetPL6_2
Added Pin To Net: NetName=NetPL6_3 Pin=PL6-3
Added Pin To Net: NetName=NetPL6_3 Pin=U20-3
Added Net: Name=NetPL6_3
Added Pin To Net: NetName=NetR20_2 Pin=R20-2
Added Pin To Net: NetName=NetR20_2 Pin=R24-2
Added Pin To Net: NetName=NetR20_2 Pin=T4-1
Added Pin To Net: NetName=NetR20_2 Pin=TVS5-2
Added Net: Name=NetR20_2
Added Pin To Net: NetName=NetR27_2 Pin=R27-2
Added Pin To Net: NetName=NetR27_2 Pin=R30-2
Added Pin To Net: NetName=NetR27_2 Pin=T5-1
Added Pin To Net: NetName=NetR27_2 Pin=TVS6-2
Added Net: Name=NetR27_2
Added Pin To Net: NetName=NetR31_2 Pin=R31-2
Added Pin To Net: NetName=NetR31_2 Pin=R32-1
Added Pin To Net: NetName=NetR31_2 Pin=U14-1
Added Net: Name=NetR31_2
Added Pin To Net: NetName=NetR34_2 Pin=R34-2
Added Pin To Net: NetName=NetR34_2 Pin=R37-2
Added Pin To Net: NetName=NetR34_2 Pin=T6-1
Added Pin To Net: NetName=NetR34_2 Pin=TVS7-2
Added Net: Name=NetR34_2
Added Pin To Net: NetName=NetR38_2 Pin=R38-2
Added Pin To Net: NetName=NetR38_2 Pin=R39-1
Added Pin To Net: NetName=NetR38_2 Pin=U18-1
Added Net: Name=NetR38_2
Added Pin To Net: NetName=NetU15_6 Pin=U15-6
Added Pin To Net: NetName=NetU15_6 Pin=U25-15
Added Net: Name=NetU15_6
Added Pin To Net: NetName=NetU19_6 Pin=U19-6
Added Pin To Net: NetName=NetU19_6 Pin=U25-17
Added Net: Name=NetU19_6
Added Member To Class: ClassName=Transformer FrontEnd 2 Member=Component C17 100n
Added Member To Class: ClassName=Transformer FrontEnd 3 Member=Component C42 100n
