Removed Pin From Net: NetName=NetC18_1 Pin=P2-2
Removed Pin From Net: NetName=NetC20_1 Pin=P2-4
Removed Pin From Net: NetName=NetC22_1 Pin=P2-6
Removed Pin From Net: NetName=NetC19_1 Pin=P2-8
Removed Pin From Net: NetName=NetC21_1 Pin=P2-10
Removed Pin From Net: NetName=NetC23_1 Pin=P2-12
Added Pin To Net: NetName=NetC18_1 Pin=P2-1
Added Pin To Net: NetName=NetC20_1 Pin=P2-3
Added Pin To Net: NetName=NetC22_1 Pin=P2-5
Added Pin To Net: NetName=NetC19_1 Pin=P2-7
Added Pin To Net: NetName=NetC21_1 Pin=P2-9
Added Pin To Net: NetName=NetC23_1 Pin=P2-11
Added Pin To Net: NetName=GND Pin=U21-4
Added Pin To Net: NetName=NetC31_2 Pin=U23-4
Added Pin To Net: NetName=NetP2_2 Pin=P2-2
Added Pin To Net: NetName=NetP2_2 Pin=R44-1
Added Net: Name=NetP2_2
Added Pin To Net: NetName=NetP2_4 Pin=P2-4
Added Pin To Net: NetName=NetP2_4 Pin=R54-1
Added Net: Name=NetP2_4
Added Pin To Net: NetName=NetP2_6 Pin=P2-6
Added Pin To Net: NetName=NetP2_6 Pin=R64-1
Added Net: Name=NetP2_6
Added Pin To Net: NetName=NetP2_8 Pin=P2-8
Added Pin To Net: NetName=NetP2_8 Pin=R48-1
Added Net: Name=NetP2_8
Added Pin To Net: NetName=NetP2_10 Pin=P2-10
Added Pin To Net: NetName=NetP2_10 Pin=R58-1
Added Net: Name=NetP2_10
Added Pin To Net: NetName=NetP2_12 Pin=P2-12
Added Pin To Net: NetName=NetP2_12 Pin=R68-1
Added Net: Name=NetP2_12
