[0316/155433:INFO:CONSOLE(0)] "The source list for Content Security Policy directive 'script-src' contains an invalid source: ''report-sample''. It will be ignored.", source: https://www.altium.com/ad-start/ (0)
[0316/155433:INFO:CONSOLE(0)] "Unrecognized Content-Security-Policy directive 'worker-src'.
", source: https://www.altium.com/ad-start/ (0)
[0316/163320:WARNING:dns_config_service_win.cc(665)] Failed to read DnsConfig.
[0316/214048:WARNING:dns_config_service_win.cc(665)] Failed to read DnsConfig.
[0316/225311:WARNING:dns_config_service_win.cc(665)] Failed to read DnsConfig.
[0317/091350:WARNING:dns_config_service_win.cc(665)] Failed to read DnsConfig.
[0423/114133:INFO:CONSOLE(0)] "The source list for Content Security Policy directive 'script-src' contains an invalid source: ''report-sample''. It will be ignored.", source: https://www.altium.com/ad-start/ (0)
[0423/114133:INFO:CONSOLE(0)] "Unrecognized Content-Security-Policy directive 'worker-src'.
", source: https://www.altium.com/ad-start/ (0)
[0423/205929:WARNING:dns_config_service_win.cc(665)] Failed to read DnsConfig.
[0424/064557:WARNING:dns_config_service_win.cc(665)] Failed to read DnsConfig.
[0424/064557:WARNING:dns_config_service_win.cc(665)] Failed to read DnsConfig.
[0424/210410:WARNING:dns_config_service_win.cc(665)] Failed to read DnsConfig.
[0604/203553:ERROR:backend_impl.cc(2020)] Corrupt Index file
[0604/203553:ERROR:cache_util_win.cc(20)] Unable to move the cache: 5
[0604/203553:ERROR:cache_util.cc(134)] Unable to move cache folder C:\ProgramData\Altium\Altium Designer {38ED491E-C6A5-456C-ACF3-D5C6F2B4D80F}\BrowserCache to C:\ProgramData\Altium\Altium Designer {38ED491E-C6A5-456C-ACF3-D5C6F2B4D80F}\old_BrowserCache_000
[0604/203553:ERROR:cache_creator.cc(129)] Unable to create cache
[0604/203554:INFO:CONSOLE(0)] "The source list for Content Security Policy directive 'script-src' contains an invalid source: ''report-sample''. It will be ignored.", source: https://www.altium.com/ad-start/ (0)
[0604/203554:INFO:CONSOLE(0)] "Unrecognized Content-Security-Policy directive 'worker-src'.
", source: https://www.altium.com/ad-start/ (0)
