Change Component Designator: Old Designator=C? New Designator=C42
Change Component Designator: Old Designator=C? New Designator=C43
Change Component Designator: Old Designator=C? New Designator=C44
Change Component Designator: Old Designator=C? New Designator=C45
Change Component Designator: Old Designator=C? New Designator=C46
Change Component Designator: Old Designator=C? New Designator=C47
Change Component Designator: Old Designator=C? New Designator=C48
Change Component Designator: Old Designator=C? New Designator=C49
Change Component Designator: Old Designator=C? New Designator=C50
Change Component Designator: Old Designator=C? New Designator=C51
Change Component Designator: Old Designator=C? New Designator=C52
Change Component Designator: Old Designator=C? New Designator=C53
Change Component Designator: Old Designator=Q? New Designator=Q4
Change Component Designator: Old Designator=Q? New Designator=Q5
Change Component Designator: Old Designator=Q? New Designator=Q6
Change Component Designator: Old Designator=Q? New Designator=Q7
Change Component Designator: Old Designator=Q? New Designator=Q8
Change Component Designator: Old Designator=Q? New Designator=Q9
Change Component Designator: Old Designator=Q? New Designator=Q10
Change Component Designator: Old Designator=Q? New Designator=Q11
Change Component Designator: Old Designator=Q? New Designator=Q12
Change Component Designator: Old Designator=Q? New Designator=Q13
Change Component Designator: Old Designator=R? New Designator=R95
Change Component Designator: Old Designator=R? New Designator=R96
Change Component Designator: Old Designator=R? New Designator=R97
Change Component Designator: Old Designator=R? New Designator=R98
Change Component Designator: Old Designator=R? New Designator=R99
Change Component Designator: Old Designator=R? New Designator=R100
Change Component Designator: Old Designator=R? New Designator=R101
Change Component Designator: Old Designator=R? New Designator=R102
Change Component Designator: Old Designator=R? New Designator=R103
Change Component Designator: Old Designator=R? New Designator=R104
Change Component Designator: Old Designator=R? New Designator=R105
Change Component Designator: Old Designator=R? New Designator=R106
Change Component Designator: Old Designator=R? New Designator=R107
Change Component Designator: Old Designator=R? New Designator=R108
Change Component Designator: Old Designator=R? New Designator=R109
Change Component Designator: Old Designator=R? New Designator=R110
Change Component Designator: Old Designator=R? New Designator=R111
Change Component Designator: Old Designator=R? New Designator=R112
Change Component Designator: Old Designator=R? New Designator=R113
Change Component Designator: Old Designator=R? New Designator=R114
Change Component Designator: Old Designator=R? New Designator=R115
Change Component Designator: Old Designator=R? New Designator=R116
Change Component Designator: Old Designator=R? New Designator=R117
Change Component Designator: Old Designator=R? New Designator=R118
Change Component Designator: Old Designator=R? New Designator=R119
Change Component Designator: Old Designator=R? New Designator=R120
Change Component Designator: Old Designator=R? New Designator=R121
Change Component Designator: Old Designator=R? New Designator=R122
Change Component Designator: Old Designator=R? New Designator=R123
Change Component Designator: Old Designator=R? New Designator=R124
Change Component Designator: Old Designator=R? New Designator=R125
Change Component Designator: Old Designator=R? New Designator=R126
Change Component Designator: Old Designator=R? New Designator=R127
Change Component Designator: Old Designator=R? New Designator=R128
Change Component Designator: Old Designator=R? New Designator=R129
Change Component Designator: Old Designator=R? New Designator=R130
Change Component Designator: Old Designator=R? New Designator=R131
Change Component Designator: Old Designator=R? New Designator=R132
Change Component Designator: Old Designator=R? New Designator=R133
Change Component Designator: Old Designator=R? New Designator=R134
Change Component Designator: Old Designator=U? New Designator=U18
Change Component Designator: Old Designator=ZD? New Designator=ZD1
Change Component Designator: Old Designator=ZD? New Designator=ZD2
Change Component Designator: Old Designator=ZD? New Designator=ZD3
Change Component Designator: Old Designator=ZD? New Designator=ZD4
Change Component Designator: Old Designator=ZD? New Designator=ZD5
Change Component Designator: Old Designator=ZD? New Designator=ZD6
Change Component Designator: Old Designator=ZD? New Designator=ZD7
Change Component Designator: Old Designator=ZD? New Designator=ZD8
Change Component Designator: Old Designator=ZD? New Designator=ZD9
Change Component Designator: Old Designator=ZD? New Designator=ZD10
