Added Pin To Net: NetName=5V Pin=C8-1
Added Pin To Net: NetName=GND Pin=C8-2
Added Pin To Net: NetName=GND Pin=C13-1
Added Pin To Net: NetName=5V Pin=C13-2
Added Pin To Net: NetName=GND Pin=C17-1
Added Pin To Net: NetName=5V Pin=C17-2
Added Pin To Net: NetName=AI_COM Pin=C18-1
Added Pin To Net: NetName=AI_COM Pin=C19-1
Added Pin To Net: NetName=AI_COM Pin=C20-1
Added Pin To Net: NetName=AI_COM Pin=C22-1
Added Pin To Net: NetName=AI_COM Pin=C23-1
Added Pin To Net: NetName=5V Pin=C25-1
Added Pin To Net: NetName=GND Pin=C25-2
Added Pin To Net: NetName=NetC27_2 Pin=C27-2
Added Pin To Net: NetName=NetC29_2 Pin=C29-2
Added Pin To Net: NetName=5V Pin=J1-2
Added Pin To Net: NetName=RESET Pin=J1-5
Added Pin To Net: NetName=GND Pin=J1-6
Added Pin To Net: NetName=GND Pin=P1-1
Added Pin To Net: NetName=AI_COM Pin=P2-2
Added Pin To Net: NetName=AI_COM Pin=P2-4
Added Pin To Net: NetName=AI_COM Pin=P2-6
Added Pin To Net: NetName=GND Pin=P2-12
Added Pin To Net: NetName=GND Pin=P3-1
Added Pin To Net: NetName=GND Pin=P3-3
Added Pin To Net: NetName=GND Pin=P4-1
Added Pin To Net: NetName=GND Pin=P4-5
Added Pin To Net: NetName=GND Pin=P4-9
Added Pin To Net: NetName=5V Pin=PL2M-1
Added Pin To Net: NetName=GND Pin=PL2M-5
Added Pin To Net: NetName=5V Pin=PL2S-1
Added Pin To Net: NetName=GND Pin=PL2S-5
Added Pin To Net: NetName=5V Pin=PL3M-1
Added Pin To Net: NetName=GND Pin=PL3M-5
Added Pin To Net: NetName=5V Pin=PL3S-1
Added Pin To Net: NetName=GND Pin=PL3S-5
Added Pin To Net: NetName=GND Pin=Q1-2
Added Pin To Net: NetName=GND Pin=R8-2
Added Pin To Net: NetName=NetC29_2 Pin=R22-1
Added Pin To Net: NetName=GND Pin=R26-1
Added Pin To Net: NetName=GND Pin=R30-1
Added Pin To Net: NetName=AI_COM Pin=R46-1
Added Pin To Net: NetName=AI_COM Pin=R50-1
Added Pin To Net: NetName=AI_COM Pin=R56-1
Added Pin To Net: NetName=AI_COM Pin=R66-1
Added Pin To Net: NetName=AI_COM Pin=R70-1
Added Pin To Net: NetName=GND Pin=SW1-1
Added Pin To Net: NetName=A1 Pin=SW1-2
Added Pin To Net: NetName=GND Pin=SW1-3
Added Pin To Net: NetName=A2 Pin=SW1-4
Added Pin To Net: NetName=GND Pin=SW1-5
Added Pin To Net: NetName=A3 Pin=SW1-6
Added Pin To Net: NetName=GND Pin=SW1-7
Added Pin To Net: NetName=A4 Pin=SW1-8
Added Pin To Net: NetName=GND Pin=SW1-9
Added Pin To Net: NetName=A5 Pin=SW1-10
Added Pin To Net: NetName=5V Pin=U2-1
Added Pin To Net: NetName=GND Pin=U2-2
Added Pin To Net: NetName=NetC27_2 Pin=U2-3
Added Pin To Net: NetName=6V5 Pin=U3-1
Added Pin To Net: NetName=GND Pin=U3-2
Added Pin To Net: NetName=NetC27_2 Pin=U6-1
Added Pin To Net: NetName=GND Pin=U6-2
Added Pin To Net: NetName=5V Pin=U6-5
Added Pin To Net: NetName=A4 Pin=U25-18
Added Pin To Net: NetName=A5 Pin=U25-19
Added Pin To Net: NetName=A1 Pin=U25-33
Added Pin To Net: NetName=A2 Pin=U25-34
Added Pin To Net: NetName=A3 Pin=U25-43
Added Pin To Net: NetName=AI_COM Pin=U*1-2
Added Pin To Net: NetName=AI_COM Pin=U*2-2
Added Pin To Net: NetName=AI_COM Pin=U*3-2
Added Pin To Net: NetName=AI_COM Pin=U*5-2
Added Pin To Net: NetName=AI_COM Pin=U*6-2
