Added Component: Designator=R71(RES 0603)
Add component. Clean all parameters for all variants
Add component (AddParameter): Name = ""; Value = "5% 0603 100 ppm/K Thick Film"; VariantName = "[No Variations]"
Added Component: Designator=R72(RES 0603)
Add component. Clean all parameters for all variants
Add component (AddParameter): Name = ""; Value = "5% 0603 100 ppm/K Thick Film"; VariantName = "[No Variations]"
Added Component: Designator=R75(RES 0603)
Add component. Clean all parameters for all variants
Add component (AddParameter): Name = ""; Value = "5% 0603 100 ppm/K Thick Film"; VariantName = "[No Variations]"
Added Component: Designator=R76(RES 0603)
Add component. Clean all parameters for all variants
Add component (AddParameter): Name = ""; Value = "5% 0603 100 ppm/K Thick Film"; VariantName = "[No Variations]"
Added Component: Designator=U11(SOIC-8)
Add component. Clean all parameters for all variants
Added Pin To Net: NetName=NetR71_1 Pin=R71-1
Added Pin To Net: NetName=24V_PWR Pin=R71-2
Added Pin To Net: NetName=NetR72_1 Pin=R72-1
Added Pin To Net: NetName=24V_PWR Pin=R72-2
Added Pin To Net: NetName=NetR71_1 Pin=R75-1
Added Pin To Net: NetName=Enc_0 Pin=R75-2
Added Pin To Net: NetName=NetR72_1 Pin=R76-1
Added Pin To Net: NetName=Enc_1 Pin=R76-2
Added Pin To Net: NetName=BIT_0 Pin=U11-1
Added Pin To Net: NetName=12V_Ref Pin=U11-2
Added Pin To Net: NetName=NetR71_1 Pin=U11-3
Added Pin To Net: NetName=GND Pin=U11-4
Added Pin To Net: NetName=NetR72_1 Pin=U11-5
Added Pin To Net: NetName=12V_Ref Pin=U11-6
Added Pin To Net: NetName=BIT_1 Pin=U11-7
Added Pin To Net: NetName=24V_PWR Pin=U11-8
