Added Pin To Net: NetName=5V Pin=C45-1
Added Pin To Net: NetName=GND Pin=C45-2
Added Pin To Net: NetName=GND Pin=C46-1
Added Pin To Net: NetName=5V Pin=C46-2
Added Pin To Net: NetName=GND Pin=C52-1
Added Pin To Net: NetName=NetC52_2 Pin=C52-2
Added Pin To Net: NetName=5V Pin=C53-1
Added Pin To Net: NetName=GND Pin=C53-2
Added Pin To Net: NetName=GND Pin=C54-1
Added Pin To Net: NetName=5V Pin=C54-2
Added Pin To Net: NetName=GND Pin=C59-1
Added Pin To Net: NetName=NetC59_2 Pin=C59-2
Added Pin To Net: NetName=NetC52_2 Pin=R94-1
Added Pin To Net: NetName=Ain_3 Pin=R94-2
Added Pin To Net: NetName=GND Pin=R97-1
Added Pin To Net: NetName=Ain_3 Pin=R97-2
Added Pin To Net: NetName=NetC59_2 Pin=R98-1
Added Pin To Net: NetName=Bin_1 Pin=R98-2
Added Pin To Net: NetName=GND Pin=R101-1
Added Pin To Net: NetName=Bin_1 Pin=R101-2
Added Pin To Net: NetName=5V Pin=U18-1
Added Pin To Net: NetName=GND Pin=U18-2
Added Pin To Net: NetName=NetC52_2 Pin=U18-3
Added Pin To Net: NetName=ADC_CLK Pin=U18-4
Added Pin To Net: NetName=ADC_A3 Pin=U18-5
Added Pin To Net: NetName=ADC_CS Pin=U18-6
Added Pin To Net: NetName=5V Pin=U19-1
Added Pin To Net: NetName=GND Pin=U19-2
Added Pin To Net: NetName=NetC59_2 Pin=U19-3
Added Pin To Net: NetName=ADC_CLK Pin=U19-4
Added Pin To Net: NetName=ADC_A4 Pin=U19-5
Added Pin To Net: NetName=ADC_CS Pin=U19-6
Added Pin To Net: NetName=NetC52_2 Pin=ZD3-1
Added Pin To Net: NetName=GND Pin=ZD3-2
Added Pin To Net: NetName=NetC59_2 Pin=ZD4-1
Added Pin To Net: NetName=GND Pin=ZD4-2
