Removed Pin From Net: NetName=3V3_D Pin=ETH1-9
Removed Pin From Net: NetName=3V3_D Pin=ETH1-12
Added Component: Designator=C7(Supercap -D20-V)
Add component. Clean all parameters for all variants
Added Component: Designator=C34(0603)
Add component. Clean all parameters for all variants
Added Component: Designator=C43(CAP CER 0603 NP)
Add component. Clean all parameters for all variants
Add component (AddParameter): Name = ""; Value = "10% 0603 16V X5R"; VariantName = "[No Variations]"
Added Component: Designator=C44(CAP CER 0603 NP)
Add component. Clean all parameters for all variants
Add component (AddParameter): Name = ""; Value = "10% 0603 100V X7R"; VariantName = "[No Variations]"
Added Component: Designator=C45(CAP CER 0603 NP)
Add component. Clean all parameters for all variants
Add component (AddParameter): Name = ""; Value = "10% 0603 16V X5R"; VariantName = "[No Variations]"
Added Component: Designator=C46(CAP CER 0603 NP)
Add component. Clean all parameters for all variants
Add component (AddParameter): Name = ""; Value = "10% 0603 100V X7R"; VariantName = "[No Variations]"
Added Component: Designator=C48(0603)
Add component. Clean all parameters for all variants
Added Component: Designator=C49(0603)
Add component. Clean all parameters for all variants
Added Component: Designator=C51(CAP CER 0603 NP)
Add component. Clean all parameters for all variants
Add component (AddParameter): Name = ""; Value = "10% 0603 100V X7R"; VariantName = "[No Variations]"
Added Component: Designator=C52(CAP CER 0603 NP)
Add component. Clean all parameters for all variants
Add component (AddParameter): Name = ""; Value = "10% 0603 100V X7R"; VariantName = "[No Variations]"
Added Component: Designator=C53(CAP CER 0603 NP)
Add component. Clean all parameters for all variants
Add component (AddParameter): Name = ""; Value = "10% 0603 16V X5R"; VariantName = "[No Variations]"
Added Component: Designator=C54(CAP CER 0603 NP)
Add component. Clean all parameters for all variants
Add component (AddParameter): Name = ""; Value = "10% 0603 100V X7R"; VariantName = "[No Variations]"
Added Component: Designator=C55(CAP CER 0603 NP)
Add component. Clean all parameters for all variants
Add component (AddParameter): Name = ""; Value = "10% 0603 16V X5R"; VariantName = "[No Variations]"
Added Component: Designator=C56(CAP CER 0603 NP)
Add component. Clean all parameters for all variants
Add component (AddParameter): Name = ""; Value = "10% 0603 100V X7R"; VariantName = "[No Variations]"
Added Component: Designator=C57(CAP CER 0603 NP)
Add component. Clean all parameters for all variants
Add component (AddParameter): Name = ""; Value = "10% 0603 16V X5R"; VariantName = "[No Variations]"
Added Component: Designator=C58(CAP CER 0603 NP)
Add component. Clean all parameters for all variants
Add component (AddParameter): Name = ""; Value = "10% 0603 100V X7R"; VariantName = "[No Variations]"
Added Component: Designator=C59(CAP CER 0603 NP)
Add component. Clean all parameters for all variants
Add component (AddParameter): Name = ""; Value = "10% 0603 100V X7R"; VariantName = "[No Variations]"
Added Component: Designator=C60(CAP CER 0603 NP)
Add component. Clean all parameters for all variants
Add component (AddParameter): Name = ""; Value = "10% 0603 100V X7R"; VariantName = "[No Variations]"
Added Component: Designator=C61(CAP CER 0603 NP)
Add component. Clean all parameters for all variants
Add component (AddParameter): Name = ""; Value = "10% 0603 100V X7R"; VariantName = "[No Variations]"
Added Component: Designator=C62(CAP CER 0603 NP)
Add component. Clean all parameters for all variants
Add component (AddParameter): Name = ""; Value = "10% 0603 16V X5R"; VariantName = "[No Variations]"
Added Component: Designator=C63(CAP CER 0603 NP)
Add component. Clean all parameters for all variants
Add component (AddParameter): Name = ""; Value = "10% 0603 100V X7R"; VariantName = "[No Variations]"
Added Component: Designator=C64(CAP CER 0603 NP)
Add component. Clean all parameters for all variants
Add component (AddParameter): Name = ""; Value = "10% 0603 16V X5R"; VariantName = "[No Variations]"
Added Component: Designator=C65(CAP CER 0603 NP)
Add component. Clean all parameters for all variants
Add component (AddParameter): Name = ""; Value = "10% 0603 100V X7R"; VariantName = "[No Variations]"
Added Component: Designator=C66(CAP CER 0603 NP)
Add component. Clean all parameters for all variants
Add component (AddParameter): Name = ""; Value = "10% 0603 16V X5R"; VariantName = "[No Variations]"
Added Component: Designator=C67(CAP CER 0603 NP)
Add component. Clean all parameters for all variants
Add component (AddParameter): Name = ""; Value = "10% 0603 100V X7R"; VariantName = "[No Variations]"
Added Component: Designator=C68(CAP CER 0603 NP)
Add component. Clean all parameters for all variants
Add component (AddParameter): Name = ""; Value = "10% 0603 100V X7R"; VariantName = "[No Variations]"
Added Component: Designator=C69(CAP CER 0603 NP)
Add component. Clean all parameters for all variants
Add component (AddParameter): Name = ""; Value = "10% 0603 100V X7R"; VariantName = "[No Variations]"
Added Component: Designator=C70(CAP CER 0603 NP)
Add component. Clean all parameters for all variants
Add component (AddParameter): Name = ""; Value = "10% 0603 100V X7R"; VariantName = "[No Variations]"
Added Component: Designator=C72(0603)
Add component. Clean all parameters for all variants
Added Component: Designator=C73(0603)
Add component. Clean all parameters for all variants
Added Component: Designator=C74(1206)
Add component. Clean all parameters for all variants
Added Component: Designator=C75(1206)
Add component. Clean all parameters for all variants
Added Component: Designator=C94(CAP CER 0603 NP)
Add component. Clean all parameters for all variants
Added Component: Designator=C95(CAP CER 0603 NP)
Add component. Clean all parameters for all variants
Added Component: Designator=C96(0603)
Add component. Clean all parameters for all variants
Added Component: Designator=R5(RES 0603)
Add component. Clean all parameters for all variants
Add component (AddParameter): Name = ""; Value = "5% 0603 100 ppm/K Thick Film"; VariantName = "[No Variations]"
Added Component: Designator=R6(RES 0603)
Add component. Clean all parameters for all variants
Add component (AddParameter): Name = ""; Value = "5% 0603 100 ppm/K Thick Film"; VariantName = "[No Variations]"
Added Component: Designator=R8(RES 0603)
Add component. Clean all parameters for all variants
Add component (AddParameter): Name = ""; Value = "5% 0603 100 ppm/K Thick Film"; VariantName = "[No Variations]"
Added Component: Designator=R10(RES 0603)
Add component. Clean all parameters for all variants
Add component (AddParameter): Name = ""; Value = "5% 0603 100 ppm/K Thick Film"; VariantName = "[No Variations]"
Added Component: Designator=R19(0603)
Add component. Clean all parameters for all variants
Added Component: Designator=R71(RES 0603)
Add component. Clean all parameters for all variants
Add component (AddParameter): Name = ""; Value = "5% 0603 100 ppm/K Thick Film"; VariantName = "[No Variations]"
Added Component: Designator=R72(RES 0603)
Add component. Clean all parameters for all variants
Add component (AddParameter): Name = ""; Value = "5% 0603 100 ppm/K Thick Film"; VariantName = "[No Variations]"
Added Component: Designator=R73(RES 0603)
Add component. Clean all parameters for all variants
Add component (AddParameter): Name = ""; Value = "5% 0603 100 ppm/K Thick Film"; VariantName = "[No Variations]"
Added Component: Designator=R74(RES 0603)
Add component. Clean all parameters for all variants
Add component (AddParameter): Name = ""; Value = "5% 0603 100 ppm/K Thick Film"; VariantName = "[No Variations]"
Added Component: Designator=R75(RES 0603)
Add component. Clean all parameters for all variants
Add component (AddParameter): Name = ""; Value = "5% 0603 100 ppm/K Thick Film"; VariantName = "[No Variations]"
Added Component: Designator=R76(RES 0603)
Add component. Clean all parameters for all variants
Add component (AddParameter): Name = ""; Value = "5% 0603 100 ppm/K Thick Film"; VariantName = "[No Variations]"
Added Component: Designator=R77(RES 0603)
Add component. Clean all parameters for all variants
Add component (AddParameter): Name = ""; Value = "5% 0603 100 ppm/K Thick Film"; VariantName = "[No Variations]"
Added Component: Designator=R78(RES 0603)
Add component. Clean all parameters for all variants
Add component (AddParameter): Name = ""; Value = "5% 0603 100 ppm/K Thick Film"; VariantName = "[No Variations]"
Added Component: Designator=R79(RES 0603)
Add component. Clean all parameters for all variants
Add component (AddParameter): Name = ""; Value = "5% 0603 100 ppm/K Thick Film"; VariantName = "[No Variations]"
Added Component: Designator=R80(RES 0603)
Add component. Clean all parameters for all variants
Add component (AddParameter): Name = ""; Value = "5% 0603 100 ppm/K Thick Film"; VariantName = "[No Variations]"
Added Component: Designator=R81(RES 0603)
Add component. Clean all parameters for all variants
Add component (AddParameter): Name = ""; Value = "5% 0603 100 ppm/K Thick Film"; VariantName = "[No Variations]"
Added Component: Designator=R82(RES 0603)
Add component. Clean all parameters for all variants
Add component (AddParameter): Name = ""; Value = "5% 0603 100 ppm/K Thick Film"; VariantName = "[No Variations]"
Added Component: Designator=R83(RES 0603)
Add component. Clean all parameters for all variants
Add component (AddParameter): Name = ""; Value = "5% 0603 100 ppm/K Thick Film"; VariantName = "[No Variations]"
Added Component: Designator=R84(RES 0603)
Add component. Clean all parameters for all variants
Add component (AddParameter): Name = ""; Value = "5% 0603 100 ppm/K Thick Film"; VariantName = "[No Variations]"
Added Component: Designator=R85(RES 0603)
Add component. Clean all parameters for all variants
Add component (AddParameter): Name = ""; Value = "5% 0603 100 ppm/K Thick Film"; VariantName = "[No Variations]"
Added Component: Designator=R86(RES 0603)
Add component. Clean all parameters for all variants
Add component (AddParameter): Name = ""; Value = "5% 0603 100 ppm/K Thick Film"; VariantName = "[No Variations]"
Added Component: Designator=R87(RES 0603)
Add component. Clean all parameters for all variants
Add component (AddParameter): Name = ""; Value = "5% 0603 100 ppm/K Thick Film"; VariantName = "[No Variations]"
Added Component: Designator=R88(RES 0603)
Add component. Clean all parameters for all variants
Add component (AddParameter): Name = ""; Value = "5% 0603 100 ppm/K Thick Film"; VariantName = "[No Variations]"
Added Component: Designator=R89(RES 0603)
Add component. Clean all parameters for all variants
Add component (AddParameter): Name = ""; Value = "5% 0603 100 ppm/K Thick Film"; VariantName = "[No Variations]"
Added Component: Designator=R90(RES 0603)
Add component. Clean all parameters for all variants
Add component (AddParameter): Name = ""; Value = "5% 0603 100 ppm/K Thick Film"; VariantName = "[No Variations]"
Added Component: Designator=R93(RES 0603)
Add component. Clean all parameters for all variants
Add component (AddParameter): Name = ""; Value = "1% 0603 Thick Film"; VariantName = "[No Variations]"
Added Component: Designator=R94(RES 0603)
Add component. Clean all parameters for all variants
Add component (AddParameter): Name = ""; Value = "1% 0603 Thick Film"; VariantName = "[No Variations]"
Added Component: Designator=R96(RES 1210)
Add component. Clean all parameters for all variants
Add component (AddParameter): Name = ""; Value = "1% 1210 200V 1/2W 100 ppm/K Metal Glaze/Thick Film"; VariantName = "[No Variations]"
Added Component: Designator=R97(RES 1210)
Add component. Clean all parameters for all variants
Add component (AddParameter): Name = ""; Value = "1% 1210 200V 1/2W 100 ppm/K Metal Glaze/Thick Film"; VariantName = "[No Variations]"
Added Component: Designator=R98(RES 0603)
Add component. Clean all parameters for all variants
Add component (AddParameter): Name = ""; Value = "1% 0603 Thick Film"; VariantName = "[No Variations]"
Added Component: Designator=R99(RES 0603)
Add component. Clean all parameters for all variants
Add component (AddParameter): Name = ""; Value = "1% 0603 Thick Film"; VariantName = "[No Variations]"
Added Component: Designator=R100(RES 0603)
Add component. Clean all parameters for all variants
Add component (AddParameter): Name = ""; Value = "1% 0603 Thick Film"; VariantName = "[No Variations]"
Added Component: Designator=R101(RES 1210)
Add component. Clean all parameters for all variants
Add component (AddParameter): Name = ""; Value = "1% 1210 200V 1/2W 100 ppm/K Metal Glaze/Thick Film"; VariantName = "[No Variations]"
Added Component: Designator=R102(RES 1210)
Add component. Clean all parameters for all variants
Add component (AddParameter): Name = ""; Value = "1% 1210 200V 1/2W 100 ppm/K Metal Glaze/Thick Film"; VariantName = "[No Variations]"
Added Component: Designator=R103(RES 1210)
Add component. Clean all parameters for all variants
Add component (AddParameter): Name = ""; Value = "1% 1210 200V 1/2W 100 ppm/K Metal Glaze/Thick Film"; VariantName = "[No Variations]"
Added Component: Designator=R104(RES 0603)
Add component. Clean all parameters for all variants
Add component (AddParameter): Name = ""; Value = "1% 0603 Thick Film"; VariantName = "[No Variations]"
Added Component: Designator=R105(RES 0603)
Add component. Clean all parameters for all variants
Add component (AddParameter): Name = ""; Value = "1% 0603 Thick Film"; VariantName = "[No Variations]"
Added Component: Designator=R106(RES 0603)
Add component. Clean all parameters for all variants
Add component (AddParameter): Name = ""; Value = "1% 0603 Thick Film"; VariantName = "[No Variations]"
Added Component: Designator=R107(RES 1210)
Add component. Clean all parameters for all variants
Add component (AddParameter): Name = ""; Value = "1% 1210 200V 1/2W 100 ppm/K Metal Glaze/Thick Film"; VariantName = "[No Variations]"
Added Component: Designator=R108(RES 1210)
Add component. Clean all parameters for all variants
Add component (AddParameter): Name = ""; Value = "1% 1210 200V 1/2W 100 ppm/K Metal Glaze/Thick Film"; VariantName = "[No Variations]"
Added Component: Designator=R109(RES 1210)
Add component. Clean all parameters for all variants
Add component (AddParameter): Name = ""; Value = "1% 1210 200V 1/2W 100 ppm/K Metal Glaze/Thick Film"; VariantName = "[No Variations]"
Added Component: Designator=R126(0603)
Add component. Clean all parameters for all variants
Added Component: Designator=R127(0603)
Add component. Clean all parameters for all variants
Added Component: Designator=R134(RES 0603)
Add component. Clean all parameters for all variants
Added Component: Designator=R135(RES 0603)
Add component. Clean all parameters for all variants
Added Component: Designator=R136(RES 0603)
Add component. Clean all parameters for all variants
Added Component: Designator=R152(RES 0603)
Add component. Clean all parameters for all variants
Added Component: Designator=R153(RES 0603)
Add component. Clean all parameters for all variants
Added Component: Designator=U11(SOIC-8)
Add component. Clean all parameters for all variants
Added Component: Designator=U12(SOIC-8)
Add component. Clean all parameters for all variants
Added Component: Designator=U13(SOIC-8)
Add component. Clean all parameters for all variants
Added Component: Designator=U14(SOIC-8)
Add component. Clean all parameters for all variants
Added Component: Designator=U15(SOIC-8)
Add component. Clean all parameters for all variants
Added Component: Designator=U17(SOT-23-6)
Add component. Clean all parameters for all variants
Added Component: Designator=U18(SOT-23-6)
Add component. Clean all parameters for all variants
Added Component: Designator=U19(SOT-23-6)
Add component. Clean all parameters for all variants
Added Component: Designator=U20(SOT-23-6)
Add component. Clean all parameters for all variants
Added Component: Designator=U21(SOT-23-6)
Add component. Clean all parameters for all variants
Added Component: Designator=U22(SOT-23-6)
Add component. Clean all parameters for all variants
Added Component: Designator=U23(SOT-23-6)
Add component. Clean all parameters for all variants
Added Component: Designator=U24(SOT-23-6)
Add component. Clean all parameters for all variants
Added Component: Designator=U27(SOIC-8)
Add component. Clean all parameters for all variants
Added Component: Designator=U30(SOIC-8)
Add component. Clean all parameters for all variants
Added Component: Designator=XTL3(XTAL KX-327NHT)
Add component. Clean all parameters for all variants
Added Component: Designator=ZD2(SOD323 (SC-76) - Reflow)
Add component. Clean all parameters for all variants
Add component (AddParameter): Name = ""; Value = "Imin=1mA SOD-323"; VariantName = "[No Variations]"
Added Component: Designator=ZD3(SOD323 (SC-76) - Reflow)
Add component. Clean all parameters for all variants
Add component (AddParameter): Name = ""; Value = "Imin=1mA SOD-323"; VariantName = "[No Variations]"
Added Component: Designator=ZD4(SOD323 (SC-76) - Reflow)
Add component. Clean all parameters for all variants
Add component (AddParameter): Name = ""; Value = "Imin=1mA SOD-323"; VariantName = "[No Variations]"
Added Component: Designator=ZD5(SOD323 (SC-76) - Reflow)
Add component. Clean all parameters for all variants
Add component (AddParameter): Name = ""; Value = "Imin=1mA SOD-323"; VariantName = "[No Variations]"
Added Component: Designator=ZD6(SOD323 (SC-76) - Reflow)
Add component. Clean all parameters for all variants
Add component (AddParameter): Name = ""; Value = "Imin=1mA SOD-323"; VariantName = "[No Variations]"
Added Component: Designator=ZD7(SOD323 (SC-76) - Reflow)
Add component. Clean all parameters for all variants
Add component (AddParameter): Name = ""; Value = "Imin=1mA SOD-323"; VariantName = "[No Variations]"
Added Component: Designator=ZD8(SOD323 (SC-76) - Reflow)
Add component. Clean all parameters for all variants
Add component (AddParameter): Name = ""; Value = "Imin=1mA SOD-323"; VariantName = "[No Variations]"
Added Component: Designator=ZD9(SOD323 (SC-76) - Reflow)
Add component. Clean all parameters for all variants
Add component (AddParameter): Name = ""; Value = "Imin=1mA SOD-323"; VariantName = "[No Variations]"
Added Pin To Net: NetName=GND Pin=C7-1
Added Pin To Net: NetName=5V Pin=C7-2
Added Pin To Net: NetName=GND Pin=C34-1
Added Pin To Net: NetName=NetC34_2 Pin=C34-2
Added Pin To Net: NetName=5V Pin=C43-1
Added Pin To Net: NetName=GND Pin=C43-2
Added Pin To Net: NetName=GND Pin=C44-1
Added Pin To Net: NetName=5V Pin=C44-2
Added Pin To Net: NetName=5V Pin=C45-1
Added Pin To Net: NetName=GND Pin=C45-2
Added Pin To Net: NetName=GND Pin=C46-1
Added Pin To Net: NetName=5V Pin=C46-2
Added Pin To Net: NetName=GND Pin=C48-1
Added Pin To Net: NetName=5V Pin=C48-2
Added Pin To Net: NetName=GND Pin=C49-1
Added Pin To Net: NetName=5V Pin=C49-2
Added Pin To Net: NetName=GND Pin=C51-1
Added Pin To Net: NetName=NetC51_2 Pin=C51-2
Added Pin To Net: NetName=GND Pin=C52-1
Added Pin To Net: NetName=NetC52_2 Pin=C52-2
Added Pin To Net: NetName=5V Pin=C53-1
Added Pin To Net: NetName=GND Pin=C53-2
Added Pin To Net: NetName=GND Pin=C54-1
Added Pin To Net: NetName=5V Pin=C54-2
Added Pin To Net: NetName=5V Pin=C55-1
Added Pin To Net: NetName=GND Pin=C55-2
Added Pin To Net: NetName=GND Pin=C56-1
Added Pin To Net: NetName=5V Pin=C56-2
Added Pin To Net: NetName=5V Pin=C57-1
Added Pin To Net: NetName=GND Pin=C57-2
Added Pin To Net: NetName=GND Pin=C58-1
Added Pin To Net: NetName=5V Pin=C58-2
Added Pin To Net: NetName=GND Pin=C59-1
Added Pin To Net: NetName=NetC59_2 Pin=C59-2
Added Pin To Net: NetName=GND Pin=C60-1
Added Pin To Net: NetName=NetC60_2 Pin=C60-2
Added Pin To Net: NetName=GND Pin=C61-1
Added Pin To Net: NetName=NetC61_2 Pin=C61-2
Added Pin To Net: NetName=5V Pin=C62-1
Added Pin To Net: NetName=GND Pin=C62-2
Added Pin To Net: NetName=GND Pin=C63-1
Added Pin To Net: NetName=5V Pin=C63-2
Added Pin To Net: NetName=5V Pin=C64-1
Added Pin To Net: NetName=GND Pin=C64-2
Added Pin To Net: NetName=GND Pin=C65-1
Added Pin To Net: NetName=5V Pin=C65-2
Added Pin To Net: NetName=5V Pin=C66-1
Added Pin To Net: NetName=GND Pin=C66-2
Added Pin To Net: NetName=GND Pin=C67-1
Added Pin To Net: NetName=5V Pin=C67-2
Added Pin To Net: NetName=GND Pin=C68-1
Added Pin To Net: NetName=NetC68_2 Pin=C68-2
Added Pin To Net: NetName=GND Pin=C69-1
Added Pin To Net: NetName=NetC69_2 Pin=C69-2
Added Pin To Net: NetName=GND Pin=C70-1
Added Pin To Net: NetName=NetC70_2 Pin=C70-2
Added Pin To Net: NetName=3V3_A Pin=C72-1
Added Pin To Net: NetName=GND Pin=C72-2
Added Pin To Net: NetName=3V3_D Pin=C73-1
Added Pin To Net: NetName=GND Pin=C73-2
Added Pin To Net: NetName=GND Pin=C74-1
Added Pin To Net: NetName=3V3_A Pin=C74-2
Added Pin To Net: NetName=GND Pin=C75-1
Added Pin To Net: NetName=3V3_D Pin=C75-2
Added Pin To Net: NetName=GND Pin=C94-1
Added Pin To Net: NetName=NetC94_2 Pin=C94-2
Added Pin To Net: NetName=GND Pin=C95-1
Added Pin To Net: NetName=NetC95_2 Pin=C95-2
Added Pin To Net: NetName=NetC96_1 Pin=C96-1
Added Pin To Net: NetName=GND Pin=C96-2
Added Pin To Net: NetName=3V3_A Pin=ETH1-9
Added Pin To Net: NetName=3V3_A Pin=ETH1-12
Added Pin To Net: NetName=24V_PWR Pin=R5-1
Added Pin To Net: NetName=12V_Ref Pin=R5-2
Added Pin To Net: NetName=24V_PWR Pin=R6-1
Added Pin To Net: NetName=NetR6_2 Pin=R6-2
Added Pin To Net: NetName=NetR8_1 Pin=R8-1
Added Pin To Net: NetName=GND Pin=R8-2
Added Pin To Net: NetName=NetR10_1 Pin=R10-1
Added Pin To Net: NetName=GND Pin=R10-2
Added Pin To Net: NetName=TX_En Pin=R19-1
Added Pin To Net: NetName=GND Pin=R19-2
Added Pin To Net: NetName=NetR71_1 Pin=R71-1
Added Pin To Net: NetName=24V_PWR Pin=R71-2
Added Pin To Net: NetName=NetR72_1 Pin=R72-1
Added Pin To Net: NetName=24V_PWR Pin=R72-2
Added Pin To Net: NetName=NetR73_1 Pin=R73-1
Added Pin To Net: NetName=24V_PWR Pin=R73-2
Added Pin To Net: NetName=NetR74_1 Pin=R74-1
Added Pin To Net: NetName=24V_PWR Pin=R74-2
Added Pin To Net: NetName=NetR71_1 Pin=R75-1
Added Pin To Net: NetName=Enc_0 Pin=R75-2
Added Pin To Net: NetName=NetR72_1 Pin=R76-1
Added Pin To Net: NetName=Enc_1 Pin=R76-2
Added Pin To Net: NetName=NetR73_1 Pin=R77-1
Added Pin To Net: NetName=Enc_2 Pin=R77-2
Added Pin To Net: NetName=NetR74_1 Pin=R78-1
Added Pin To Net: NetName=Enc_3 Pin=R78-2
Added Pin To Net: NetName=NetR79_1 Pin=R79-1
Added Pin To Net: NetName=24V_PWR Pin=R79-2
Added Pin To Net: NetName=NetR80_1 Pin=R80-1
Added Pin To Net: NetName=24V_PWR Pin=R80-2
Added Pin To Net: NetName=NetR81_1 Pin=R81-1
Added Pin To Net: NetName=24V_PWR Pin=R81-2
Added Pin To Net: NetName=NetR82_1 Pin=R82-1
Added Pin To Net: NetName=24V_PWR Pin=R82-2
Added Pin To Net: NetName=NetR79_1 Pin=R83-1
Added Pin To Net: NetName=Enc_4 Pin=R83-2
Added Pin To Net: NetName=NetR80_1 Pin=R84-1
Added Pin To Net: NetName=Enc_5 Pin=R84-2
Added Pin To Net: NetName=NetR81_1 Pin=R85-1
Added Pin To Net: NetName=Enc_6 Pin=R85-2
Added Pin To Net: NetName=NetR82_1 Pin=R86-1
Added Pin To Net: NetName=Enc_7 Pin=R86-2
Added Pin To Net: NetName=NetR87_1 Pin=R87-1
Added Pin To Net: NetName=24V_PWR Pin=R87-2
Added Pin To Net: NetName=NetR88_1 Pin=R88-1
Added Pin To Net: NetName=24V_PWR Pin=R88-2
Added Pin To Net: NetName=NetR87_1 Pin=R89-1
Added Pin To Net: NetName=Enc_8 Pin=R89-2
Added Pin To Net: NetName=NetR88_1 Pin=R90-1
Added Pin To Net: NetName=Enc_9 Pin=R90-2
Added Pin To Net: NetName=NetC51_2 Pin=R93-1
Added Pin To Net: NetName=Ain_2 Pin=R93-2
Added Pin To Net: NetName=NetC52_2 Pin=R94-1
Added Pin To Net: NetName=Ain_3 Pin=R94-2
Added Pin To Net: NetName=GND Pin=R96-1
Added Pin To Net: NetName=Ain_2 Pin=R96-2
Added Pin To Net: NetName=GND Pin=R97-1
Added Pin To Net: NetName=Ain_3 Pin=R97-2
Added Pin To Net: NetName=NetC59_2 Pin=R98-1
Added Pin To Net: NetName=Bin_1 Pin=R98-2
Added Pin To Net: NetName=NetC60_2 Pin=R99-1
Added Pin To Net: NetName=Bin_2 Pin=R99-2
Added Pin To Net: NetName=NetC61_2 Pin=R100-1
Added Pin To Net: NetName=Bin_3 Pin=R100-2
Added Pin To Net: NetName=GND Pin=R101-1
Added Pin To Net: NetName=Bin_1 Pin=R101-2
Added Pin To Net: NetName=GND Pin=R102-1
Added Pin To Net: NetName=Bin_2 Pin=R102-2
Added Pin To Net: NetName=GND Pin=R103-1
Added Pin To Net: NetName=Bin_3 Pin=R103-2
Added Pin To Net: NetName=NetC68_2 Pin=R104-1
Added Pin To Net: NetName=Cin_1 Pin=R104-2
Added Pin To Net: NetName=NetC69_2 Pin=R105-1
Added Pin To Net: NetName=Cin_2 Pin=R105-2
Added Pin To Net: NetName=NetC70_2 Pin=R106-1
Added Pin To Net: NetName=Cin_3 Pin=R106-2
Added Pin To Net: NetName=GND Pin=R107-1
Added Pin To Net: NetName=Cin_1 Pin=R107-2
Added Pin To Net: NetName=GND Pin=R108-1
Added Pin To Net: NetName=Cin_2 Pin=R108-2
Added Pin To Net: NetName=GND Pin=R109-1
Added Pin To Net: NetName=Cin_3 Pin=R109-2
Added Pin To Net: NetName=ETH_IRQ Pin=R126-1
Added Pin To Net: NetName=3V3_D Pin=R126-2
Added Pin To Net: NetName=ETH_CS Pin=R127-1
Added Pin To Net: NetName=3V3_D Pin=R127-2
Added Pin To Net: NetName=FRAM_CS Pin=R134-1
Added Pin To Net: NetName=5V Pin=R134-2
Added Pin To Net: NetName=FRAM_WP Pin=R135-1
Added Pin To Net: NetName=5V Pin=R135-2
Added Pin To Net: NetName=FRAM_HOLD Pin=R136-1
Added Pin To Net: NetName=5V Pin=R136-2
Added Pin To Net: NetName=SCL Pin=R152-1
Added Pin To Net: NetName=5V Pin=R152-2
Added Pin To Net: NetName=SDA Pin=R153-1
Added Pin To Net: NetName=5V Pin=R153-2
Added Pin To Net: NetName=BIT_0 Pin=U11-1
Added Pin To Net: NetName=NetR71_1 Pin=U11-2
Added Pin To Net: NetName=12V_Ref Pin=U11-3
Added Pin To Net: NetName=NetR72_1 Pin=U11-4
Added Pin To Net: NetName=12V_Ref Pin=U11-5
Added Pin To Net: NetName=BIT_1 Pin=U11-6
Added Pin To Net: NetName=24V_PWR Pin=U11-7
Added Pin To Net: NetName=GND Pin=U11-8
Added Pin To Net: NetName=BIT_2 Pin=U12-1
Added Pin To Net: NetName=NetR73_1 Pin=U12-2
Added Pin To Net: NetName=12V_Ref Pin=U12-3
Added Pin To Net: NetName=NetR74_1 Pin=U12-4
Added Pin To Net: NetName=12V_Ref Pin=U12-5
Added Pin To Net: NetName=BIT_3 Pin=U12-6
Added Pin To Net: NetName=24V_PWR Pin=U12-7
Added Pin To Net: NetName=GND Pin=U12-8
Added Pin To Net: NetName=BIT_4 Pin=U13-1
Added Pin To Net: NetName=NetR79_1 Pin=U13-2
Added Pin To Net: NetName=12V_Ref Pin=U13-3
Added Pin To Net: NetName=NetR80_1 Pin=U13-4
Added Pin To Net: NetName=12V_Ref Pin=U13-5
Added Pin To Net: NetName=BIT_5 Pin=U13-6
Added Pin To Net: NetName=24V_PWR Pin=U13-7
Added Pin To Net: NetName=GND Pin=U13-8
Added Pin To Net: NetName=BIT_6 Pin=U14-1
Added Pin To Net: NetName=NetR81_1 Pin=U14-2
Added Pin To Net: NetName=12V_Ref Pin=U14-3
Added Pin To Net: NetName=NetR82_1 Pin=U14-4
Added Pin To Net: NetName=12V_Ref Pin=U14-5
Added Pin To Net: NetName=BIT_7 Pin=U14-6
Added Pin To Net: NetName=24V_PWR Pin=U14-7
Added Pin To Net: NetName=GND Pin=U14-8
Added Pin To Net: NetName=BIT_8 Pin=U15-1
Added Pin To Net: NetName=NetR87_1 Pin=U15-2
Added Pin To Net: NetName=12V_Ref Pin=U15-3
Added Pin To Net: NetName=NetR88_1 Pin=U15-4
Added Pin To Net: NetName=12V_Ref Pin=U15-5
Added Pin To Net: NetName=BIT_9 Pin=U15-6
Added Pin To Net: NetName=24V_PWR Pin=U15-7
Added Pin To Net: NetName=GND Pin=U15-8
Added Pin To Net: NetName=5V Pin=U17-1
Added Pin To Net: NetName=GND Pin=U17-2
Added Pin To Net: NetName=NetC51_2 Pin=U17-3
Added Pin To Net: NetName=ADC_CLK Pin=U17-4
Added Pin To Net: NetName=ADC_A2 Pin=U17-5
Added Pin To Net: NetName=ADC_CS Pin=U17-6
Added Pin To Net: NetName=5V Pin=U18-1
Added Pin To Net: NetName=GND Pin=U18-2
Added Pin To Net: NetName=NetC52_2 Pin=U18-3
Added Pin To Net: NetName=ADC_CLK Pin=U18-4
Added Pin To Net: NetName=ADC_A3 Pin=U18-5
Added Pin To Net: NetName=ADC_CS Pin=U18-6
Added Pin To Net: NetName=5V Pin=U19-1
Added Pin To Net: NetName=GND Pin=U19-2
Added Pin To Net: NetName=NetC59_2 Pin=U19-3
Added Pin To Net: NetName=ADC_CLK Pin=U19-4
Added Pin To Net: NetName=ADC_A4 Pin=U19-5
Added Pin To Net: NetName=ADC_CS Pin=U19-6
Added Pin To Net: NetName=5V Pin=U20-1
Added Pin To Net: NetName=GND Pin=U20-2
Added Pin To Net: NetName=NetC60_2 Pin=U20-3
Added Pin To Net: NetName=ADC_CLK Pin=U20-4
Added Pin To Net: NetName=ADC_A5 Pin=U20-5
Added Pin To Net: NetName=ADC_CS Pin=U20-6
Added Pin To Net: NetName=5V Pin=U21-1
Added Pin To Net: NetName=GND Pin=U21-2
Added Pin To Net: NetName=NetC61_2 Pin=U21-3
Added Pin To Net: NetName=ADC_CLK Pin=U21-4
Added Pin To Net: NetName=ADC_A6 Pin=U21-5
Added Pin To Net: NetName=ADC_CS Pin=U21-6
Added Pin To Net: NetName=5V Pin=U22-1
Added Pin To Net: NetName=GND Pin=U22-2
Added Pin To Net: NetName=NetC68_2 Pin=U22-3
Added Pin To Net: NetName=ADC_CLK Pin=U22-4
Added Pin To Net: NetName=ADC_A7 Pin=U22-5
Added Pin To Net: NetName=ADC_CS Pin=U22-6
Added Pin To Net: NetName=5V Pin=U23-1
Added Pin To Net: NetName=GND Pin=U23-2
Added Pin To Net: NetName=NetC69_2 Pin=U23-3
Added Pin To Net: NetName=ADC_CLK Pin=U23-4
Added Pin To Net: NetName=ADC_A8 Pin=U23-5
Added Pin To Net: NetName=ADC_CS Pin=U23-6
Added Pin To Net: NetName=5V Pin=U24-1
Added Pin To Net: NetName=GND Pin=U24-2
Added Pin To Net: NetName=NetC70_2 Pin=U24-3
Added Pin To Net: NetName=ADC_CLK Pin=U24-4
Added Pin To Net: NetName=ADC_A9 Pin=U24-5
Added Pin To Net: NetName=ADC_CS Pin=U24-6
Added Pin To Net: NetName=FRAM_CS Pin=U27-1
Added Pin To Net: NetName=MISO Pin=U27-2
Added Pin To Net: NetName=FRAM_WP Pin=U27-3
Added Pin To Net: NetName=GND Pin=U27-4
Added Pin To Net: NetName=MOSI Pin=U27-5
Added Pin To Net: NetName=SCK Pin=U27-6
Added Pin To Net: NetName=FRAM_HOLD Pin=U27-7
Added Pin To Net: NetName=5V Pin=U27-8
Added Pin To Net: NetName=NetC94_2 Pin=U30-1
Added Pin To Net: NetName=NetC95_2 Pin=U30-2
Added Pin To Net: NetName=RTC_IRQ Pin=U30-3
Added Pin To Net: NetName=GND Pin=U30-4
Added Pin To Net: NetName=SDA Pin=U30-5
Added Pin To Net: NetName=SCL Pin=U30-6
Added Pin To Net: NetName=NetU30_7 Pin=U30-7
Added Pin To Net: NetName=5V Pin=U30-8
Added Pin To Net: NetName=NetC94_2 Pin=XTL3-1
Added Pin To Net: NetName=NetC95_2 Pin=XTL3-3
Added Pin To Net: NetName=NetC51_2 Pin=ZD2-1
Added Pin To Net: NetName=GND Pin=ZD2-2
Added Pin To Net: NetName=NetC52_2 Pin=ZD3-1
Added Pin To Net: NetName=GND Pin=ZD3-2
Added Pin To Net: NetName=NetC59_2 Pin=ZD4-1
Added Pin To Net: NetName=GND Pin=ZD4-2
Added Pin To Net: NetName=NetC60_2 Pin=ZD5-1
Added Pin To Net: NetName=GND Pin=ZD5-2
Added Pin To Net: NetName=NetC61_2 Pin=ZD6-1
Added Pin To Net: NetName=GND Pin=ZD6-2
Added Pin To Net: NetName=NetC68_2 Pin=ZD7-1
Added Pin To Net: NetName=GND Pin=ZD7-2
Added Pin To Net: NetName=NetC69_2 Pin=ZD8-1
Added Pin To Net: NetName=GND Pin=ZD8-2
Added Pin To Net: NetName=NetC70_2 Pin=ZD9-1
Added Pin To Net: NetName=GND Pin=ZD9-2
