Added Pin To Net: NetName=5V Pin=C15-1
Added Pin To Net: NetName=GND Pin=C15-2
Added Pin To Net: NetName=GND Pin=C16-1
Added Pin To Net: NetName=5V Pin=C16-2
Added Pin To Net: NetName=GND Pin=C24-1
Added Pin To Net: NetName=5V Pin=C24-2
Added Pin To Net: NetName=5V Pin=C26-1
Added Pin To Net: NetName=GND Pin=C26-2
Added Pin To Net: NetName=NetC28_1 Pin=C28-1
Added Pin To Net: NetName=NetC28_2 Pin=C28-2
Added Pin To Net: NetName=NetC30_1 Pin=C30-1
Added Pin To Net: NetName=NetC30_2 Pin=C30-2
Added Pin To Net: NetName=5V Pin=C31-1
Added Pin To Net: NetName=GND Pin=C31-2
Added Pin To Net: NetName=GND Pin=C32-1
Added Pin To Net: NetName=5V Pin=C32-2
Added Pin To Net: NetName=NetC39_1 Pin=C39-1
Added Pin To Net: NetName=NetC39_2 Pin=C39-2
Added Pin To Net: NetName=NetQ2_1 Pin=Q2-1
Added Pin To Net: NetName=GND Pin=Q2-2
Added Pin To Net: NetName=NetC30_1 Pin=Q2-3
Added Pin To Net: NetName=NetQ3_1 Pin=Q3-1
Added Pin To Net: NetName=GND Pin=Q3-2
Added Pin To Net: NetName=NetC40_1 Pin=Q3-3
Added Pin To Net: NetName=NetC30_2 Pin=R23-1
Added Pin To Net: NetName=NetC28_1 Pin=R23-2
Added Pin To Net: NetName=NetC28_1 Pin=R25-1
Added Pin To Net: NetName=NetC28_2 Pin=R25-2
Added Pin To Net: NetName=GND Pin=R27-1
Added Pin To Net: NetName=NetC30_1 Pin=R27-2
Added Pin To Net: NetName=ADC_CT2_GAIN Pin=R29-1
Added Pin To Net: NetName=NetQ2_1 Pin=R29-2
Added Pin To Net: NetName=GND Pin=R31-1
Added Pin To Net: NetName=NetQ2_1 Pin=R31-2
Added Pin To Net: NetName=NetCT3_1 Pin=R32-1
Added Pin To Net: NetName=2V5 Pin=R32-2
Added Pin To Net: NetName=NetCT3_1 Pin=R33-1
Added Pin To Net: NetName=2V5 Pin=R33-2
Added Pin To Net: NetName=NetC40_2 Pin=R35-1
Added Pin To Net: NetName=NetC39_1 Pin=R35-2
Added Pin To Net: NetName=NetC39_1 Pin=R37-1
Added Pin To Net: NetName=NetC39_2 Pin=R37-2
Added Pin To Net: NetName=GND Pin=R38-1
Added Pin To Net: NetName=NetC40_1 Pin=R38-2
Added Pin To Net: NetName=ADC_CT3_GAIN Pin=R39-1
Added Pin To Net: NetName=NetQ3_1 Pin=R39-2
Added Pin To Net: NetName=GND Pin=R40-1
Added Pin To Net: NetName=NetQ3_1 Pin=R40-2
Added Pin To Net: NetName=NetCT3_1 Pin=TVS7-1
Added Pin To Net: NetName=2V5 Pin=TVS7-2
Added Pin To Net: NetName=5V Pin=U5-1
Added Pin To Net: NetName=GND Pin=U5-2
Added Pin To Net: NetName=NetC28_2 Pin=U5-3
Added Pin To Net: NetName=ADC_CLK Pin=U5-4
Added Pin To Net: NetName=ADC_CT2 Pin=U5-5
Added Pin To Net: NetName=ADC_CS Pin=U5-6
Added Pin To Net: NetName=NetC28_2 Pin=U7-1
Added Pin To Net: NetName=GND Pin=U7-2
Added Pin To Net: NetName=NetC28_1 Pin=U7-4
Added Pin To Net: NetName=5V Pin=U7-5
Added Pin To Net: NetName=5V Pin=U9-1
Added Pin To Net: NetName=GND Pin=U9-2
Added Pin To Net: NetName=NetC39_2 Pin=U9-3
Added Pin To Net: NetName=ADC_CLK Pin=U9-4
Added Pin To Net: NetName=ADC_CT3 Pin=U9-5
Added Pin To Net: NetName=ADC_CS Pin=U9-6
Added Pin To Net: NetName=NetC39_2 Pin=U10-1
Added Pin To Net: NetName=GND Pin=U10-2
Added Pin To Net: NetName=NetCT3_1 Pin=U10-3
Added Pin To Net: NetName=NetC39_1 Pin=U10-4
Added Pin To Net: NetName=5V Pin=U10-5
