Added Component: Designator=C34(0603)
Add component. Clean all parameters for all variants
Added Component: Designator=C48(0603)
Add component. Clean all parameters for all variants
Added Component: Designator=C49(0603)
Add component. Clean all parameters for all variants
Added Component: Designator=C72(0603)
Add component. Clean all parameters for all variants
Added Component: Designator=C73(0603)
Add component. Clean all parameters for all variants
Added Component: Designator=C74(1206)
Add component. Clean all parameters for all variants
Added Component: Designator=C75(1206)
Add component. Clean all parameters for all variants
Added Component: Designator=R19(0603)
Add component. Clean all parameters for all variants
Added Component: Designator=R126(0603)
Add component. Clean all parameters for all variants
Added Component: Designator=R127(0603)
Add component. Clean all parameters for all variants
Added Pin To Net: NetName=GND Pin=C34-1
Added Pin To Net: NetName=NetC34_2 Pin=C34-2
Added Pin To Net: NetName=GND Pin=C48-1
Added Pin To Net: NetName=5V Pin=C48-2
Added Pin To Net: NetName=GND Pin=C49-1
Added Pin To Net: NetName=5V Pin=C49-2
Added Pin To Net: NetName=3V3_A Pin=C72-1
Added Pin To Net: NetName=GND Pin=C72-2
Added Pin To Net: NetName=3V3_D Pin=C73-1
Added Pin To Net: NetName=GND Pin=C73-2
Added Pin To Net: NetName=GND Pin=C74-1
Added Pin To Net: NetName=3V3_A Pin=C74-2
Added Pin To Net: NetName=GND Pin=C75-1
Added Pin To Net: NetName=3V3_D Pin=C75-2
Added Pin To Net: NetName=TX_En Pin=R19-1
Added Pin To Net: NetName=GND Pin=R19-2
Added Pin To Net: NetName=ETH_IRQ Pin=R126-1
Added Pin To Net: NetName=3V3_D Pin=R126-2
Added Pin To Net: NetName=ETH_CS Pin=R127-1
Added Pin To Net: NetName=3V3_D Pin=R127-2
