Added Pin To Net: NetName=GND Pin=PL1M-1
Added Pin To Net: NetName=ADC_CT2 Pin=PL1M-2
Added Pin To Net: NetName=ADC_CT2_GAIN Pin=PL1M-3
Added Pin To Net: NetName=ADC_CT3 Pin=PL1M-4
Added Pin To Net: NetName=ADC_CT3_GAIN Pin=PL1M-5
Added Pin To Net: NetName=GND Pin=PL1S-1
Added Pin To Net: NetName=ADC_CT2 Pin=PL1S-2
Added Pin To Net: NetName=ADC_CT2_GAIN Pin=PL1S-3
Added Pin To Net: NetName=ADC_CT3 Pin=PL1S-4
Added Pin To Net: NetName=ADC_CT3_GAIN Pin=PL1S-5
Added Pin To Net: NetName=ADC_CT1 Pin=PL2M-1
Added Pin To Net: NetName=ADC_CT1_GAIN Pin=PL2M-2
Added Pin To Net: NetName=ADC_CS Pin=PL2M-3
Added Pin To Net: NetName=ADC_CLK Pin=PL2M-4
Added Pin To Net: NetName=5V Pin=PL2M-5
Added Pin To Net: NetName=ADC_CT1 Pin=PL2S-1
Added Pin To Net: NetName=ADC_CT1_GAIN Pin=PL2S-2
Added Pin To Net: NetName=ADC_CS Pin=PL2S-3
Added Pin To Net: NetName=ADC_CLK Pin=PL2S-4
Added Pin To Net: NetName=5V Pin=PL2S-5
