Added Component: Designator=C94(CAP CER 0603 NP)
Add component. Clean all parameters for all variants
Added Component: Designator=C95(CAP CER 0603 NP)
Add component. Clean all parameters for all variants
Added Component: Designator=R152(RES 0603)
Add component. Clean all parameters for all variants
Added Component: Designator=R153(RES 0603)
Add component. Clean all parameters for all variants
Added Component: Designator=U30(SOIC-8)
Add component. Clean all parameters for all variants
Added Pin To Net: NetName=GND Pin=C94-1
Added Pin To Net: NetName=NetC94_2 Pin=C94-2
Added Pin To Net: NetName=GND Pin=C95-1
Added Pin To Net: NetName=NetC95_2 Pin=C95-2
Added Pin To Net: NetName=SCL Pin=R152-1
Added Pin To Net: NetName=5V Pin=R152-2
Added Pin To Net: NetName=SDA Pin=R153-1
Added Pin To Net: NetName=5V Pin=R153-2
Added Pin To Net: NetName=NetC94_2 Pin=U30-1
Added Pin To Net: NetName=NetC95_2 Pin=U30-2
Added Pin To Net: NetName=RTC_IRQ Pin=U30-3
Added Pin To Net: NetName=GND Pin=U30-4
Added Pin To Net: NetName=SDA Pin=U30-5
Added Pin To Net: NetName=SCL Pin=U30-6
Added Pin To Net: NetName=NetU30_7 Pin=U30-7
Added Pin To Net: NetName=5V Pin=U30-8
