Added Pin To Net: NetName=5V Pin=C31-1
Added Pin To Net: NetName=GND Pin=C31-2
Added Pin To Net: NetName=GND Pin=C32-1
Added Pin To Net: NetName=5V Pin=C32-2
Added Pin To Net: NetName=GND Pin=C33-1
Added Pin To Net: NetName=5V Pin=C33-2
Added Pin To Net: NetName=5V Pin=C38-1
Added Pin To Net: NetName=GND Pin=C38-2
Added Pin To Net: NetName=NetC39_1 Pin=C39-1
Added Pin To Net: NetName=NetC39_2 Pin=C39-2
Added Pin To Net: NetName=NetC40_1 Pin=C40-1
Added Pin To Net: NetName=NetC40_2 Pin=C40-2
Added Pin To Net: NetName=NetQ3_1 Pin=Q3-1
Added Pin To Net: NetName=GND Pin=Q3-2
Added Pin To Net: NetName=NetC40_1 Pin=Q3-3
Added Pin To Net: NetName=NetC40_2 Pin=R35-1
Added Pin To Net: NetName=NetC39_1 Pin=R35-2
Added Pin To Net: NetName=NetC39_1 Pin=R37-1
Added Pin To Net: NetName=NetC39_2 Pin=R37-2
Added Pin To Net: NetName=GND Pin=R38-1
Added Pin To Net: NetName=NetC40_1 Pin=R38-2
Added Pin To Net: NetName=ADC_CT3_GAIN Pin=R39-1
Added Pin To Net: NetName=NetQ3_1 Pin=R39-2
Added Pin To Net: NetName=GND Pin=R40-1
Added Pin To Net: NetName=NetQ3_1 Pin=R40-2
Added Pin To Net: NetName=5V Pin=U9-1
Added Pin To Net: NetName=GND Pin=U9-2
Added Pin To Net: NetName=NetC39_2 Pin=U9-3
Added Pin To Net: NetName=ADC_CLK Pin=U9-4
Added Pin To Net: NetName=ADC_CT3 Pin=U9-5
Added Pin To Net: NetName=ADC_CS Pin=U9-6
Added Pin To Net: NetName=NetC39_2 Pin=U10-1
Added Pin To Net: NetName=GND Pin=U10-2
Added Pin To Net: NetName=NetC39_1 Pin=U10-4
Added Pin To Net: NetName=5V Pin=U10-5
