Added Component: Designator=XTL2(KX-7 XTAL)
Add component. Clean all parameters for all variants
Added Pin To Net: NetName=RSTn_Eth1 Pin=C76-1
Added Pin To Net: NetName=GND Pin=C76-2
Added Pin To Net: NetName=GND Pin=C79-1
Added Pin To Net: NetName=NetC79_2 Pin=C79-2
Added Pin To Net: NetName=GND Pin=C82-1
Added Pin To Net: NetName=NetC82_2 Pin=C82-2
Added Pin To Net: NetName=3V3_D Pin=C83-1
Added Pin To Net: NetName=GND Pin=C83-2
Added Pin To Net: NetName=GND Pin=C84-1
Added Pin To Net: NetName=3V3_D Pin=C84-2
Added Pin To Net: NetName=NetC85_1 Pin=C85-1
Added Pin To Net: NetName=GND Pin=C85-2
Added Pin To Net: NetName=NetC86_1 Pin=C86-1
Added Pin To Net: NetName=GND Pin=C86-2
Added Pin To Net: NetName=RSTn_Eth1 Pin=R113-1
Added Pin To Net: NetName=3V3_D Pin=R113-2
Added Pin To Net: NetName=NetR114_1 Pin=R114-1
Added Pin To Net: NetName=3V3_D Pin=R114-2
Added Pin To Net: NetName=NetR115_1 Pin=R115-1
Added Pin To Net: NetName=3V3_D Pin=R115-2
Added Pin To Net: NetName=NetR116_1 Pin=R116-1
Added Pin To Net: NetName=3V3_D Pin=R116-2
Added Pin To Net: NetName=NetR119_1 Pin=R119-1
Added Pin To Net: NetName=GND Pin=R119-2
Added Pin To Net: NetName=NetR120_1 Pin=R120-1
Added Pin To Net: NetName=GND Pin=R120-2
Added Pin To Net: NetName=NetR121_1 Pin=R121-1
Added Pin To Net: NetName=GND Pin=R121-2
Added Pin To Net: NetName=NetR122_1 Pin=R122-1
Added Pin To Net: NetName=GND Pin=R122-2
Added Pin To Net: NetName=NetR123_1 Pin=R123-1
Added Pin To Net: NetName=GND Pin=R123-2
Added Pin To Net: NetName=NetR132_1 Pin=R132-1
Added Pin To Net: NetName=NetR132_2 Pin=R132-2
Added Pin To Net: NetName=GND Pin=R133-1
Added Pin To Net: NetName=NetR132_1 Pin=R133-2
Added Pin To Net: NetName=NetC82_2 Pin=XTL2-1
Added Pin To Net: NetName=GND Pin=XTL2-2
Added Pin To Net: NetName=GND Pin=XTL2-2
Added Pin To Net: NetName=NetC79_2 Pin=XTL2-3
