Removed Pin From Net: NetName=GND Pin=C7-2
Removed Pin From Net: NetName=GND Pin=C15-1
Removed Pin From Net: NetName=GND Pin=C25-1
Removed Pin From Net: NetName=GND Pin=C26-1
Removed Pin From Net: NetName=GND Pin=C27-1
Removed Pin From Net: NetName=GND Pin=C28-1
Removed Pin From Net: NetName=GND Pin=C29-1
Removed Pin From Net: NetName=GND Pin=C30-1
Removed Pin From Net: NetName=GND Pin=C31-1
Removed Pin From Net: NetName=GND Pin=C38-1
Removed Pin From Net: NetName=GND Pin=C39-1
Removed Pin From Net: NetName=GND Pin=C40-1
Removed Pin From Net: NetName=GND Pin=C41-1
Removed Pin From Net: NetName=GND Pin=C43-1
Removed Pin From Net: NetName=GND Pin=C45-1
Removed Pin From Net: NetName=+5V Noise Pin=C45-2
Removed Pin From Net: NetName=+5V Noise Pin=C47-2
Removed Pin From Net: NetName=GND Pin=D10-1
Removed Pin From Net: NetName=GND Pin=D11-1
Removed Pin From Net: NetName=GND Pin=D12-1
Removed Pin From Net: NetName=GND Pin=D13-1
Removed Pin From Net: NetName=NetC27_2 Pin=D13-2
Removed Pin From Net: NetName=GND Pin=D14-1
Removed Pin From Net: NetName=NetC28_2 Pin=D14-2
Removed Pin From Net: NetName=GND Pin=D15-1
Removed Pin From Net: NetName=NetC29_2 Pin=D15-2
Removed Pin From Net: NetName=GND Pin=D16-1
Removed Pin From Net: NetName=NetC30_2 Pin=D16-2
Removed Pin From Net: NetName=GND Pin=D17-1
Removed Pin From Net: NetName=GND Pin=D18-1
Removed Pin From Net: NetName=GND Pin=D19-1
Removed Pin From Net: NetName=GND Pin=D20-1
Removed Pin From Net: NetName=GND Pin=D21-1
Removed Pin From Net: NetName=NetC39_2 Pin=D21-2
Removed Pin From Net: NetName=GND Pin=D22-1
Removed Pin From Net: NetName=NetC40_2 Pin=D22-2
Removed Pin From Net: NetName=GND Pin=D24-1
Removed Pin From Net: NetName=GND Pin=D26-1
Removed Pin From Net: NetName=GND Pin=D28-1
Removed Pin From Net: NetName=A1 Pin=Dip1-12
Removed Pin From Net: NetName=A2 Pin=Dip1-13
Removed Pin From Net: NetName=A3 Pin=Dip1-14
Removed Pin From Net: NetName=A4 Pin=Dip1-15
Removed Pin From Net: NetName=A5 Pin=Dip1-16
Removed Pin From Net: NetName=NetJ1_7 Pin=J1-7
Removed Pin From Net: NetName=GND Pin=J1-10
Removed Pin From Net: NetName=GND Pin=P1-2
Removed Pin From Net: NetName=NetC29_2 Pin=P1-3
Removed Pin From Net: NetName=NetC27_2 Pin=P1-5
Removed Pin From Net: NetName=NetC30_2 Pin=P1-8
Removed Pin From Net: NetName=NetC28_2 Pin=P1-9
Removed Pin From Net: NetName=NetC20_1 Pin=P2-3
Removed Pin From Net: NetName=+24V Pin=P3-4
Removed Pin From Net: NetName=GND Pin=P3-5
Removed Pin From Net: NetName=GND Pin=PL1-1
Removed Pin From Net: NetName=GND Pin=PL2-1
Removed Pin From Net: NetName=GND Pin=PL3-1
Removed Pin From Net: NetName=GND Pin=PL4-1
Removed Pin From Net: NetName=GND Pin=PL5-1
Removed Pin From Net: NetName=GND Pin=PL6-1
Removed Pin From Net: NetName=+5V Noise Pin=PL7-4
Removed Pin From Net: NetName=GND Pin=PL7-5
Removed Pin From Net: NetName=GND Pin=PL8-1
Removed Pin From Net: NetName=+5V Noise Pin=PL8-2
Removed Pin From Net: NetName=NetC39_2 Pin=PL9-2
Removed Pin From Net: NetName=NetC40_2 Pin=PL9-3
Removed Pin From Net: NetName=NetLED2_2 Pin=R8-1
Removed Pin From Net: NetName=NetJ1_7 Pin=R14-1
Removed Pin From Net: NetName=+5V Noise Pin=R14-2
Removed Pin From Net: NetName=+5V Noise Pin=R15-2
Removed Pin From Net: NetName=+5V Noise Pin=R17-2
Removed Pin From Net: NetName=GND Pin=R24-1
Removed Pin From Net: NetName=GND Pin=R33-1
Removed Pin From Net: NetName=GND Pin=R37-1
Removed Pin From Net: NetName=NetC27_2 Pin=R74-2
Removed Pin From Net: NetName=GND Pin=R75-1
Removed Pin From Net: NetName=GND Pin=R76-1
Removed Pin From Net: NetName=GND Pin=R77-1
Removed Pin From Net: NetName=GND Pin=R78-1
Removed Pin From Net: NetName=NetC27_2 Pin=R78-2
Removed Pin From Net: NetName=NetC28_2 Pin=R79-2
Removed Pin From Net: NetName=NetC29_2 Pin=R80-2
Removed Pin From Net: NetName=NetC30_2 Pin=R81-2
Removed Pin From Net: NetName=GND Pin=R82-1
Removed Pin From Net: NetName=NetC28_2 Pin=R82-2
Removed Pin From Net: NetName=GND Pin=R83-1
Removed Pin From Net: NetName=NetC29_2 Pin=R83-2
Removed Pin From Net: NetName=GND Pin=R84-1
Removed Pin From Net: NetName=NetC30_2 Pin=R84-2
Removed Pin From Net: NetName=GND Pin=R88-1
Removed Pin From Net: NetName=GND Pin=R89-1
Removed Pin From Net: NetName=GND Pin=R90-1
Removed Pin From Net: NetName=GND Pin=R93-1
Removed Pin From Net: NetName=NetC39_2 Pin=R94-2
Removed Pin From Net: NetName=NetC39_2 Pin=R95-2
Removed Pin From Net: NetName=NetC40_2 Pin=R96-2
Removed Pin From Net: NetName=NetC40_2 Pin=R97-2
Removed Pin From Net: NetName=A1 Pin=R98-1
Removed Pin From Net: NetName=GND Pin=R98-2
Removed Pin From Net: NetName=A2 Pin=R99-1
Removed Pin From Net: NetName=GND Pin=R99-2
Removed Pin From Net: NetName=A3 Pin=R100-1
Removed Pin From Net: NetName=GND Pin=R100-2
Removed Pin From Net: NetName=A4 Pin=R101-1
Removed Pin From Net: NetName=GND Pin=R101-2
Removed Pin From Net: NetName=A5 Pin=R102-1
Removed Pin From Net: NetName=GND Pin=R102-2
Removed Pin From Net: NetName=+5V Noise Pin=R103-2
Removed Pin From Net: NetName=GND Pin=SD1-6
Removed Pin From Net: NetName=+5V Noise Pin=SD1-SWA
Removed Pin From Net: NetName=NetR10_1 Pin=T2-1
Removed Pin From Net: NetName=GND Pin=T2-2
Removed Pin From Net: NetName=GND Pin=T5-2
Removed Pin From Net: NetName=GND Pin=T6-2
Removed Pin From Net: NetName=GND Pin=TVS5-1
Removed Pin From Net: NetName=GND Pin=TVS6-1
Removed Pin From Net: NetName=GND Pin=TVS7-1
Removed Pin From Net: NetName=GND Pin=U1-TP
Removed Pin From Net: NetName=GND Pin=U2-1
Removed Pin From Net: NetName=+6.5V Pin=U2-3
Removed Pin From Net: NetName=GND Pin=U3-1
Removed Pin From Net: NetName=+6.5V Pin=U3-3
Removed Pin From Net: NetName=GND Pin=U5-1
Removed Pin From Net: NetName=NetJ1_7 Pin=U5-2
Removed Pin From Net: NetName=GND Pin=U5-3
Removed Pin From Net: NetName=GND Pin=U6-1
Removed Pin From Net: NetName=GND Pin=U6-3
Removed Pin From Net: NetName=GND Pin=U7-1
Removed Pin From Net: NetName=GND Pin=U7-3
Removed Pin From Net: NetName=GND Pin=U10-4
Removed Pin From Net: NetName=GND Pin=U10-5
Removed Pin From Net: NetName=GND Pin=U11-4
Removed Pin From Net: NetName=GND Pin=U11-6
Removed Pin From Net: NetName=GND Pin=U12-2
Removed Pin From Net: NetName=NetJ1_7 Pin=U12-4
Removed Pin From Net: NetName=GND Pin=U13-4
Removed Pin From Net: NetName=GND Pin=U13-5
Removed Pin From Net: NetName=GND Pin=U14-4
Removed Pin From Net: NetName=GND Pin=U14-6
Removed Pin From Net: NetName=GND Pin=U15-2
Removed Pin From Net: NetName=NetJ1_7 Pin=U15-4
Removed Pin From Net: NetName=GND Pin=U17-4
Removed Pin From Net: NetName=GND Pin=U17-5
Removed Pin From Net: NetName=GND Pin=U18-4
Removed Pin From Net: NetName=GND Pin=U18-6
Removed Pin From Net: NetName=GND Pin=U21-1
Removed Pin From Net: NetName=GND Pin=U21-3
Removed Pin From Net: NetName=GND Pin=U21-4
Removed Pin From Net: NetName=GND Pin=U21-5
Removed Pin From Net: NetName=GND Pin=U21-8
Removed Pin From Net: NetName=NetC27_2 Pin=U21-11
Removed Pin From Net: NetName=GND Pin=U21-12
Removed Pin From Net: NetName=GND Pin=U21-13
Removed Pin From Net: NetName=NetC30_2 Pin=U21-14
Removed Pin From Net: NetName=+5V Noise Pin=U21-16
Removed Pin From Net: NetName=NetC29_2 Pin=U22-3
Removed Pin From Net: NetName=+5V Noise Pin=U22-4
Removed Pin From Net: NetName=GND Pin=U22-7
Removed Pin From Net: NetName=+5V Noise Pin=U22-14
Removed Pin From Net: NetName=GND Pin=U23-1
Removed Pin From Net: NetName=GND Pin=U23-3
Removed Pin From Net: NetName=GND Pin=U23-4
Removed Pin From Net: NetName=GND Pin=U23-8
Removed Pin From Net: NetName=NetC28_2 Pin=U23-11
Removed Pin From Net: NetName=GND Pin=U23-12
Removed Pin From Net: NetName=GND Pin=U23-13
Removed Pin From Net: NetName=+5V Noise Pin=U23-16
Removed Pin From Net: NetName=GND Pin=U24-1
Removed Pin From Net: NetName=GND Pin=U24-3
Removed Pin From Net: NetName=GND Pin=U24-4
Removed Pin From Net: NetName=GND Pin=U24-8
Removed Pin From Net: NetName=GND Pin=U24-12
Removed Pin From Net: NetName=GND Pin=U24-13
Removed Pin From Net: NetName=+5V Noise Pin=U24-16
Removed Pin From Net: NetName=NetJ1_7 Pin=U25-11
Removed Pin From Net: NetName=NetR19_1 Pin=U25-29
Removed Pin From Net: NetName=NetC29_2 Pin=U25-36
Removed Pin From Net: NetName=NetC27_2 Pin=U25-38
Removed Pin From Net: NetName=NetC30_2 Pin=U25-39
Removed Pin From Net: NetName=NetC28_2 Pin=U25-42
Removed Pin From Net: NetName=NetC39_2 Pin=U25-60
Removed Pin From Net: NetName=NetC40_2 Pin=U25-61
Removed Pin From Net: NetName=GND Pin=U26-1
Change Net Name : Old Net Name=+5V Noise New Net Name=5V
Change Net Name : Old Net Name=+6.5V New Net Name=6V5
Change Net Name : Old Net Name=NetC20_1 New Net Name=AI_COM
Change Net Name : Old Net Name=NetC35_2 New Net Name=RESET
Change Net Name : Old Net Name=NetC36_2 New Net Name=XTAL1
Change Net Name : Old Net Name=NetC37_2 New Net Name=XTAL2
Change Net Name : Old Net Name=NetJ1_7 New Net Name=ADC_CLK
Change Net Name : Old Net Name=NetR18_1 New Net Name=RX
Change Net Name : Old Net Name=NetR19_1 New Net Name=TX_En
Change Net Name : Old Net Name=NetR41_1 New Net Name=DI_01
Change Net Name : Old Net Name=NetR42_1 New Net Name=DI_04
Change Net Name : Old Net Name=NetR51_1 New Net Name=DI_02
Change Net Name : Old Net Name=NetR52_1 New Net Name=DI_05
Change Net Name : Old Net Name=NetR61_1 New Net Name=DI_03
Change Net Name : Old Net Name=NetR62_1 New Net Name=DI_06
Change Net Name : Old Net Name=NetU8_4 New Net Name=TX
