Added Pin To Net: NetName=NetC71_1 Pin=C71-1
Added Pin To Net: NetName=GND Pin=C71-2
Added Pin To Net: NetName=RX_P Pin=C77-1
Added Pin To Net: NetName=RXC_P Pin=C77-2
Added Pin To Net: NetName=RX_N Pin=C78-1
Added Pin To Net: NetName=RXC_N Pin=C78-2
Added Pin To Net: NetName=GND Pin=C80-1
Added Pin To Net: NetName=CGND Pin=C80-2
Added Pin To Net: NetName=NetC81_1 Pin=C81-1
Added Pin To Net: NetName=GND Pin=C81-2
Added Pin To Net: NetName=TX_N Pin=R110-1
Added Pin To Net: NetName=3V3_A Pin=R110-2
Added Pin To Net: NetName=TX_P Pin=R111-1
Added Pin To Net: NetName=3V3_A Pin=R111-2
Added Pin To Net: NetName=NetC71_1 Pin=R112-1
Added Pin To Net: NetName=3V3_A Pin=R112-2
Added Pin To Net: NetName=ACTLED Pin=R117-1
Added Pin To Net: NetName=NetETH1_10 Pin=R117-2
Added Pin To Net: NetName=LINKLED Pin=R118-1
Added Pin To Net: NetName=NetETH1_11 Pin=R118-2
Added Pin To Net: NetName=NetC81_1 Pin=R124-1
Added Pin To Net: NetName=RX_P Pin=R124-2
Added Pin To Net: NetName=NetC81_1 Pin=R125-1
Added Pin To Net: NetName=RX_N Pin=R125-2
