Change Component Comment : Designator=C72 Old Comment=0.1u New Comment=100n
Change Component Comment : Designator=C76 Old Comment=0.1u New Comment=100n
Change Component Comment : Designator=C83 Old Comment=0.1u New Comment=100n
Change Component Comment : Designator=TVS5 Old Comment=5V New Comment=TVS 5V
Change Component Comment : Designator=TVS6 Old Comment=5V New Comment=TVS 5V
Change Component Comment : Designator=TVS7 Old Comment=5V New Comment=TVS 5V
Change Component Comment : Designator=R112 Old Comment=10 New Comment=10R
Change Component Comment : Designator=R139 Old Comment=220 New Comment=220R
Change Component Comment : Designator=R117 Old Comment=240 New Comment=240R
Change Component Comment : Designator=R118 Old Comment=240 New Comment=240R
Change Component Comment : Designator=U2 Old Comment=ADC121 New Comment=SAR ADC
Change Component Comment : Designator=U5 Old Comment=ADC121 New Comment=SAR ADC
Change Component Comment : Designator=U9 Old Comment=ADC121 New Comment=SAR ADC
Change Component Comment : Designator=ETH1 Old Comment=ETH? New Comment=Ethernet RJ-45 Port
Change Component Comment : Designator=Q6 Old Comment=NPN New Comment=MOSFET-N
Change Component Comment : Designator=Q7 Old Comment=NPN New Comment=MOSFET-N
Change Component Comment : Designator=Q8 Old Comment=NPN New Comment=MOSFET-N
Change Component Comment : Designator=XTL3 Old Comment=Quartz Resonator New Comment=32.768 kHz
Change Component Comment : Designator=TVS1 Old Comment=TVS New Comment=TVS 30V
Change Component Description : Designator=Q6 Old Description=BSS138BK.215 New Description=IRLML2502TR
Change Component Description : Designator=Q7 Old Description=BSS138BK.215 New Description=IRLML2502TR
Change Component Description : Designator=Q8 Old Description=BSS138BK.215 New Description=IRLML2502TR
Change Component Description : Designator=C13 Old Description=CC0603KRX7R0BB104 New Description=CC0603KRX7R9BB104
Change Component Description : Designator=C16 Old Description=CC0603KRX7R0BB104 New Description=CC0603KRX7R9BB104
Change Component Description : Designator=C32 Old Description=CC0603KRX7R0BB104 New Description=CC0603KRX7R9BB104
Change Component Description : Designator=C42 Old Description=CC0603KRX7R0BB104 New Description=CC0603KRX7R9BB104
Change Component Description : Designator=C44 Old Description=CC0603KRX7R0BB104 New Description=CC0603KRX7R9BB104
Change Component Description : Designator=C46 Old Description=CC0603KRX7R0BB104 New Description=CC0603KRX7R9BB104
Change Component Description : Designator=C54 Old Description=CC0603KRX7R0BB104 New Description=CC0603KRX7R9BB104
Change Component Description : Designator=C56 Old Description=CC0603KRX7R0BB104 New Description=CC0603KRX7R9BB104
Change Component Description : Designator=C58 Old Description=CC0603KRX7R0BB104 New Description=CC0603KRX7R9BB104
Change Component Description : Designator=C63 Old Description=CC0603KRX7R0BB104 New Description=CC0603KRX7R9BB104
Change Component Description : Designator=C65 Old Description=CC0603KRX7R0BB104 New Description=CC0603KRX7R9BB104
Change Component Description : Designator=C67 Old Description=CC0603KRX7R0BB104 New Description=CC0603KRX7R9BB104
Change Component Description : Designator=C88 Old Description=CC0603KRX7R0BB104 New Description=CC0603KRX7R9BB104
Change Component Description : Designator=C90 Old Description=CC0603KRX7R0BB104 New Description=CC0603KRX7R9BB104
Change Component Description : Designator=R112 Old Description=CRCW060310R0FKEA New Description=RC0603FR-0710RL
Change Component Description : Designator=R117 Old Description=CRCW060310R0FKEA New Description=RC0603FR-07240RL
Change Component Description : Designator=R118 Old Description=CRCW060310R0FKEA New Description=RC0603FR-07240RL
Change Component Description : Designator=R95 Old Description=CRCW1210200RFKEA New Description=RC1210FR-07200RL
Change Component Description : Designator=R96 Old Description=CRCW1210200RFKEA New Description=RC1210FR-07200RL
Change Component Description : Designator=R97 Old Description=CRCW1210200RFKEA New Description=RC1210FR-07200RL
Change Component Description : Designator=R101 Old Description=CRCW1210200RFKEA New Description=RC1210FR-07200RL
Change Component Description : Designator=R102 Old Description=CRCW1210200RFKEA New Description=RC1210FR-07200RL
Change Component Description : Designator=R103 Old Description=CRCW1210200RFKEA New Description=RC1210FR-07200RL
Change Component Description : Designator=R107 Old Description=CRCW1210200RFKEA New Description=RC1210FR-07200RL
Change Component Description : Designator=R108 Old Description=CRCW1210200RFKEA New Description=RC1210FR-07200RL
Change Component Description : Designator=R109 Old Description=CRCW1210200RFKEA New Description=RC1210FR-07200RL
Change Component Description : Designator=XTL2 Old Description=Geyer KX-7 25.0 MHz New Description=12.88711
Change Component Description : Designator=C72 Old Description=GRM188R71E104KA01D New Description=CC0603KRX7R9BB104
Change Component Description : Designator=C76 Old Description=GRM188R71E104KA01D New Description=CC0603KRX7R9BB104
Change Component Description : Designator=C83 Old Description=GRM188R71E104KA01D New Description=CC0603KRX7R9BB104
Change Component Description : Designator=C79 Old Description=GRM1885C1H180JA01D New Description=CC0603JRNPO9BN180
Change Component Description : Designator=C82 Old Description=GRM1885C1H180JA01D New Description=CC0603JRNPO9BN180
Change Component Description : Designator=R144 Old Description=RC0603FR-071KL New Description=RC0603FR-0720KL
Change Component Description : Designator=R1 Old Description=RC0603FR-10100KL New Description=RC0603FR-07100KL
Change Component Description : Designator=R24 Old Description=RC0603FR-10100KL New Description=RC0603FR-07100KL
Change Component Description : Designator=R25 Old Description=RC0603FR-10100KL New Description=RC0603FR-07100KL
Change Component Description : Designator=R37 Old Description=RC0603FR-10100KL New Description=RC0603FR-07100KL
Change Component Description : Designator=R75 Old Description=RC0603JR-071KL New Description=RC0603FR-071KL
Change Component Description : Designator=R76 Old Description=RC0603JR-071KL New Description=RC0603FR-071KL
Change Component Description : Designator=R77 Old Description=RC0603JR-071KL New Description=RC0603FR-071KL
Change Component Description : Designator=R78 Old Description=RC0603JR-071KL New Description=RC0603FR-071KL
Change Component Description : Designator=R83 Old Description=RC0603JR-071KL New Description=RC0603FR-071KL
Change Component Description : Designator=R84 Old Description=RC0603JR-071KL New Description=RC0603FR-071KL
Change Component Description : Designator=R85 Old Description=RC0603JR-071KL New Description=RC0603FR-071KL
Change Component Description : Designator=R86 Old Description=RC0603JR-071KL New Description=RC0603FR-071KL
Change Component Description : Designator=R89 Old Description=RC0603JR-071KL New Description=RC0603FR-071KL
Change Component Description : Designator=R90 Old Description=RC0603JR-071KL New Description=RC0603FR-071KL
Change Component Description : Designator=R113 Old Description=RC0603JR-0710K New Description=RC0603FR-0710KL
Change Component Description : Designator=R114 Old Description=RC0603JR-0710K New Description=RC0603FR-0710KL
Change Component Description : Designator=R115 Old Description=RC0603JR-0710K New Description=RC0603FR-0710KL
Change Component Description : Designator=R116 Old Description=RC0603JR-0710K New Description=RC0603FR-0710KL
Change Component Description : Designator=R119 Old Description=RC0603JR-0710K New Description=RC0603FR-0710KL
Change Component Description : Designator=R120 Old Description=RC0603JR-0710K New Description=RC0603FR-0710KL
Change Component Description : Designator=R121 Old Description=RC0603JR-0710K New Description=RC0603FR-0710KL
Change Component Description : Designator=R122 Old Description=RC0603JR-0710K New Description=RC0603FR-0710KL
Change Component Description : Designator=R123 Old Description=RC0603JR-0710K New Description=RC0603FR-0710KL
Change Component Description : Designator=R126 Old Description=RC0603JR-0710K New Description=RC0603FR-0710KL
Change Component Description : Designator=R127 Old Description=RC0603JR-0710K New Description=RC0603FR-0710KL
Change Component Description : Designator=R10 Old Description=RC0603JR-0710KL New Description=RC0603FR-0710KL
Change Component Description : Designator=R19 Old Description=RC0603JR-0747K New Description=RC0603FR-0747KL
Change Component Description : Designator=R30 Old Description=RC0603JR-0747K New Description=RC0603FR-0747KL
Change Component Description : Designator=R31 Old Description=RC0603JR-0747K New Description=RC0603FR-0747KL
Change Component Description : Designator=R40 Old Description=RC0603JR-0747K New Description=RC0603FR-0747KL
Change Component Description : Designator=R5 Old Description=RC0603JR-0747KL New Description=RC0603FR-0747KL
Change Component Description : Designator=R8 Old Description=RC0603JR-0747KL New Description=RC0603FR-0747KL
Change Component Description : Designator=R71 Old Description=RC0603JR-0747KL New Description=RC0603FR-0747KL
Change Component Description : Designator=R72 Old Description=RC0603JR-0747KL New Description=RC0603FR-0747KL
Change Component Description : Designator=R73 Old Description=RC0603JR-0747KL New Description=RC0603FR-0747KL
Change Component Description : Designator=R74 Old Description=RC0603JR-0747KL New Description=RC0603FR-0747KL
Change Component Description : Designator=R79 Old Description=RC0603JR-0747KL New Description=RC0603FR-0747KL
Change Component Description : Designator=R80 Old Description=RC0603JR-0747KL New Description=RC0603FR-0747KL
Change Component Description : Designator=R81 Old Description=RC0603JR-0747KL New Description=RC0603FR-0747KL
Change Component Description : Designator=R82 Old Description=RC0603JR-0747KL New Description=RC0603FR-0747KL
Change Component Description : Designator=R87 Old Description=RC0603JR-0747KL New Description=RC0603FR-0747KL
Change Component Description : Designator=R88 Old Description=RC0603JR-0747KL New Description=RC0603FR-0747KL
Change Component Description : Designator=R2 Old Description=RT0603FRE0710KL New Description=RC0603FR-0710KL
Change Component Description : Designator=R4 Old Description=RT0603FRE0710KL New Description=RC0603FR-0710KL
Change Component Description : Designator=R18 Old Description=RT0603FRE0710KL New Description=RC0603FR-0710KL
Change Component Description : Designator=R34 Old Description=RT0603FRE0710KL New Description=RC0603FR-0710KL
Change Component Description : Designator=R36 Old Description=RT0603FRE0710KL New Description=RC0603FR-0710KL
Change Component Description : Designator=R41 Old Description=RT0603FRE0710KL New Description=RC0603FR-0710KL
Change Component Description : Designator=R42 Old Description=RT0603FRE0710KL New Description=RC0603FR-0710KL
Change Component Description : Designator=R51 Old Description=RT0603FRE0710KL New Description=RC0603FR-0710KL
Change Component Description : Designator=R52 Old Description=RT0603FRE0710KL New Description=RC0603FR-0710KL
Change Component Description : Designator=R61 Old Description=RT0603FRE0710KL New Description=RC0603FR-0710KL
Change Component Description : Designator=R62 Old Description=RT0603FRE0710KL New Description=RC0603FR-0710KL
Change Component Description : Designator=R91 Old Description=RT0603FRE0710KL New Description=RC0603FR-0710KL
Change Component Description : Designator=R134 Old Description=RT0603FRE0710KL New Description=RC0603FR-0710KL
Change Component Description : Designator=R135 Old Description=RT0603FRE0710KL New Description=RC0603FR-0710KL
Change Component Description : Designator=R136 Old Description=RT0603FRE0710KL New Description=RC0603FR-0710KL
Change Component Description : Designator=R152 Old Description=RT0603FRE0710KL New Description=RC0603FR-0710KL
Change Component Description : Designator=R153 Old Description=RT0603FRE0710KL New Description=RC0603FR-0710KL
Change component parameters: Designator = "C13"; Footprint = "CAP CER 0603 NP"; UniqueID = "\TBSHWMJO"
Change component parameters. Clean all parameters for all variants
Change component parameters (AddParameter): Name = ""; Value = "10% 0603 50V X7R"; VariantName = "[No Variations]"
Change component parameters: Designator = "C16"; Footprint = "CAP CER 0603 NP"; UniqueID = "\AQIAHDMS"
Change component parameters. Clean all parameters for all variants
Change component parameters (AddParameter): Name = ""; Value = "10% 0603 50V X7R"; VariantName = "[No Variations]"
Change component parameters: Designator = "C32"; Footprint = "CAP CER 0603 NP"; UniqueID = "\WXYKNBEC"
Change component parameters. Clean all parameters for all variants
Change component parameters (AddParameter): Name = ""; Value = "10% 0603 50V X7R"; VariantName = "[No Variations]"
Change component parameters: Designator = "C42"; Footprint = "CAP CER 0603 NP"; UniqueID = "\YXGKUFBY"
Change component parameters. Clean all parameters for all variants
Change component parameters (AddParameter): Name = ""; Value = "10% 0603 50V X7R"; VariantName = "[No Variations]"
Change component parameters: Designator = "C44"; Footprint = "CAP CER 0603 NP"; UniqueID = "\AMLTJLLB"
Change component parameters. Clean all parameters for all variants
Change component parameters (AddParameter): Name = ""; Value = "10% 0603 50V X7R"; VariantName = "[No Variations]"
Change component parameters: Designator = "C46"; Footprint = "CAP CER 0603 NP"; UniqueID = "\MXUAHAHA"
Change component parameters. Clean all parameters for all variants
Change component parameters (AddParameter): Name = ""; Value = "10% 0603 50V X7R"; VariantName = "[No Variations]"
Change component parameters: Designator = "C54"; Footprint = "CAP CER 0603 NP"; UniqueID = "\RJPSCYGM"
Change component parameters. Clean all parameters for all variants
Change component parameters (AddParameter): Name = ""; Value = "10% 0603 50V X7R"; VariantName = "[No Variations]"
Change component parameters: Designator = "C56"; Footprint = "CAP CER 0603 NP"; UniqueID = "\JOUJIVXH"
Change component parameters. Clean all parameters for all variants
Change component parameters (AddParameter): Name = ""; Value = "10% 0603 50V X7R"; VariantName = "[No Variations]"
Change component parameters: Designator = "C58"; Footprint = "CAP CER 0603 NP"; UniqueID = "\YMFBGBCF"
Change component parameters. Clean all parameters for all variants
Change component parameters (AddParameter): Name = ""; Value = "10% 0603 50V X7R"; VariantName = "[No Variations]"
Change component parameters: Designator = "C63"; Footprint = "CAP CER 0603 NP"; UniqueID = "\WUMSUGEA"
Change component parameters. Clean all parameters for all variants
Change component parameters (AddParameter): Name = ""; Value = "10% 0603 50V X7R"; VariantName = "[No Variations]"
Change component parameters: Designator = "C65"; Footprint = "CAP CER 0603 NP"; UniqueID = "\SNWBGCFN"
Change component parameters. Clean all parameters for all variants
Change component parameters (AddParameter): Name = ""; Value = "10% 0603 50V X7R"; VariantName = "[No Variations]"
Change component parameters: Designator = "C67"; Footprint = "CAP CER 0603 NP"; UniqueID = "\SOXSHSSU"
Change component parameters. Clean all parameters for all variants
Change component parameters (AddParameter): Name = ""; Value = "10% 0603 50V X7R"; VariantName = "[No Variations]"
Change component parameters: Designator = "C88"; Footprint = "CAP CER 0603 NP"; UniqueID = "\SSLRTCYS"
Change component parameters. Clean all parameters for all variants
Change component parameters (AddParameter): Name = ""; Value = "10% 0603 50V X7R"; VariantName = "[No Variations]"
Change component parameters: Designator = "C90"; Footprint = "CAP CER 0603 NP"; UniqueID = "\YPICTWXW"
Change component parameters. Clean all parameters for all variants
Change component parameters (AddParameter): Name = ""; Value = "10% 0603 50V X7R"; VariantName = "[No Variations]"
