Removed Pin From Net: NetName=Y_On Pin=P2-1
Removed Pin From Net: NetName=AI_COM Pin=P2-2
Removed Pin From Net: NetName=Y_Off Pin=P2-3
Removed Pin From Net: NetName=AI_COM Pin=P2-4
Removed Pin From Net: NetName=G_On Pin=P2-5
Removed Pin From Net: NetName=AI_COM Pin=P2-6
Removed Pin From Net: NetName=G_Off Pin=P2-7
Removed Pin From Net: NetName=Rw1 Pin=P2-8
Removed Pin From Net: NetName=R_On Pin=P2-9
Removed Pin From Net: NetName=Rw2 Pin=P2-10
Removed Pin From Net: NetName=R_Off Pin=P2-11
Removed Pin From Net: NetName=GND Pin=P2-12
Added Pin To Net: NetName=AI_COM Pin=P2-1
Added Pin To Net: NetName=Y_On Pin=P2-2
Added Pin To Net: NetName=AI_COM Pin=P2-3
Added Pin To Net: NetName=Y_Off Pin=P2-4
Added Pin To Net: NetName=AI_COM Pin=P2-5
Added Pin To Net: NetName=G_On Pin=P2-6
Added Pin To Net: NetName=Rw1 Pin=P2-7
Added Pin To Net: NetName=G_Off Pin=P2-8
Added Pin To Net: NetName=Rw2 Pin=P2-9
Added Pin To Net: NetName=R_On Pin=P2-10
Added Pin To Net: NetName=GND Pin=P2-11
Added Pin To Net: NetName=R_Off Pin=P2-12
