Change Component Footprint: Designator=R20 Old Footprint=0603 New Footprint=1206
Change Component Footprint: Designator=R21 Old Footprint=0603 New Footprint=1206
Change Component Footprint: Designator=R32 Old Footprint=0603 New Footprint=1206
Change Component Footprint: Designator=R33 Old Footprint=0603 New Footprint=1206
Change Component Footprint: Designator=C15 Old Footprint=0603 New Footprint=CAP CER 0603 NP
Change Component Footprint: Designator=C16 Old Footprint=0603 New Footprint=CAP CER 0603 NP
Change Component Footprint: Designator=C17 Old Footprint=0603 New Footprint=CAP CER 0603 NP
Change Component Footprint: Designator=C26 Old Footprint=0603 New Footprint=CAP CER 0603 NP
Change Component Footprint: Designator=C27 Old Footprint=0603 New Footprint=CAP CER 0603 NP
Change Component Footprint: Designator=C29 Old Footprint=0603 New Footprint=CAP CER 0603 NP
Change Component Footprint: Designator=C45 Old Footprint=0603 New Footprint=CAP CER 0603 NP
Change Component Footprint: Designator=C46 Old Footprint=0603 New Footprint=CAP CER 0603 NP
Change Component Footprint: Designator=C47 Old Footprint=0603 New Footprint=CAP CER 0603 NP
Change Component Footprint: Designator=R8 Old Footprint=0603 New Footprint=RES 0603
Change Component Footprint: Designator=R71 Old Footprint=0603 New Footprint=RES 0603
Change Component Footprint: Designator=R72 Old Footprint=0603 New Footprint=RES 0603
Change Component Footprint: Designator=R73 Old Footprint=0603 New Footprint=RES 0603
Change Component Footprint: Designator=R74 Old Footprint=0603 New Footprint=RES 0603
Change Component Footprint: Designator=R75 Old Footprint=0603 New Footprint=RES 0603
Change Component Footprint: Designator=R76 Old Footprint=0603 New Footprint=RES 0603
Change Component Footprint: Designator=R77 Old Footprint=0603 New Footprint=RES 0603
Change Component Footprint: Designator=R78 Old Footprint=0603 New Footprint=RES 0603
Change Component Footprint: Designator=R79 Old Footprint=0603 New Footprint=RES 0603
Change Component Footprint: Designator=R80 Old Footprint=0603 New Footprint=RES 0603
Change Component Footprint: Designator=R81 Old Footprint=0603 New Footprint=RES 0603
Change Component Footprint: Designator=R82 Old Footprint=0603 New Footprint=RES 0603
Change Component Footprint: Designator=R83 Old Footprint=0603 New Footprint=RES 0603
Change Component Footprint: Designator=R84 Old Footprint=0603 New Footprint=RES 0603
Change Component Footprint: Designator=R85 Old Footprint=0603 New Footprint=RES 0603
Change Component Footprint: Designator=R86 Old Footprint=0603 New Footprint=RES 0603
Change Component Footprint: Designator=R87 Old Footprint=0603 New Footprint=RES 0603
Change Component Footprint: Designator=R88 Old Footprint=0603 New Footprint=RES 0603
Change Component Footprint: Designator=R89 Old Footprint=0603 New Footprint=RES 0603
Change Component Footprint: Designator=R90 Old Footprint=0603 New Footprint=RES 0603
Change Component Footprint: Designator=R92 Old Footprint=0603 New Footprint=RES 0603
Change Component Footprint: Designator=R93 Old Footprint=0603 New Footprint=RES 0603
Change Component Footprint: Designator=R94 Old Footprint=0603 New Footprint=RES 0603
Change Component Footprint: Designator=R98 Old Footprint=0603 New Footprint=RES 0603
Change Component Footprint: Designator=R99 Old Footprint=0603 New Footprint=RES 0603
Change Component Footprint: Designator=R100 Old Footprint=0603 New Footprint=RES 0603
Change Component Footprint: Designator=R95 Old Footprint=0603 New Footprint=RES 1210
Change Component Footprint: Designator=R96 Old Footprint=0603 New Footprint=RES 1210
Change Component Footprint: Designator=R97 Old Footprint=0603 New Footprint=RES 1210
Change Component Footprint: Designator=R101 Old Footprint=0603 New Footprint=RES 1210
Change Component Footprint: Designator=R102 Old Footprint=0603 New Footprint=RES 1210
Change Component Footprint: Designator=R103 Old Footprint=0603 New Footprint=RES 1210
Change Component Footprint: Designator=C7 Old Footprint=0603 New Footprint=Supercap -D20-V
Change Component Footprint: Designator=R24 Old Footprint=1206 New Footprint=0603
Change Component Footprint: Designator=R30 Old Footprint=1206 New Footprint=0603
Change Component Footprint: Designator=R37 Old Footprint=1206 New Footprint=0603
Change Component Footprint: Designator=J1 Old Footprint=IDC-10MS New Footprint=PLD-6 2.54
Change Component Footprint: Designator=P2 Old Footprint=mcd 1,5/6-G1-3.81 New Footprint=Connector 6x2
Change Component Footprint: Designator=P1 Old Footprint=mcd 1,5/6-G1-3.81 New Footprint=Connector X2X
Change Component Footprint: Designator=P3 Old Footprint=PhClass5 New Footprint=Connector 6x2
Change Component Footprint: Designator=PL1 Old Footprint=PLS 4 New Footprint=PLS-5 2.54
Change Component Footprint: Designator=PL2 Old Footprint=PLS 4 New Footprint=PLS-5 2.54
Change Component Footprint: Designator=PL3 Old Footprint=PLS 4 New Footprint=PLS-5 2.54
Change Component Footprint: Designator=U11 Old Footprint=SOIC 8 New Footprint=SOIC-8
Change Component Footprint: Designator=U13 Old Footprint=SOIC 8 New Footprint=SOIC-8
Change Component Footprint: Designator=U14 Old Footprint=SOIC 8 New Footprint=SOIC-8
Change Component Footprint: Designator=U10 Old Footprint=SOIC 8 New Footprint=SOT235
Change Component Footprint: Designator=U17 Old Footprint=SOIC 8 New Footprint=SOT-23-6
Change Component Footprint: Designator=U18 Old Footprint=SOIC 8 New Footprint=SOT-23-6
Change Component Footprint: Designator=U22 Old Footprint=SOIC 14 lead New Footprint=SOT-23-6
Change Component Footprint: Designator=U26 Old Footprint=SOT23 - 5 lead New Footprint=LQFP 48
Change Component Footprint: Designator=U5 Old Footprint=SOT23 - 5 lead New Footprint=SOT23 - 6
Change Component Footprint: Designator=U6 Old Footprint=SOT23 - 5 lead New Footprint=SOT23 - 6
Change Component Footprint: Designator=U7 Old Footprint=SOT23 - 5 lead New Footprint=SOT235
Change Component Footprint: Designator=U12 Old Footprint=SOT23 - 6 New Footprint=SOIC-8
Change Component Footprint: Designator=U15 Old Footprint=SOT23 - 6 New Footprint=SOIC-8
Change Component Footprint: Designator=U19 Old Footprint=SOT23 - 6 New Footprint=SOT-23-6
Change Component Footprint: Designator=U20 Old Footprint=SOT23 - 6 New Footprint=SOT-23-6
Change Component Footprint: Designator=U2 Old Footprint=SOT223 New Footprint=SOT-23-5
Change Component Footprint: Designator=U21 Old Footprint=TSSOP-16 New Footprint=SOT-23-6
Change Component Footprint: Designator=U23 Old Footprint=TSSOP-16 New Footprint=SOT-23-6
Change Component Footprint: Designator=U24 Old Footprint=TSSOP-16 New Footprint=SOT-23-6
