Added Pin To Net: NetName=5V Pin=C55-1
Added Pin To Net: NetName=GND Pin=C55-2
Added Pin To Net: NetName=GND Pin=C56-1
Added Pin To Net: NetName=5V Pin=C56-2
Added Pin To Net: NetName=5V Pin=C57-1
Added Pin To Net: NetName=GND Pin=C57-2
Added Pin To Net: NetName=GND Pin=C58-1
Added Pin To Net: NetName=5V Pin=C58-2
Added Pin To Net: NetName=GND Pin=C60-1
Added Pin To Net: NetName=NetC60_2 Pin=C60-2
Added Pin To Net: NetName=GND Pin=C61-1
Added Pin To Net: NetName=NetC61_2 Pin=C61-2
Added Pin To Net: NetName=NetC60_2 Pin=R99-1
Added Pin To Net: NetName=Bin_2 Pin=R99-2
Added Pin To Net: NetName=NetC61_2 Pin=R100-1
Added Pin To Net: NetName=Bin_3 Pin=R100-2
Added Pin To Net: NetName=GND Pin=R102-1
Added Pin To Net: NetName=Bin_2 Pin=R102-2
Added Pin To Net: NetName=GND Pin=R103-1
Added Pin To Net: NetName=Bin_3 Pin=R103-2
Added Pin To Net: NetName=5V Pin=U20-1
Added Pin To Net: NetName=GND Pin=U20-2
Added Pin To Net: NetName=NetC60_2 Pin=U20-3
Added Pin To Net: NetName=ADC_CLK Pin=U20-4
Added Pin To Net: NetName=ADC_A5 Pin=U20-5
Added Pin To Net: NetName=ADC_CS Pin=U20-6
Added Pin To Net: NetName=5V Pin=U21-1
Added Pin To Net: NetName=GND Pin=U21-2
Added Pin To Net: NetName=NetC61_2 Pin=U21-3
Added Pin To Net: NetName=ADC_CLK Pin=U21-4
Added Pin To Net: NetName=ADC_A6 Pin=U21-5
Added Pin To Net: NetName=ADC_CS Pin=U21-6
Added Pin To Net: NetName=NetC60_2 Pin=ZD5-1
Added Pin To Net: NetName=GND Pin=ZD5-2
Added Pin To Net: NetName=NetC61_2 Pin=ZD6-1
Added Pin To Net: NetName=GND Pin=ZD6-2
