Added Component: Designator=C8(CAP CER 0603 NP)
Add component. Clean all parameters for all variants
Add component (AddParameter): Name = ""; Value = "10% 0603 16V X5R"; VariantName = "[No Variations]"
Added Component: Designator=C13(CAP CER 0603 NP)
Add component. Clean all parameters for all variants
Add component (AddParameter): Name = ""; Value = "10% 0603 100V X7R"; VariantName = "[No Variations]"
Added Component: Designator=C17(0603)
Add component. Clean all parameters for all variants
Added Component: Designator=C25(CAP CER 0603 NP)
Add component. Clean all parameters for all variants
Add component (AddParameter): Name = ""; Value = "10% 0603 16V X5R"; VariantName = "[No Variations]"
Added Component: Designator=C27(0603)
Add component. Clean all parameters for all variants
Added Component: Designator=C29(0603)
Add component. Clean all parameters for all variants
Added Component: Designator=Q1(SOT23)
Add component. Clean all parameters for all variants
Added Component: Designator=R16(1206)
Add component. Clean all parameters for all variants
Added Component: Designator=R17(1206)
Add component. Clean all parameters for all variants
Added Component: Designator=R22(0603)
Add component. Clean all parameters for all variants
Added Component: Designator=R26(0603)
Add component. Clean all parameters for all variants
Added Component: Designator=R28(0603)
Add component. Clean all parameters for all variants
Added Component: Designator=R30(0603)
Add component. Clean all parameters for all variants
Added Component: Designator=U2(SOT23 - 6)
Add component. Clean all parameters for all variants
Added Component: Designator=U6(SOT235)
Add component. Clean all parameters for all variants
