Added Pin To Net: NetName=NetR81_1 Pin=R81-1
Added Pin To Net: NetName=24V_PWR Pin=R81-2
Added Pin To Net: NetName=NetR82_1 Pin=R82-1
Added Pin To Net: NetName=24V_PWR Pin=R82-2
Added Pin To Net: NetName=NetR81_1 Pin=R85-1
Added Pin To Net: NetName=Enc_6 Pin=R85-2
Added Pin To Net: NetName=NetR82_1 Pin=R86-1
Added Pin To Net: NetName=Enc_7 Pin=R86-2
Added Pin To Net: NetName=NetR87_1 Pin=R87-1
Added Pin To Net: NetName=24V_PWR Pin=R87-2
Added Pin To Net: NetName=NetR88_1 Pin=R88-1
Added Pin To Net: NetName=24V_PWR Pin=R88-2
Added Pin To Net: NetName=NetR87_1 Pin=R89-1
Added Pin To Net: NetName=Enc_8 Pin=R89-2
Added Pin To Net: NetName=NetR88_1 Pin=R90-1
Added Pin To Net: NetName=Enc_9 Pin=R90-2
Added Pin To Net: NetName=BIT_6 Pin=U14-1
Added Pin To Net: NetName=12V_Ref Pin=U14-2
Added Pin To Net: NetName=NetR81_1 Pin=U14-3
Added Pin To Net: NetName=GND Pin=U14-4
Added Pin To Net: NetName=NetR82_1 Pin=U14-5
Added Pin To Net: NetName=12V_Ref Pin=U14-6
Added Pin To Net: NetName=BIT_7 Pin=U14-7
Added Pin To Net: NetName=24V_PWR Pin=U14-8
Added Pin To Net: NetName=BIT_8 Pin=U15-1
Added Pin To Net: NetName=12V_Ref Pin=U15-2
Added Pin To Net: NetName=NetR87_1 Pin=U15-3
Added Pin To Net: NetName=GND Pin=U15-4
Added Pin To Net: NetName=NetR88_1 Pin=U15-5
Added Pin To Net: NetName=12V_Ref Pin=U15-6
Added Pin To Net: NetName=BIT_9 Pin=U15-7
Added Pin To Net: NetName=24V_PWR Pin=U15-8
