Added Pin To Net: NetName=5V Pin=C62-1
Added Pin To Net: NetName=GND Pin=C62-2
Added Pin To Net: NetName=GND Pin=C63-1
Added Pin To Net: NetName=5V Pin=C63-2
Added Pin To Net: NetName=5V Pin=C64-1
Added Pin To Net: NetName=GND Pin=C64-2
Added Pin To Net: NetName=GND Pin=C65-1
Added Pin To Net: NetName=5V Pin=C65-2
Added Pin To Net: NetName=GND Pin=C68-1
Added Pin To Net: NetName=NetC68_2 Pin=C68-2
Added Pin To Net: NetName=GND Pin=C69-1
Added Pin To Net: NetName=NetC69_2 Pin=C69-2
Added Pin To Net: NetName=NetC68_2 Pin=R104-1
Added Pin To Net: NetName=Cin_1 Pin=R104-2
Added Pin To Net: NetName=NetC69_2 Pin=R105-1
Added Pin To Net: NetName=Cin_2 Pin=R105-2
Added Pin To Net: NetName=GND Pin=R107-1
Added Pin To Net: NetName=Cin_1 Pin=R107-2
Added Pin To Net: NetName=GND Pin=R108-1
Added Pin To Net: NetName=Cin_2 Pin=R108-2
Added Pin To Net: NetName=5V Pin=U22-1
Added Pin To Net: NetName=GND Pin=U22-2
Added Pin To Net: NetName=NetC68_2 Pin=U22-3
Added Pin To Net: NetName=ADC_CLK Pin=U22-4
Added Pin To Net: NetName=ADC_A7 Pin=U22-5
Added Pin To Net: NetName=ADC_CS Pin=U22-6
Added Pin To Net: NetName=5V Pin=U23-1
Added Pin To Net: NetName=GND Pin=U23-2
Added Pin To Net: NetName=NetC69_2 Pin=U23-3
Added Pin To Net: NetName=ADC_CLK Pin=U23-4
Added Pin To Net: NetName=ADC_A8 Pin=U23-5
Added Pin To Net: NetName=ADC_CS Pin=U23-6
Added Pin To Net: NetName=NetC68_2 Pin=ZD7-1
Added Pin To Net: NetName=GND Pin=ZD7-2
Added Pin To Net: NetName=NetC69_2 Pin=ZD8-1
Added Pin To Net: NetName=GND Pin=ZD8-2
