Added Pin To Net: NetName=TXW_P Pin=R128-1
Added Pin To Net: NetName=TX_N Pin=R128-2
Added Pin To Net: NetName=TXW_N Pin=R129-1
Added Pin To Net: NetName=TX_P Pin=R129-2
Added Pin To Net: NetName=RXW_P Pin=R130-1
Added Pin To Net: NetName=RX_N Pin=R130-2
Added Pin To Net: NetName=RXW_N Pin=R131-1
Added Pin To Net: NetName=RX_P Pin=R131-2
Added Pin To Net: NetName=TXW_N Pin=U26-1
Added Pin To Net: NetName=TXW_P Pin=U26-2
Added Pin To Net: NetName=GND Pin=U26-3
Added Pin To Net: NetName=3V3_A Pin=U26-4
Added Pin To Net: NetName=RXW_N Pin=U26-5
Added Pin To Net: NetName=RXW_P Pin=U26-6
Added Pin To Net: NetName=NetU26_7 Pin=U26-7
Added Pin To Net: NetName=3V3_A Pin=U26-8
Added Pin To Net: NetName=GND Pin=U26-9
Added Pin To Net: NetName=NetR132_2 Pin=U26-10
Added Pin To Net: NetName=3V3_A Pin=U26-11
Added Pin To Net: NetName=NetU26_12 Pin=U26-12
Added Pin To Net: NetName=NetU26_13 Pin=U26-13
Added Pin To Net: NetName=GND Pin=U26-14
Added Pin To Net: NetName=3V3_A Pin=U26-15
Added Pin To Net: NetName=GND Pin=U26-16
Added Pin To Net: NetName=3V3_A Pin=U26-17
Added Pin To Net: NetName=NetU26_18 Pin=U26-18
Added Pin To Net: NetName=GND Pin=U26-19
Added Pin To Net: NetName=NetC86_1 Pin=U26-20
Added Pin To Net: NetName=3V3_A Pin=U26-21
Added Pin To Net: NetName=NetC85_1 Pin=U26-22
Added Pin To Net: NetName=NetU26_23 Pin=U26-23
Added Pin To Net: NetName=NetU26_24 Pin=U26-24
Added Pin To Net: NetName=LINKLED Pin=U26-25
Added Pin To Net: NetName=NetU26_26 Pin=U26-26
Added Pin To Net: NetName=ACTLED Pin=U26-27
Added Pin To Net: NetName=3V3_D Pin=U26-28
Added Pin To Net: NetName=GND Pin=U26-29
Added Pin To Net: NetName=NetC82_2 Pin=U26-30
Added Pin To Net: NetName=NetC79_2 Pin=U26-31
Added Pin To Net: NetName=ETH_CS Pin=U26-32
Added Pin To Net: NetName=SCK Pin=U26-33
Added Pin To Net: NetName=MISO Pin=U26-34
Added Pin To Net: NetName=MOSI Pin=U26-35
Added Pin To Net: NetName=ETH_IRQ Pin=U26-36
Added Pin To Net: NetName=RSTn_Eth1 Pin=U26-37
Added Pin To Net: NetName=NetR119_1 Pin=U26-38
Added Pin To Net: NetName=NetR120_1 Pin=U26-39
Added Pin To Net: NetName=NetR121_1 Pin=U26-40
Added Pin To Net: NetName=NetR122_1 Pin=U26-41
Added Pin To Net: NetName=NetR123_1 Pin=U26-42
Added Pin To Net: NetName=NetR114_1 Pin=U26-43
Added Pin To Net: NetName=NetR115_1 Pin=U26-44
Added Pin To Net: NetName=NetR116_1 Pin=U26-45
Added Pin To Net: NetName=NetU26_46 Pin=U26-46
Added Pin To Net: NetName=NetU26_47 Pin=U26-47
Added Pin To Net: NetName=GND Pin=U26-48
