Removed Pin From Net: NetName=GND Pin=C7-2
Removed Pin From Net: NetName=GND Pin=C8-2
Removed Pin From Net: NetName=GND Pin=C13-1
Removed Pin From Net: NetName=GND Pin=C16-1
Removed Pin From Net: NetName=NetC22_1 Pin=C22-1
Removed Pin From Net: NetName=NetC23_1 Pin=C23-1
Removed Pin From Net: NetName=GND Pin=C24-1
Removed Pin From Net: NetName=GND Pin=C25-1
Removed Pin From Net: NetName=GND Pin=C26-1
Removed Pin From Net: NetName=GND Pin=C29-1
Removed Pin From Net: NetName=GND Pin=C30-1
Removed Pin From Net: NetName=GND Pin=C31-1
Removed Pin From Net: NetName=GND Pin=C32-1
Removed Pin From Net: NetName=GND Pin=C33-1
Removed Pin From Net: NetName=GND Pin=C38-1
Removed Pin From Net: NetName=GND Pin=C39-1
Removed Pin From Net: NetName=GND Pin=C40-1
Removed Pin From Net: NetName=GND Pin=C41-1
Removed Pin From Net: NetName=GND Pin=C42-1
Removed Pin From Net: NetName=GND Pin=C43-1
Removed Pin From Net: NetName=GND Pin=C44-1
Removed Pin From Net: NetName=+5V Noise Pin=C44-2
Removed Pin From Net: NetName=GND Pin=C45-1
Removed Pin From Net: NetName=+5V Noise Pin=C45-2
Removed Pin From Net: NetName=GND Pin=C47-1
Removed Pin From Net: NetName=+5V Noise Pin=C47-2
Removed Pin From Net: NetName=GND Pin=D10-1
Removed Pin From Net: NetName=NetC24_2 Pin=D10-2
Removed Pin From Net: NetName=GND Pin=D11-1
Removed Pin From Net: NetName=NetC25_2 Pin=D11-2
Removed Pin From Net: NetName=GND Pin=D12-1
Removed Pin From Net: NetName=GND Pin=D13-1
Removed Pin From Net: NetName=GND Pin=D14-1
Removed Pin From Net: NetName=GND Pin=D15-1
Removed Pin From Net: NetName=GND Pin=D16-1
Removed Pin From Net: NetName=NetC30_2 Pin=D16-2
Removed Pin From Net: NetName=GND Pin=D17-1
Removed Pin From Net: NetName=NetC31_2 Pin=D17-2
Removed Pin From Net: NetName=GND Pin=D18-1
Removed Pin From Net: NetName=GND Pin=D19-1
Removed Pin From Net: NetName=GND Pin=D20-1
Removed Pin From Net: NetName=GND Pin=D21-1
Removed Pin From Net: NetName=GND Pin=D22-1
Removed Pin From Net: NetName=GND Pin=D24-1
Removed Pin From Net: NetName=GND Pin=D26-1
Removed Pin From Net: NetName=NetD27_1 Pin=D27-1
Removed Pin From Net: NetName=GND Pin=D28-1
Removed Pin From Net: NetName=A1 Pin=Dip1-12
Removed Pin From Net: NetName=A2 Pin=Dip1-13
Removed Pin From Net: NetName=A3 Pin=Dip1-14
Removed Pin From Net: NetName=A4 Pin=Dip1-15
Removed Pin From Net: NetName=A5 Pin=Dip1-16
Removed Pin From Net: NetName=NetJ1_7 Pin=J1-7
Removed Pin From Net: NetName=GND Pin=J1-10
Removed Pin From Net: NetName=+5V Noise Pin=LED2-1
Removed Pin From Net: NetName=GND Pin=P1-2
Removed Pin From Net: NetName=NetC30_2 Pin=P1-8
Removed Pin From Net: NetName=NetC24_2 Pin=P1-10
Removed Pin From Net: NetName=NetC25_2 Pin=P1-11
Removed Pin From Net: NetName=NetC31_2 Pin=P1-12
Removed Pin From Net: NetName=NetC22_1 Pin=P2-5
Removed Pin From Net: NetName=NetC21_1 Pin=P2-9
Removed Pin From Net: NetName=NetC23_1 Pin=P2-11
Removed Pin From Net: NetName=+24V Pin=P3-4
Removed Pin From Net: NetName=GND Pin=P3-5
Removed Pin From Net: NetName=GND Pin=PL1-1
Removed Pin From Net: NetName=GND Pin=PL2-1
Removed Pin From Net: NetName=GND Pin=PL3-1
Removed Pin From Net: NetName=GND Pin=PL4-1
Removed Pin From Net: NetName=GND Pin=PL5-1
Removed Pin From Net: NetName=GND Pin=PL6-1
Removed Pin From Net: NetName=+5V Noise Pin=PL7-4
Removed Pin From Net: NetName=GND Pin=PL7-5
Removed Pin From Net: NetName=GND Pin=PL8-1
Removed Pin From Net: NetName=+5V Noise Pin=PL8-2
Removed Pin From Net: NetName=NetJ1_7 Pin=R14-1
Removed Pin From Net: NetName=+5V Noise Pin=R14-2
Removed Pin From Net: NetName=+5V Noise Pin=R15-2
Removed Pin From Net: NetName=+5V Noise Pin=R17-2
Removed Pin From Net: NetName=NetR20_1 Pin=R22-2
Removed Pin From Net: NetName=GND Pin=R24-1
Removed Pin From Net: NetName=GND Pin=R33-1
Removed Pin From Net: NetName=GND Pin=R37-1
Removed Pin From Net: NetName=NetD27_1 Pin=R37-2
Removed Pin From Net: NetName=NetC22_1 Pin=R66-1
Removed Pin From Net: NetName=NetC23_1 Pin=R70-1
Removed Pin From Net: NetName=NetC24_2 Pin=R71-2
Removed Pin From Net: NetName=NetC25_2 Pin=R72-2
Removed Pin From Net: NetName=GND Pin=R75-1
Removed Pin From Net: NetName=NetC24_2 Pin=R75-2
Removed Pin From Net: NetName=GND Pin=R76-1
Removed Pin From Net: NetName=NetC25_2 Pin=R76-2
Removed Pin From Net: NetName=GND Pin=R77-1
Removed Pin From Net: NetName=GND Pin=R78-1
Removed Pin From Net: NetName=NetC30_2 Pin=R81-2
Removed Pin From Net: NetName=GND Pin=R82-1
Removed Pin From Net: NetName=GND Pin=R83-1
Removed Pin From Net: NetName=GND Pin=R84-1
Removed Pin From Net: NetName=NetC30_2 Pin=R84-2
Removed Pin From Net: NetName=NetC31_2 Pin=R85-2
Removed Pin From Net: NetName=GND Pin=R88-1
Removed Pin From Net: NetName=NetC31_2 Pin=R88-2
Removed Pin From Net: NetName=GND Pin=R89-1
Removed Pin From Net: NetName=GND Pin=R90-1
Removed Pin From Net: NetName=GND Pin=R93-1
Removed Pin From Net: NetName=A1 Pin=R98-1
Removed Pin From Net: NetName=GND Pin=R98-2
Removed Pin From Net: NetName=A2 Pin=R99-1
Removed Pin From Net: NetName=GND Pin=R99-2
Removed Pin From Net: NetName=A3 Pin=R100-1
Removed Pin From Net: NetName=GND Pin=R100-2
Removed Pin From Net: NetName=A4 Pin=R101-1
Removed Pin From Net: NetName=GND Pin=R101-2
Removed Pin From Net: NetName=A5 Pin=R102-1
Removed Pin From Net: NetName=GND Pin=R102-2
Removed Pin From Net: NetName=+5V Noise Pin=R103-2
Removed Pin From Net: NetName=GND Pin=SD1-6
Removed Pin From Net: NetName=+5V Noise Pin=SD1-SWA
Removed Pin From Net: NetName=GND Pin=T4-2
Removed Pin From Net: NetName=GND Pin=T5-2
Removed Pin From Net: NetName=GND Pin=T6-2
Removed Pin From Net: NetName=GND Pin=TVS5-1
Removed Pin From Net: NetName=GND Pin=TVS6-1
Removed Pin From Net: NetName=GND Pin=TVS7-1
Removed Pin From Net: NetName=GND Pin=U1-TP
Removed Pin From Net: NetName=GND Pin=U2-1
Removed Pin From Net: NetName=+6.5V Pin=U2-3
Removed Pin From Net: NetName=GND Pin=U3-1
Removed Pin From Net: NetName=+6.5V Pin=U3-3
Removed Pin From Net: NetName=GND Pin=U5-1
Removed Pin From Net: NetName=NetJ1_7 Pin=U5-2
Removed Pin From Net: NetName=GND Pin=U5-3
Removed Pin From Net: NetName=GND Pin=U6-1
Removed Pin From Net: NetName=GND Pin=U6-3
Removed Pin From Net: NetName=GND Pin=U7-1
Removed Pin From Net: NetName=GND Pin=U7-3
Removed Pin From Net: NetName=GND Pin=U10-4
Removed Pin From Net: NetName=GND Pin=U10-5
Removed Pin From Net: NetName=NetR20_1 Pin=U10-6
Removed Pin From Net: NetName=GND Pin=U11-4
Removed Pin From Net: NetName=GND Pin=U11-6
Removed Pin From Net: NetName=GND Pin=U12-2
Removed Pin From Net: NetName=NetJ1_7 Pin=U12-4
Removed Pin From Net: NetName=GND Pin=U13-4
Removed Pin From Net: NetName=GND Pin=U13-5
Removed Pin From Net: NetName=GND Pin=U14-4
Removed Pin From Net: NetName=GND Pin=U14-6
Removed Pin From Net: NetName=GND Pin=U15-2
Removed Pin From Net: NetName=NetJ1_7 Pin=U15-4
Removed Pin From Net: NetName=GND Pin=U16-2
Removed Pin From Net: NetName=NetJ1_7 Pin=U16-4
Removed Pin From Net: NetName=GND Pin=U17-4
Removed Pin From Net: NetName=GND Pin=U17-5
Removed Pin From Net: NetName=GND Pin=U18-4
Removed Pin From Net: NetName=GND Pin=U18-6
Removed Pin From Net: NetName=GND Pin=U21-1
Removed Pin From Net: NetName=GND Pin=U21-3
Removed Pin From Net: NetName=GND Pin=U21-4
Removed Pin From Net: NetName=GND Pin=U21-5
Removed Pin From Net: NetName=GND Pin=U21-8
Removed Pin From Net: NetName=GND Pin=U21-12
Removed Pin From Net: NetName=GND Pin=U21-13
Removed Pin From Net: NetName=NetC30_2 Pin=U21-14
Removed Pin From Net: NetName=+5V Noise Pin=U21-16
Removed Pin From Net: NetName=+5V Noise Pin=U22-4
Removed Pin From Net: NetName=GND Pin=U22-7
Removed Pin From Net: NetName=+5V Noise Pin=U22-14
Removed Pin From Net: NetName=GND Pin=U23-1
Removed Pin From Net: NetName=NetC25_2 Pin=U23-2
Removed Pin From Net: NetName=GND Pin=U23-3
Removed Pin From Net: NetName=GND Pin=U23-4
Removed Pin From Net: NetName=NetC24_2 Pin=U23-6
Removed Pin From Net: NetName=GND Pin=U23-8
Removed Pin From Net: NetName=GND Pin=U23-12
Removed Pin From Net: NetName=GND Pin=U23-13
Removed Pin From Net: NetName=NetC31_2 Pin=U23-14
Removed Pin From Net: NetName=+5V Noise Pin=U23-16
Removed Pin From Net: NetName=GND Pin=U24-1
Removed Pin From Net: NetName=GND Pin=U24-3
Removed Pin From Net: NetName=GND Pin=U24-4
Removed Pin From Net: NetName=GND Pin=U24-8
Removed Pin From Net: NetName=GND Pin=U24-12
Removed Pin From Net: NetName=GND Pin=U24-13
Removed Pin From Net: NetName=+5V Noise Pin=U24-16
Removed Pin From Net: NetName=NetC31_2 Pin=U25-2
Removed Pin From Net: NetName=NetC25_2 Pin=U25-3
Removed Pin From Net: NetName=NetJ1_7 Pin=U25-11
Removed Pin From Net: NetName=NetR19_1 Pin=U25-29
Removed Pin From Net: NetName=NetC30_2 Pin=U25-39
Removed Pin From Net: NetName=NetC24_2 Pin=U25-41
Removed Pin From Net: NetName=GND Pin=U26-1
Removed Pin From Net: NetName=NetC22_1 Pin=U*5-2
Removed Pin From Net: NetName=NetC23_1 Pin=U*6-2
Change Component Comment : Designator=R23 Old Comment=1k New Comment=4k7
Change Component Comment : Designator=R35 Old Comment=1k New Comment=4k7
Change Component Comment : Designator=R31 Old Comment=1k New Comment=47k
Change Component Comment : Designator=R21 Old Comment=1k New Comment=100R
Change Component Comment : Designator=R28 Old Comment=1k New Comment=300R
Change Component Comment : Designator=R38 Old Comment=1k New Comment=430k
Change Component Comment : Designator=R10 Old Comment=1k New Comment=560R
Change Component Comment : Designator=R15 Old Comment=10k New Comment=1k
Change Component Comment : Designator=R75 Old Comment=10k New Comment=1k
Change Component Comment : Designator=R76 Old Comment=10k New Comment=1k
Change Component Comment : Designator=R77 Old Comment=10k New Comment=1k
Change Component Comment : Designator=R78 Old Comment=10k New Comment=1k
Change Component Comment : Designator=R83 Old Comment=10k New Comment=1k
Change Component Comment : Designator=R84 Old Comment=10k New Comment=1k
Change Component Comment : Designator=R89 Old Comment=10k New Comment=1k
Change Component Comment : Designator=R90 Old Comment=10k New Comment=1k
Change Component Comment : Designator=R22 Old Comment=10k New Comment=4k7
Change Component Comment : Designator=R40 Old Comment=10k New Comment=47k
Change Component Comment : Designator=R82 Old Comment=10k New Comment=47k
Change Component Comment : Designator=R88 Old Comment=10k New Comment=47k
Change Component Comment : Designator=R93 Old Comment=10k New Comment=47k
Change Component Comment : Designator=R98 Old Comment=10k New Comment=47k
Change Component Comment : Designator=R99 Old Comment=10k New Comment=47k
Change Component Comment : Designator=R100 Old Comment=10k New Comment=47k
Change Component Comment : Designator=R20 Old Comment=10k New Comment=100R
Change Component Comment : Designator=R33 Old Comment=10k New Comment=100R
Change Component Comment : Designator=R95 Old Comment=10k New Comment=200R
Change Component Comment : Designator=R97 Old Comment=10k New Comment=200R
Change Component Comment : Designator=R101 Old Comment=10k New Comment=200R
Change Component Comment : Designator=R102 Old Comment=10k New Comment=200R
Change Component Comment : Designator=R103 Old Comment=10k New Comment=200R
Change Component Comment : Designator=R29 Old Comment=10k New Comment=300R
Change Component Comment : Designator=R26 Old Comment=10k New Comment=430k
Change Component Comment : Designator=R27 Old Comment=10k New Comment=430k
Change Component Comment : Designator=R85 Old Comment=47k New Comment=1k
Change Component Comment : Designator=R86 Old Comment=47k New Comment=1k
Change Component Comment : Designator=R96 Old Comment=47k New Comment=200R
Change Component Comment : Designator=U22 Old Comment=74HC74D New Comment=SAR ADC
Change Component Comment : Designator=R25 Old Comment=82k New Comment=100k
Change Component Comment : Designator=R32 Old Comment=82k New Comment=100R
Change Component Comment : Designator=R39 Old Comment=82k New Comment=300R
Change Component Comment : Designator=R30 Old Comment=100 New Comment=47k
Change Component Comment : Designator=R24 Old Comment=100 New Comment=100k
Change Component Comment : Designator=R37 Old Comment=100 New Comment=100k
Change Component Comment : Designator=C16 Old Comment=100n New Comment=1u
Change Component Comment : Designator=C26 Old Comment=100n New Comment=1u
Change Component Comment : Designator=C29 Old Comment=100n New Comment=1u
Change Component Comment : Designator=C45 Old Comment=100n New Comment=1u
Change Component Comment : Designator=C47 Old Comment=100n New Comment=1u
Change Component Comment : Designator=C24 Old Comment=100n New Comment=10u
Change Component Comment : Designator=C25 Old Comment=100n New Comment=10u
Change Component Comment : Designator=C31 Old Comment=100n New Comment=10u
Change Component Comment : Designator=C7 Old Comment=100n New Comment=.22F
Change Component Comment : Designator=R8 Old Comment=560R New Comment=10k
Change Component Comment : Designator=U9 Old Comment=ADS New Comment=ADC121
Change Component Comment : Designator=U12 Old Comment=ADS New Comment=Comparator x2 Small
Change Component Comment : Designator=U15 Old Comment=ADS New Comment=Comparator x2 Small
Change Component Comment : Designator=U19 Old Comment=ADS New Comment=SAR ADC
Change Component Comment : Designator=U20 Old Comment=ADS New Comment=SAR ADC
Change Component Comment : Designator=U25 Old Comment=ATmega128A-AU New Comment=MCU
Change Component Comment : Designator=T1 Old Comment=BSS138BK.215 New Comment=NPN
Change Component Comment : Designator=T2 Old Comment=BSS138BK.215 New Comment=NPN
Change Component Comment : Designator=T3 Old Comment=BSS138BK.215 New Comment=NPN
Change Component Comment : Designator=U21 Old Comment=CD4516 New Comment=SAR ADC
Change Component Comment : Designator=U23 Old Comment=CD4516 New Comment=SAR ADC
Change Component Comment : Designator=U24 Old Comment=CD4516 New Comment=SAR ADC
Change Component Comment : Designator=T4 Old Comment=Current Trans New Comment=Current Transformer
Change Component Comment : Designator=T5 Old Comment=Current Trans New Comment=Current Transformer
Change Component Comment : Designator=T6 Old Comment=Current Trans New Comment=Current Transformer
Change Component Comment : Designator=U5 Old Comment=Gate New Comment=ADC121
Change Component Comment : Designator=U6 Old Comment=Gate New Comment=ADC121
Change Component Comment : Designator=U7 Old Comment=Gate New Comment=TS321ILT
Change Component Comment : Designator=U26 Old Comment=Gate New Comment=W5500
Change Component Comment : Designator=J1 Old Comment=IDC-10 New Comment=Pin Line 2x3
Change Component Comment : Designator=LED1 Old Comment=KP-1608SGC New Comment=LED Green
Change Component Comment : Designator=LED3 Old Comment=KP-1608SGC New Comment=LED Green
Change Component Comment : Designator=LED6 Old Comment=KP-1608SGC New Comment=LED Green
Change Component Comment : Designator=U4 Old Comment=LD1117S50CTR New Comment=LDO 5V
Change Component Comment : Designator=U2 Old Comment=LD1117S50CTR New Comment=LDO with Enable Pin
Change Component Comment : Designator=P2 Old Comment=MCD 1.5/6-G1-3.81 New Comment=Conncector 6x2
Change Component Comment : Designator=P1 Old Comment=MCD 1.5/6-G1-3.81 New Comment=Conncector X2X
Change Component Comment : Designator=U11 Old Comment=OPAMP 2Ch New Comment=Comparator x2 Small
Change Component Comment : Designator=U13 Old Comment=OPAMP 2Ch New Comment=Comparator x2 Small
Change Component Comment : Designator=U14 Old Comment=OPAMP 2Ch New Comment=Comparator x2 Small
Change Component Comment : Designator=U17 Old Comment=OPAMP 2Ch New Comment=SAR ADC
Change Component Comment : Designator=U18 Old Comment=OPAMP 2Ch New Comment=SAR ADC
Change Component Comment : Designator=U10 Old Comment=OPAMP 2Ch New Comment=TS321ILT
Change Component Comment : Designator=PL1 Old Comment=plug New Comment=Pin Line
Change Component Comment : Designator=PL2 Old Comment=plug New Comment=Pin Line
Change Component Comment : Designator=PL3 Old Comment=plug New Comment=Pin Line
Change Component Comment : Designator=TVS5 Old Comment=SMAJ5.0CA New Comment=5V
Change Component Comment : Designator=TVS6 Old Comment=SMAJ5.0CA New Comment=5V
Change Component Comment : Designator=TVS7 Old Comment=SMAJ5.0CA New Comment=5V
Change Component Comment : Designator=U8 Old Comment=SN65HVD3082EDR New Comment=RS485 Driver
Change Component Comment : Designator=TVS2 Old Comment=TVS Diode New Comment=TVS 6V
Change Component Comment : Designator=TVS3 Old Comment=TVS Diode New Comment=TVS 6V
Change Component Comment : Designator=TVS4 Old Comment=TVS Diode New Comment=TVS 6V
Change Component Comment : Designator=P3 Old Comment=X2X New Comment=Conncector 6x2
Change Component Designator: OldDesignator=C11 NewDesignator=C8
Change Component Designator: OldDesignator=C12 NewDesignator=C11
Change Component Designator: OldDesignator=C14 NewDesignator=C13
Change Component Designator: OldDesignator=C18 NewDesignator=C33
Change Component Designator: OldDesignator=C19 NewDesignator=C32
Change Component Designator: OldDesignator=C20 NewDesignator=C35
Change Component Designator: OldDesignator=C21 NewDesignator=C34
Change Component Designator: OldDesignator=C22 NewDesignator=C37
Change Component Designator: OldDesignator=C23 NewDesignator=C36
Change Component Designator: OldDesignator=C34 NewDesignator=C44
Change Component Designator: OldDesignator=C35 NewDesignator=C38
Change Component Designator: OldDesignator=C36 NewDesignator=C42
Change Component Designator: OldDesignator=C37 NewDesignator=C43
Change Component Designator: OldDesignator=C48 NewDesignator=C39
Change Component Designator: OldDesignator=C49 NewDesignator=C40
Change Component Designator: OldDesignator=C50 NewDesignator=C41
Change Component Designator: OldDesignator=LED3 NewDesignator=LED2
Change Component Designator: OldDesignator=LED6 NewDesignator=LED4
Change Component Designator: OldDesignator=R7 NewDesignator=R9
Change Component Designator: OldDesignator=R9 NewDesignator=R14
Change Component Designator: OldDesignator=R11 NewDesignator=R12
Change Component Designator: OldDesignator=R12 NewDesignator=R11
Change Component Designator: OldDesignator=R18 NewDesignator=R16
Change Component Designator: OldDesignator=R19 NewDesignator=R17
Change Component Designator: OldDesignator=R41 NewDesignator=R42
Change Component Designator: OldDesignator=R42 NewDesignator=R41
Change Component Designator: OldDesignator=R43 NewDesignator=R44
Change Component Designator: OldDesignator=R44 NewDesignator=R48
Change Component Designator: OldDesignator=R45 NewDesignator=R49
Change Component Designator: OldDesignator=R46 NewDesignator=R50
Change Component Designator: OldDesignator=R47 NewDesignator=R43
Change Component Designator: OldDesignator=R48 NewDesignator=R45
Change Component Designator: OldDesignator=R49 NewDesignator=R46
Change Component Designator: OldDesignator=R50 NewDesignator=R47
Change Component Designator: OldDesignator=R51 NewDesignator=R52
Change Component Designator: OldDesignator=R52 NewDesignator=R51
Change Component Designator: OldDesignator=R53 NewDesignator=R54
Change Component Designator: OldDesignator=R54 NewDesignator=R58
Change Component Designator: OldDesignator=R55 NewDesignator=R59
Change Component Designator: OldDesignator=R56 NewDesignator=R60
Change Component Designator: OldDesignator=R57 NewDesignator=R53
Change Component Designator: OldDesignator=R58 NewDesignator=R55
Change Component Designator: OldDesignator=R59 NewDesignator=R56
Change Component Designator: OldDesignator=R60 NewDesignator=R57
Change Component Designator: OldDesignator=R61 NewDesignator=R62
Change Component Designator: OldDesignator=R62 NewDesignator=R61
Change Component Designator: OldDesignator=R63 NewDesignator=R64
Change Component Designator: OldDesignator=R64 NewDesignator=R68
Change Component Designator: OldDesignator=R65 NewDesignator=R69
Change Component Designator: OldDesignator=R66 NewDesignator=R70
Change Component Designator: OldDesignator=R67 NewDesignator=R63
Change Component Designator: OldDesignator=R68 NewDesignator=R65
Change Component Designator: OldDesignator=R69 NewDesignator=R66
Change Component Designator: OldDesignator=R70 NewDesignator=R67
Change Component Designator: OldDesignator=U4 NewDesignator=U3
Change Component Designator: OldDesignator=U8 NewDesignator=U4
Change Component Designator: OldDesignator=U25 NewDesignator=U16
Change Component Designator: OldDesignator=U*1 NewDesignator=U*2
Change Component Designator: OldDesignator=U*2 NewDesignator=U*1
Change Component Designator: OldDesignator=U*3 NewDesignator=U*4
Change Component Designator: OldDesignator=U*4 NewDesignator=U*3
Change Component Designator: OldDesignator=U*5 NewDesignator=U*6
Change Component Designator: OldDesignator=U*6 NewDesignator=U*5
Change component parameters: Designator = "C15"; Footprint = "CAP CER 0603 NP"; UniqueID = "\TBSHWMJO"
Change component parameters. Clean all parameters for all variants
Change component parameters (AddParameter): Name = ""; Value = "10% 0603 100V X7R"; VariantName = "[No Variations]"
Change component parameters: Designator = "C16"; Footprint = "CAP CER 0603 NP"; UniqueID = "\RQKISOIT"
Change component parameters. Clean all parameters for all variants
Change component parameters (AddParameter): Name = ""; Value = "10% 0603 16V X5R"; VariantName = "[No Variations]"
Change component parameters: Designator = "C17"; Footprint = "CAP CER 0603 NP"; UniqueID = "\AQIAHDMS"
Change component parameters. Clean all parameters for all variants
Change component parameters (AddParameter): Name = ""; Value = "10% 0603 100V X7R"; VariantName = "[No Variations]"
Change component parameters: Designator = "C26"; Footprint = "CAP CER 0603 NP"; UniqueID = "\BPJOGLXK"
Change component parameters. Clean all parameters for all variants
Change component parameters (AddParameter): Name = ""; Value = "10% 0603 16V X5R"; VariantName = "[No Variations]"
Change component parameters: Designator = "C27"; Footprint = "CAP CER 0603 NP"; UniqueID = "\WXYKNBEC"
Change component parameters. Clean all parameters for all variants
Change component parameters (AddParameter): Name = ""; Value = "10% 0603 100V X7R"; VariantName = "[No Variations]"
Change component parameters: Designator = "C29"; Footprint = "CAP CER 0603 NP"; UniqueID = "\CKFFRWMC"
Change component parameters. Clean all parameters for all variants
Change component parameters (AddParameter): Name = ""; Value = "10% 0603 16V X5R"; VariantName = "[No Variations]"
Change component parameters: Designator = "C45"; Footprint = "CAP CER 0603 NP"; UniqueID = "\APCVYFVW"
Change component parameters. Clean all parameters for all variants
Change component parameters (AddParameter): Name = ""; Value = "10% 0603 16V X5R"; VariantName = "[No Variations]"
Change component parameters: Designator = "C46"; Footprint = "CAP CER 0603 NP"; UniqueID = "\YXGKUFBY"
Change component parameters. Clean all parameters for all variants
Change component parameters (AddParameter): Name = ""; Value = "10% 0603 100V X7R"; VariantName = "[No Variations]"
Change component parameters: Designator = "C47"; Footprint = "CAP CER 0603 NP"; UniqueID = "\YKBUYHUF"
Change component parameters. Clean all parameters for all variants
Change component parameters (AddParameter): Name = ""; Value = "10% 0603 16V X5R"; VariantName = "[No Variations]"
Change component parameters: Designator = "R8"; Footprint = "RES 0603"; UniqueID = "\VKPOKWHX"
Change component parameters. Clean all parameters for all variants
Change component parameters (AddParameter): Name = ""; Value = "5% 0603 100 ppm/K Thick Film"; VariantName = "[No Variations]"
Change component parameters: Designator = "R71"; Footprint = "RES 0603"; UniqueID = "\YXEAEVLY"
Change component parameters. Clean all parameters for all variants
Change component parameters (AddParameter): Name = ""; Value = "5% 0603 100 ppm/K Thick Film"; VariantName = "[No Variations]"
Change component parameters: Designator = "R72"; Footprint = "RES 0603"; UniqueID = "\XICPIWID"
Change component parameters. Clean all parameters for all variants
Change component parameters (AddParameter): Name = ""; Value = "5% 0603 100 ppm/K Thick Film"; VariantName = "[No Variations]"
Change component parameters: Designator = "R73"; Footprint = "RES 0603"; UniqueID = "\UQVGJRGA"
Change component parameters. Clean all parameters for all variants
Change component parameters (AddParameter): Name = ""; Value = "5% 0603 100 ppm/K Thick Film"; VariantName = "[No Variations]"
Change component parameters: Designator = "R74"; Footprint = "RES 0603"; UniqueID = "\IOCXIWHI"
Change component parameters. Clean all parameters for all variants
Change component parameters (AddParameter): Name = ""; Value = "5% 0603 100 ppm/K Thick Film"; VariantName = "[No Variations]"
Change component parameters: Designator = "R75"; Footprint = "RES 0603"; UniqueID = "\MLIDMRGJ"
Change component parameters. Clean all parameters for all variants
Change component parameters (AddParameter): Name = ""; Value = "5% 0603 100 ppm/K Thick Film"; VariantName = "[No Variations]"
Change component parameters: Designator = "R76"; Footprint = "RES 0603"; UniqueID = "\AUKSAMHT"
Change component parameters. Clean all parameters for all variants
Change component parameters (AddParameter): Name = ""; Value = "5% 0603 100 ppm/K Thick Film"; VariantName = "[No Variations]"
Change component parameters: Designator = "R77"; Footprint = "RES 0603"; UniqueID = "\JAAGFCIX"
Change component parameters. Clean all parameters for all variants
Change component parameters (AddParameter): Name = ""; Value = "5% 0603 100 ppm/K Thick Film"; VariantName = "[No Variations]"
Change component parameters: Designator = "R78"; Footprint = "RES 0603"; UniqueID = "\JPTIFYSQ"
Change component parameters. Clean all parameters for all variants
Change component parameters (AddParameter): Name = ""; Value = "5% 0603 100 ppm/K Thick Film"; VariantName = "[No Variations]"
Change component parameters: Designator = "R79"; Footprint = "RES 0603"; UniqueID = "\IJMMISIP"
Change component parameters. Clean all parameters for all variants
Change component parameters (AddParameter): Name = ""; Value = "5% 0603 100 ppm/K Thick Film"; VariantName = "[No Variations]"
Change component parameters: Designator = "R80"; Footprint = "RES 0603"; UniqueID = "\RAMFSKQI"
Change component parameters. Clean all parameters for all variants
Change component parameters (AddParameter): Name = ""; Value = "5% 0603 100 ppm/K Thick Film"; VariantName = "[No Variations]"
Change component parameters: Designator = "R81"; Footprint = "RES 0603"; UniqueID = "\URJWYXLW"
Change component parameters. Clean all parameters for all variants
Change component parameters (AddParameter): Name = ""; Value = "5% 0603 100 ppm/K Thick Film"; VariantName = "[No Variations]"
Change component parameters: Designator = "R82"; Footprint = "RES 0603"; UniqueID = "\CAWTPQXY"
Change component parameters. Clean all parameters for all variants
Change component parameters (AddParameter): Name = ""; Value = "5% 0603 100 ppm/K Thick Film"; VariantName = "[No Variations]"
Change component parameters: Designator = "R83"; Footprint = "RES 0603"; UniqueID = "\WYTOQEJO"
Change component parameters. Clean all parameters for all variants
Change component parameters (AddParameter): Name = ""; Value = "5% 0603 100 ppm/K Thick Film"; VariantName = "[No Variations]"
Change component parameters: Designator = "R84"; Footprint = "RES 0603"; UniqueID = "\DMIMTDOH"
Change component parameters. Clean all parameters for all variants
Change component parameters (AddParameter): Name = ""; Value = "5% 0603 100 ppm/K Thick Film"; VariantName = "[No Variations]"
Change component parameters: Designator = "R85"; Footprint = "RES 0603"; UniqueID = "\NEVWUABH"
Change component parameters. Clean all parameters for all variants
Change component parameters (AddParameter): Name = ""; Value = "5% 0603 100 ppm/K Thick Film"; VariantName = "[No Variations]"
Change component parameters: Designator = "R86"; Footprint = "RES 0603"; UniqueID = "\MSWNRJLD"
Change component parameters. Clean all parameters for all variants
Change component parameters (AddParameter): Name = ""; Value = "5% 0603 100 ppm/K Thick Film"; VariantName = "[No Variations]"
Change component parameters: Designator = "R87"; Footprint = "RES 0603"; UniqueID = "\MDRUFCKK"
Change component parameters. Clean all parameters for all variants
Change component parameters (AddParameter): Name = ""; Value = "5% 0603 100 ppm/K Thick Film"; VariantName = "[No Variations]"
Change component parameters: Designator = "R88"; Footprint = "RES 0603"; UniqueID = "\LJRRYQGK"
Change component parameters. Clean all parameters for all variants
Change component parameters (AddParameter): Name = ""; Value = "5% 0603 100 ppm/K Thick Film"; VariantName = "[No Variations]"
Change component parameters: Designator = "R89"; Footprint = "RES 0603"; UniqueID = "\KCGWOBBL"
Change component parameters. Clean all parameters for all variants
Change component parameters (AddParameter): Name = ""; Value = "5% 0603 100 ppm/K Thick Film"; VariantName = "[No Variations]"
Change component parameters: Designator = "R90"; Footprint = "RES 0603"; UniqueID = "\YLTNNCVA"
Change component parameters. Clean all parameters for all variants
Change component parameters (AddParameter): Name = ""; Value = "5% 0603 100 ppm/K Thick Film"; VariantName = "[No Variations]"
Change component parameters: Designator = "R92"; Footprint = "RES 0603"; UniqueID = "\INJWLHAF"
Change component parameters. Clean all parameters for all variants
Change component parameters (AddParameter): Name = ""; Value = "1% 0603 Thick Film"; VariantName = "[No Variations]"
Change component parameters: Designator = "R93"; Footprint = "RES 0603"; UniqueID = "\NREAKVBI"
Change component parameters. Clean all parameters for all variants
Change component parameters (AddParameter): Name = ""; Value = "1% 0603 Thick Film"; VariantName = "[No Variations]"
Change component parameters: Designator = "R94"; Footprint = "RES 0603"; UniqueID = "\RNHGRBNG"
Change component parameters. Clean all parameters for all variants
Change component parameters (AddParameter): Name = ""; Value = "1% 0603 Thick Film"; VariantName = "[No Variations]"
Change component parameters: Designator = "R95"; Footprint = "RES 1210"; UniqueID = "\LEWHFGEK"
Change component parameters. Clean all parameters for all variants
Change component parameters (AddParameter): Name = ""; Value = "1% 1210 200V 1/2W 100 ppm/K Metal Glaze/Thick Film"; VariantName = "[No Variations]"
Change component parameters: Designator = "R96"; Footprint = "RES 1210"; UniqueID = "\HVBJIAAR"
Change component parameters. Clean all parameters for all variants
Change component parameters (AddParameter): Name = ""; Value = "1% 1210 200V 1/2W 100 ppm/K Metal Glaze/Thick Film"; VariantName = "[No Variations]"
Change component parameters: Designator = "R97"; Footprint = "RES 1210"; UniqueID = "\OBJQNSPI"
Change component parameters. Clean all parameters for all variants
Change component parameters (AddParameter): Name = ""; Value = "1% 1210 200V 1/2W 100 ppm/K Metal Glaze/Thick Film"; VariantName = "[No Variations]"
Change component parameters: Designator = "R98"; Footprint = "RES 0603"; UniqueID = "\DOBUHILH"
Change component parameters. Clean all parameters for all variants
Change component parameters (AddParameter): Name = ""; Value = "1% 0603 Thick Film"; VariantName = "[No Variations]"
Change component parameters: Designator = "R99"; Footprint = "RES 0603"; UniqueID = "\JMLVCJSF"
Change component parameters. Clean all parameters for all variants
Change component parameters (AddParameter): Name = ""; Value = "1% 0603 Thick Film"; VariantName = "[No Variations]"
Change component parameters: Designator = "R100"; Footprint = "RES 0603"; UniqueID = "\WEPCNFXU"
Change component parameters. Clean all parameters for all variants
Change component parameters (AddParameter): Name = ""; Value = "1% 0603 Thick Film"; VariantName = "[No Variations]"
Change component parameters: Designator = "R101"; Footprint = "RES 1210"; UniqueID = "\HIWMAFBJ"
Change component parameters. Clean all parameters for all variants
Change component parameters (AddParameter): Name = ""; Value = "1% 1210 200V 1/2W 100 ppm/K Metal Glaze/Thick Film"; VariantName = "[No Variations]"
Change component parameters: Designator = "R102"; Footprint = "RES 1210"; UniqueID = "\CAPTNLOB"
Change component parameters. Clean all parameters for all variants
Change component parameters (AddParameter): Name = ""; Value = "1% 1210 200V 1/2W 100 ppm/K Metal Glaze/Thick Film"; VariantName = "[No Variations]"
Change component parameters: Designator = "R103"; Footprint = "RES 1210"; UniqueID = "\RVBVLBQO"
Change component parameters. Clean all parameters for all variants
Change component parameters (AddParameter): Name = ""; Value = "1% 1210 200V 1/2W 100 ppm/K Metal Glaze/Thick Film"; VariantName = "[No Variations]"
Change component parameters: Designator = "P1"; Footprint = "Connector X2X"; UniqueID = "\WFPMPUOX"
Change component parameters. Clean all parameters for all variants
Change component parameters: Designator = "P2"; Footprint = "Connector 6x2"; UniqueID = "\GBWOTAIC"
Change component parameters. Clean all parameters for all variants
Change Net Name : Old Net Name=+5V Noise New Net Name=5V
Change Net Name : Old Net Name=+6.5V New Net Name=6V5
Change Net Name : Old Net Name=NetC18_2 New Net Name=NetC33_2
Change Net Name : Old Net Name=NetC19_2 New Net Name=NetC32_2
Change Net Name : Old Net Name=NetC20_2 New Net Name=NetC35_2
Change Net Name : Old Net Name=NetC21_1 New Net Name=AI_COM
Change Net Name : Old Net Name=NetC21_2 New Net Name=NetC34_2
Change Net Name : Old Net Name=NetC22_2 New Net Name=NetC37_2
Change Net Name : Old Net Name=NetC23_2 New Net Name=NetC36_2
Change Net Name : Old Net Name=NetC34_2 New Net Name=NetC44_2
Change Net Name : Old Net Name=NetC35_2 New Net Name=RESET
Change Net Name : Old Net Name=NetC36_2 New Net Name=XTAL1
Change Net Name : Old Net Name=NetC37_2 New Net Name=XTAL2
Change Net Name : Old Net Name=NetD27_1 New Net Name=2V5
Change Net Name : Old Net Name=NetJ1_7 New Net Name=ADC_CLK
Change Net Name : Old Net Name=NetLED3_2 New Net Name=NetLED2_2
Change Net Name : Old Net Name=NetLED6_2 New Net Name=NetLED4_2
Change Net Name : Old Net Name=NetR7_2 New Net Name=NetR9_2
Change Net Name : Old Net Name=NetR9_1 New Net Name=NetR14_1
Change Net Name : Old Net Name=NetR12_2 New Net Name=NetR11_2
Change Net Name : Old Net Name=NetR18_1 New Net Name=RX
Change Net Name : Old Net Name=NetR19_1 New Net Name=TX_En
Change Net Name : Old Net Name=NetR41_1 New Net Name=DI_01
Change Net Name : Old Net Name=NetR42_1 New Net Name=DI_04
Change Net Name : Old Net Name=NetR43_1 New Net Name=NetR44_1
Change Net Name : Old Net Name=NetR44_2 New Net Name=NetR48_2
Change Net Name : Old Net Name=NetR47_1 New Net Name=NetR43_1
Change Net Name : Old Net Name=NetR48_2 New Net Name=NetR45_2
Change Net Name : Old Net Name=NetR51_1 New Net Name=DI_02
Change Net Name : Old Net Name=NetR52_1 New Net Name=DI_05
Change Net Name : Old Net Name=NetR53_1 New Net Name=NetR54_1
Change Net Name : Old Net Name=NetR54_2 New Net Name=NetR58_2
Change Net Name : Old Net Name=NetR57_1 New Net Name=NetR53_1
Change Net Name : Old Net Name=NetR58_2 New Net Name=NetR55_2
Change Net Name : Old Net Name=NetR61_1 New Net Name=DI_03
Change Net Name : Old Net Name=NetR62_1 New Net Name=DI_06
Change Net Name : Old Net Name=NetR63_1 New Net Name=NetR64_1
Change Net Name : Old Net Name=NetR64_2 New Net Name=NetR68_2
Change Net Name : Old Net Name=NetR67_1 New Net Name=NetR63_1
Change Net Name : Old Net Name=NetR68_2 New Net Name=NetR65_2
Change Net Name : Old Net Name=NetU8_4 New Net Name=TX
