Removed Pin From Net: NetName=GND Pin=C13-1
Removed Pin From Net: NetName=+3V3 Pin=C13-2
Removed Pin From Net: NetName=GND Pin=C15-1
Removed Pin From Net: NetName=GND Pin=C16-1
Removed Pin From Net: NetName=GND Pin=C17-1
Removed Pin From Net: NetName=GND Pin=C24-1
Removed Pin From Net: NetName=GND Pin=C25-1
Removed Pin From Net: NetName=GND Pin=C26-1
Removed Pin From Net: NetName=GND Pin=C27-1
Removed Pin From Net: NetName=GND Pin=C28-1
Removed Pin From Net: NetName=GND Pin=C29-1
Removed Pin From Net: NetName=GND Pin=C30-1
Removed Pin From Net: NetName=GND Pin=C31-1
Removed Pin From Net: NetName=GND Pin=C32-1
Removed Pin From Net: NetName=GND Pin=C33-1
Removed Pin From Net: NetName=GND Pin=C38-1
Removed Pin From Net: NetName=GND Pin=C39-1
Removed Pin From Net: NetName=GND Pin=C40-1
Removed Pin From Net: NetName=GND Pin=C41-1
Removed Pin From Net: NetName=GND Pin=C42-1
Removed Pin From Net: NetName=GND Pin=C43-1
Removed Pin From Net: NetName=GND Pin=C44-1
Removed Pin From Net: NetName=+5V Noise Pin=C44-2
Removed Pin From Net: NetName=GND Pin=C45-1
Removed Pin From Net: NetName=+5V Noise Pin=C45-2
Removed Pin From Net: NetName=GND Pin=C46-1
Removed Pin From Net: NetName=+5V Noise Pin=C46-2
Removed Pin From Net: NetName=GND Pin=C47-1
Removed Pin From Net: NetName=+5V Noise Pin=C47-2
Removed Pin From Net: NetName=+5V Noise Pin=C48-2
Removed Pin From Net: NetName=+5V Noise Pin=C49-2
Removed Pin From Net: NetName=+5V Noise Pin=C50-2
Removed Pin From Net: NetName=GND Pin=D10-1
Removed Pin From Net: NetName=GND Pin=D11-1
Removed Pin From Net: NetName=GND Pin=D12-1
Removed Pin From Net: NetName=GND Pin=D13-1
Removed Pin From Net: NetName=GND Pin=D14-1
Removed Pin From Net: NetName=GND Pin=D15-1
Removed Pin From Net: NetName=GND Pin=D16-1
Removed Pin From Net: NetName=GND Pin=D17-1
Removed Pin From Net: NetName=GND Pin=D18-1
Removed Pin From Net: NetName=GND Pin=D19-1
Removed Pin From Net: NetName=GND Pin=D20-1
Removed Pin From Net: NetName=GND Pin=D21-1
Removed Pin From Net: NetName=GND Pin=D22-1
Removed Pin From Net: NetName=GND Pin=D24-1
Removed Pin From Net: NetName=GND Pin=D26-1
Removed Pin From Net: NetName=GND Pin=D28-1
Removed Pin From Net: NetName=+5V Noise Pin=J1-2
Removed Pin From Net: NetName=+5V Noise Pin=LED2-1
Removed Pin From Net: NetName=GND Pin=P1-2
Removed Pin From Net: NetName=NetC21_1 Pin=P2-9
Removed Pin From Net: NetName=+24V Pin=P3-4
Removed Pin From Net: NetName=GND Pin=P3-5
Removed Pin From Net: NetName=GND Pin=P4-4
Removed Pin From Net: NetName=GND Pin=P4-8
Removed Pin From Net: NetName=GND Pin=PL1-1
Removed Pin From Net: NetName=+5V Proc Pin=PL1-4
Removed Pin From Net: NetName=GND Pin=PL2-1
Removed Pin From Net: NetName=+5V Proc Pin=PL2-4
Removed Pin From Net: NetName=GND Pin=PL3-1
Removed Pin From Net: NetName=+5V Proc Pin=PL3-4
Removed Pin From Net: NetName=GND Pin=PL4-1
Removed Pin From Net: NetName=+5V Proc Pin=PL4-4
Removed Pin From Net: NetName=GND Pin=PL5-1
Removed Pin From Net: NetName=+5V Proc Pin=PL5-4
Removed Pin From Net: NetName=GND Pin=PL6-1
Removed Pin From Net: NetName=+5V Proc Pin=PL6-4
Removed Pin From Net: NetName=+5V Noise Pin=R14-2
Removed Pin From Net: NetName=+5V Noise Pin=R15-2
Removed Pin From Net: NetName=+3V3 Pin=R16-2
Removed Pin From Net: NetName=+5V Noise Pin=R17-2
Removed Pin From Net: NetName=GND Pin=R24-1
Removed Pin From Net: NetName=GND Pin=R26-1
Removed Pin From Net: NetName=GND Pin=R30-1
Removed Pin From Net: NetName=GND Pin=R33-1
Removed Pin From Net: NetName=GND Pin=R37-1
Removed Pin From Net: NetName=GND Pin=R40-1
Removed Pin From Net: NetName=GND Pin=R75-1
Removed Pin From Net: NetName=GND Pin=R76-1
Removed Pin From Net: NetName=GND Pin=R77-1
Removed Pin From Net: NetName=GND Pin=R78-1
Removed Pin From Net: NetName=GND Pin=R82-1
Removed Pin From Net: NetName=GND Pin=R83-1
Removed Pin From Net: NetName=GND Pin=R84-1
Removed Pin From Net: NetName=GND Pin=R88-1
Removed Pin From Net: NetName=GND Pin=R89-1
Removed Pin From Net: NetName=GND Pin=R90-1
Removed Pin From Net: NetName=+5V Noise Pin=R91-2
Removed Pin From Net: NetName=GND Pin=R93-1
Removed Pin From Net: NetName=GND Pin=R95-1
Removed Pin From Net: NetName=GND Pin=R97-1
Removed Pin From Net: NetName=+5V Noise Pin=R103-2
Removed Pin From Net: NetName=GND Pin=T2-2
Removed Pin From Net: NetName=GND Pin=T4-2
Removed Pin From Net: NetName=GND Pin=T5-2
Removed Pin From Net: NetName=GND Pin=T6-2
Removed Pin From Net: NetName=GND Pin=TVS5-1
Removed Pin From Net: NetName=GND Pin=TVS6-1
Removed Pin From Net: NetName=GND Pin=TVS7-1
Removed Pin From Net: NetName=GND Pin=U1-TP
Removed Pin From Net: NetName=GND Pin=U5-1
Removed Pin From Net: NetName=GND Pin=U5-3
Removed Pin From Net: NetName=+3V3 Pin=U5-5
Removed Pin From Net: NetName=GND Pin=U6-1
Removed Pin From Net: NetName=GND Pin=U6-3
Removed Pin From Net: NetName=+3V3 Pin=U6-5
Removed Pin From Net: NetName=GND Pin=U7-1
Removed Pin From Net: NetName=GND Pin=U7-3
Removed Pin From Net: NetName=+3V3 Pin=U7-5
Removed Pin From Net: NetName=+5V Proc Pin=U9-1
Removed Pin From Net: NetName=GND Pin=U9-2
Removed Pin From Net: NetName=GND Pin=U10-4
Removed Pin From Net: NetName=GND Pin=U10-5
Removed Pin From Net: NetName=+5V Proc Pin=U10-8
Removed Pin From Net: NetName=GND Pin=U11-4
Removed Pin From Net: NetName=GND Pin=U11-6
Removed Pin From Net: NetName=+5V Proc Pin=U11-8
Removed Pin From Net: NetName=+5V Proc Pin=U12-1
Removed Pin From Net: NetName=GND Pin=U12-2
Removed Pin From Net: NetName=GND Pin=U13-4
Removed Pin From Net: NetName=GND Pin=U13-5
Removed Pin From Net: NetName=+5V Proc Pin=U13-8
Removed Pin From Net: NetName=GND Pin=U14-4
Removed Pin From Net: NetName=GND Pin=U14-6
Removed Pin From Net: NetName=+5V Proc Pin=U14-8
Removed Pin From Net: NetName=+5V Proc Pin=U15-1
Removed Pin From Net: NetName=GND Pin=U15-2
Removed Pin From Net: NetName=+5V Proc Pin=U16-1
Removed Pin From Net: NetName=GND Pin=U16-2
Removed Pin From Net: NetName=GND Pin=U17-4
Removed Pin From Net: NetName=GND Pin=U17-5
Removed Pin From Net: NetName=+5V Proc Pin=U17-8
Removed Pin From Net: NetName=GND Pin=U18-4
Removed Pin From Net: NetName=GND Pin=U18-6
Removed Pin From Net: NetName=+5V Proc Pin=U18-8
Removed Pin From Net: NetName=+5V Proc Pin=U19-1
Removed Pin From Net: NetName=GND Pin=U19-2
Removed Pin From Net: NetName=+5V Proc Pin=U20-1
Removed Pin From Net: NetName=GND Pin=U20-2
Removed Pin From Net: NetName=GND Pin=U21-1
Removed Pin From Net: NetName=GND Pin=U21-3
Removed Pin From Net: NetName=GND Pin=U21-4
Removed Pin From Net: NetName=GND Pin=U21-5
Removed Pin From Net: NetName=GND Pin=U21-8
Removed Pin From Net: NetName=GND Pin=U21-12
Removed Pin From Net: NetName=GND Pin=U21-13
Removed Pin From Net: NetName=+5V Noise Pin=U21-16
Removed Pin From Net: NetName=+5V Noise Pin=U22-1
Removed Pin From Net: NetName=+5V Noise Pin=U22-4
Removed Pin From Net: NetName=GND Pin=U22-7
Removed Pin From Net: NetName=+5V Noise Pin=U22-14
Removed Pin From Net: NetName=GND Pin=U23-1
Removed Pin From Net: NetName=GND Pin=U23-3
Removed Pin From Net: NetName=GND Pin=U23-4
Removed Pin From Net: NetName=GND Pin=U23-8
Removed Pin From Net: NetName=GND Pin=U23-12
Removed Pin From Net: NetName=GND Pin=U23-13
Removed Pin From Net: NetName=+5V Noise Pin=U23-16
Removed Pin From Net: NetName=GND Pin=U24-1
Removed Pin From Net: NetName=GND Pin=U24-3
Removed Pin From Net: NetName=GND Pin=U24-4
Removed Pin From Net: NetName=GND Pin=U24-8
Removed Pin From Net: NetName=GND Pin=U24-12
Removed Pin From Net: NetName=GND Pin=U24-13
Removed Pin From Net: NetName=+5V Noise Pin=U24-16
Removed Pin From Net: NetName=+5V Noise Pin=U25-21
Removed Pin From Net: NetName=NetR19_1 Pin=U25-29
Removed Pin From Net: NetName=+5V Noise Pin=U25-52
Removed Pin From Net: NetName=+5V Noise Pin=U25-64
Removed Pin From Net: NetName=GND Pin=U26-1
Removed Pin From Net: NetName=GND Pin=U26-3
Removed Pin From Net: NetName=+3V3 Pin=U26-5
Change Component Footprint: Designator=P1 Old Footprint=mcd 1,5/6-G1-3.81 New Footprint=Connector 6x2
Change Component Footprint: Designator=P2 Old Footprint=mcd 1,5/6-G1-3.81 New Footprint=Connector 6x2
Change Component Footprint: Designator=P3 Old Footprint=PhClass5 New Footprint=Connector 6x2
Change Component Comment : Designator=U25 Old Comment=ATmega128A-AU New Comment=MCU
Change Component Comment : Designator=T1 Old Comment=BSS138BK.215 New Comment=NPN
Change Component Comment : Designator=T3 Old Comment=BSS138BK.215 New Comment=NPN
Change Component Comment : Designator=LED1 Old Comment=KP-1608SGC New Comment=LED Green
Change Component Comment : Designator=LED3 Old Comment=KP-1608SGC New Comment=LED Green
Change Component Comment : Designator=LED6 Old Comment=KP-1608SGC New Comment=LED Green
Change Component Comment : Designator=P1 Old Comment=MCD 1.5/6-G1-3.81 New Comment=Conncector 6x2
Change Component Comment : Designator=P2 Old Comment=MCD 1.5/6-G1-3.81 New Comment=Conncector 6x2
Change Component Comment : Designator=U8 Old Comment=SN65HVD3082EDR New Comment=RS485 Driver
Change Component Comment : Designator=TVS2 Old Comment=TVS Diode New Comment=TVS 6V
Change Component Comment : Designator=TVS3 Old Comment=TVS Diode New Comment=TVS 6V
Change Component Comment : Designator=TVS4 Old Comment=TVS Diode New Comment=TVS 6V
Change Component Comment : Designator=P3 Old Comment=X2X New Comment=Conncector 6x2
Change Component Designator: OldDesignator=Dip1 NewDesignator=SW1
Change component parameters: Designator = "P1"; Footprint = "Connector 6x2"; UniqueID = "\GBWOTAIC"
Change component parameters. Clean all parameters for all variants
Change component parameters: Designator = "P2"; Footprint = "Connector 6x2"; UniqueID = "\KJHFRGPC"
Change component parameters. Clean all parameters for all variants
Added Component: Designator=C?(CAP CER 0603 NP)
Add component. Clean all parameters for all variants
Add component (AddParameter): Name = ""; Value = "10% 0603 16V X5R"; VariantName = "[No Variations]"
Added Component: Designator=C?(CAP CER 0603 NP)
Add component. Clean all parameters for all variants
Add component (AddParameter): Name = ""; Value = "10% 0603 100V X7R"; VariantName = "[No Variations]"
Added Component: Designator=C?(CAP CER 0603 NP)
Add component. Clean all parameters for all variants
Add component (AddParameter): Name = ""; Value = "10% 0603 16V X5R"; VariantName = "[No Variations]"
Added Component: Designator=C?(CAP CER 0603 NP)
Add component. Clean all parameters for all variants
Add component (AddParameter): Name = ""; Value = "10% 0603 100V X7R"; VariantName = "[No Variations]"
Added Component: Designator=C?(CAP CER 0603 NP)
Add component. Clean all parameters for all variants
Add component (AddParameter): Name = ""; Value = "10% 0603 25V X7R"; VariantName = "[No Variations]"
Added Component: Designator=C?(CAP CER 0603 NP)
Add component. Clean all parameters for all variants
Add component (AddParameter): Name = ""; Value = "10% 0603 25V X5R"; VariantName = "[No Variations]"
Added Component: Designator=C?(CAP CER 0603 NP)
Add component. Clean all parameters for all variants
Add component (AddParameter): Name = ""; Value = "5% 0603 50V X7R"; VariantName = "[No Variations]"
Added Component: Designator=C?(0603)
Add component. Clean all parameters for all variants
Added Component: Designator=C?(0603)
Add component. Clean all parameters for all variants
Added Component: Designator=C?(0603)
Add component. Clean all parameters for all variants
Added Component: Designator=C?(0603)
Add component. Clean all parameters for all variants
Added Component: Designator=C?(0603)
Add component. Clean all parameters for all variants
Added Component: Designator=C?(1206)
Add component. Clean all parameters for all variants
Added Component: Designator=C?(1206)
Add component. Clean all parameters for all variants
Added Component: Designator=C?(1206)
Add component. Clean all parameters for all variants
Added Component: Designator=C?(0603)
Add component. Clean all parameters for all variants
Added Component: Designator=C?(0603)
Add component. Clean all parameters for all variants
Added Component: Designator=C?(0603)
Add component. Clean all parameters for all variants
Added Component: Designator=C?(0603)
Add component. Clean all parameters for all variants
Added Component: Designator=C?(0603)
Add component. Clean all parameters for all variants
Added Component: Designator=C?(0603)
Add component. Clean all parameters for all variants
Added Component: Designator=C?(0603)
Add component. Clean all parameters for all variants
Added Component: Designator=C?(0603)
Add component. Clean all parameters for all variants
Added Component: Designator=C?(0603)
Add component. Clean all parameters for all variants
Added Component: Designator=C?(0603)
Add component. Clean all parameters for all variants
Added Component: Designator=C?(0603)
Add component. Clean all parameters for all variants
Added Component: Designator=C?(CAP CER 0603 NP)
Add component. Clean all parameters for all variants
Add component (AddParameter): Name = ""; Value = "10% 0603 16V X5R"; VariantName = "[No Variations]"
Added Component: Designator=C?(CAP CER 0603 NP)
Add component. Clean all parameters for all variants
Add component (AddParameter): Name = ""; Value = "10% 0603 100V X7R"; VariantName = "[No Variations]"
Added Component: Designator=C?(CAP CER 0603 NP)
Add component. Clean all parameters for all variants
Add component (AddParameter): Name = ""; Value = "10% 0603 16V X5R"; VariantName = "[No Variations]"
Added Component: Designator=C?(CAP CER 0603 NP)
Add component. Clean all parameters for all variants
Add component (AddParameter): Name = ""; Value = "10% 0603 100V X7R"; VariantName = "[No Variations]"
Added Component: Designator=C?(CAP CER 0603 NP)
Add component. Clean all parameters for all variants
Add component (AddParameter): Name = ""; Value = "10% 0603 16V X5R"; VariantName = "[No Variations]"
Added Component: Designator=C?(CAP CER 0603 NP)
Add component. Clean all parameters for all variants
Add component (AddParameter): Name = ""; Value = "10% 0603 100V X7R"; VariantName = "[No Variations]"
Added Component: Designator=C?(0603)
Add component. Clean all parameters for all variants
Added Component: Designator=C?(0603)
Add component. Clean all parameters for all variants
Added Component: Designator=C?(0603)
Add component. Clean all parameters for all variants
Added Component: Designator=C?(0603)
Add component. Clean all parameters for all variants
Added Component: Designator=C?(0603)
Add component. Clean all parameters for all variants
Added Component: Designator=C?(0603)
Add component. Clean all parameters for all variants
Added Component: Designator=C?(0603)
Add component. Clean all parameters for all variants
Added Component: Designator=C?(0603)
Add component. Clean all parameters for all variants
Added Component: Designator=C?(0603)
Add component. Clean all parameters for all variants
Added Component: Designator=C?(CAP CER 0603 NP)
Add component. Clean all parameters for all variants
Add component (AddParameter): Name = ""; Value = "10% 0603 16V X5R"; VariantName = "[No Variations]"
Added Component: Designator=C?(CAP CER 0603 NP)
Add component. Clean all parameters for all variants
Add component (AddParameter): Name = ""; Value = "10% 0603 100V X7R"; VariantName = "[No Variations]"
Added Component: Designator=C?(CAP CER 0603 NP)
Add component. Clean all parameters for all variants
Add component (AddParameter): Name = ""; Value = "10% 0603 100V X7R"; VariantName = "[No Variations]"
Added Component: Designator=C?(CAP CER 0603 NP)
Add component. Clean all parameters for all variants
Add component (AddParameter): Name = ""; Value = "10% 0603 16V X5R"; VariantName = "[No Variations]"
Added Component: Designator=C?(CAP CER 0603 NP)
Add component. Clean all parameters for all variants
Add component (AddParameter): Name = ""; Value = "10% 0603 100V X7R"; VariantName = "[No Variations]"
Added Component: Designator=C?(CAP CER 0603 NP)
Add component. Clean all parameters for all variants
Add component (AddParameter): Name = ""; Value = "10% 0603 100V X7R"; VariantName = "[No Variations]"
Added Component: Designator=C?(CAP CER 0603 NP)
Add component. Clean all parameters for all variants
Add component (AddParameter): Name = ""; Value = "10% 0603 16V X5R"; VariantName = "[No Variations]"
Added Component: Designator=C?(CAP CER 0603 NP)
Add component. Clean all parameters for all variants
Add component (AddParameter): Name = ""; Value = "10% 0603 100V X7R"; VariantName = "[No Variations]"
Added Component: Designator=C?(CAP CER 0603 NP)
Add component. Clean all parameters for all variants
Add component (AddParameter): Name = ""; Value = "10% 0603 100V X7R"; VariantName = "[No Variations]"
Added Component: Designator=C?(CAP CER 0603 NP)
Add component. Clean all parameters for all variants
Add component (AddParameter): Name = ""; Value = "10% 0603 16V X5R"; VariantName = "[No Variations]"
Added Component: Designator=C?(CAP CER 0603 NP)
Add component. Clean all parameters for all variants
Add component (AddParameter): Name = ""; Value = "10% 0603 100V X7R"; VariantName = "[No Variations]"
Added Component: Designator=C?(CAP CER 0603 NP)
Add component. Clean all parameters for all variants
Add component (AddParameter): Name = ""; Value = "10% 0603 100V X7R"; VariantName = "[No Variations]"
Added Component: Designator=C?(CAP CER 0603 NP)
Add component. Clean all parameters for all variants
Add component (AddParameter): Name = ""; Value = "10% 0603 16V X5R"; VariantName = "[No Variations]"
Added Component: Designator=C?(CAP CER 0603 NP)
Add component. Clean all parameters for all variants
Add component (AddParameter): Name = ""; Value = "10% 0603 100V X7R"; VariantName = "[No Variations]"
Added Component: Designator=C?(CAP CER 0603 NP)
Add component. Clean all parameters for all variants
Add component (AddParameter): Name = ""; Value = "10% 0603 100V X7R"; VariantName = "[No Variations]"
Added Component: Designator=C?(CAP CER 0603 NP)
Add component. Clean all parameters for all variants
Add component (AddParameter): Name = ""; Value = "10% 0603 16V X5R"; VariantName = "[No Variations]"
Added Component: Designator=C?(CAP CER 0603 NP)
Add component. Clean all parameters for all variants
Add component (AddParameter): Name = ""; Value = "10% 0603 100V X7R"; VariantName = "[No Variations]"
Added Component: Designator=C?(CAP CER 0603 NP)
Add component. Clean all parameters for all variants
Add component (AddParameter): Name = ""; Value = "10% 0603 100V X7R"; VariantName = "[No Variations]"
Added Component: Designator=C?(CAP CER 0603 NP)
Add component. Clean all parameters for all variants
Add component (AddParameter): Name = ""; Value = "10% 0603 16V X5R"; VariantName = "[No Variations]"
Added Component: Designator=C?(CAP CER 0603 NP)
Add component. Clean all parameters for all variants
Add component (AddParameter): Name = ""; Value = "10% 0603 100V X7R"; VariantName = "[No Variations]"
Added Component: Designator=C?(CAP CER 0603 NP)
Add component. Clean all parameters for all variants
Add component (AddParameter): Name = ""; Value = "10% 0603 100V X7R"; VariantName = "[No Variations]"
Added Component: Designator=C?(CAP CER 0603 NP)
Add component. Clean all parameters for all variants
Add component (AddParameter): Name = ""; Value = "10% 0603 16V X5R"; VariantName = "[No Variations]"
Added Component: Designator=C?(CAP CER 0603 NP)
Add component. Clean all parameters for all variants
Add component (AddParameter): Name = ""; Value = "10% 0603 100V X7R"; VariantName = "[No Variations]"
Added Component: Designator=C?(CAP CER 0603 NP)
Add component. Clean all parameters for all variants
Add component (AddParameter): Name = ""; Value = "10% 0603 100V X7R"; VariantName = "[No Variations]"
Added Component: Designator=C?(CAP CER 0603 NP)
Add component. Clean all parameters for all variants
Add component (AddParameter): Name = ""; Value = "10% 0603 16V X5R"; VariantName = "[No Variations]"
Added Component: Designator=C?(CAP CER 0603 NP)
Add component. Clean all parameters for all variants
Add component (AddParameter): Name = ""; Value = "10% 0603 100V X7R"; VariantName = "[No Variations]"
Added Component: Designator=C?(CAP CER 0603 NP)
Add component. Clean all parameters for all variants
Add component (AddParameter): Name = ""; Value = "10% 0603 100V X7R"; VariantName = "[No Variations]"
Added Component: Designator=ETH?(RJ45)
Add component. Clean all parameters for all variants
Added Component: Designator=L?(0805)
Add component. Clean all parameters for all variants
Added Component: Designator=L?(0805)
Add component. Clean all parameters for all variants
Added Component: Designator=LED?(0603)
Add component. Clean all parameters for all variants
Add component (AddParameter): Name = "LatestRevisionDate"; Value = "08-Jul-2005"; VariantName = "[No Variations]"
Add component (AddParameter): Name = "LatestRevisionNote"; Value = "Mech Layer 1 removed."; VariantName = "[No Variations]"
Add component (AddParameter): Name = "PackageDescription"; Value = "LED; 2 Leads"; VariantName = "[No Variations]"
Add component (AddParameter): Name = "PackageReference"; Value = "LED-0"; VariantName = "[No Variations]"
Add component (AddParameter): Name = "Published"; Value = "8-Jun-2000"; VariantName = "[No Variations]"
Add component (AddParameter): Name = "Publisher"; Value = "Altium Limited"; VariantName = "[No Variations]"
Added Component: Designator=P3(Connector X2X)
Add component. Clean all parameters for all variants
Added Component: Designator=PL?(PLS-5 2.54)
Add component. Clean all parameters for all variants
Added Component: Designator=PL?(PLS-5 2.54)
Add component. Clean all parameters for all variants
Added Component: Designator=Q?(SOT-23)
Add component. Clean all parameters for all variants
Add component (AddParameter): Name = ""; Value = "65 V 100 mA SOT-23 (TO-236AB)"; VariantName = "[No Variations]"
Added Component: Designator=Q?(SOT-23)
Add component. Clean all parameters for all variants
Add component (AddParameter): Name = ""; Value = "65 V 100 mA SOT-23 (TO-236AB)"; VariantName = "[No Variations]"
Added Component: Designator=Q?(SOT23)
Add component. Clean all parameters for all variants
Added Component: Designator=Q?(SOT23)
Add component. Clean all parameters for all variants
Added Component: Designator=Q?(SOT23)
Add component. Clean all parameters for all variants
Added Component: Designator=R?(RES 0603)
Add component. Clean all parameters for all variants
Add component (AddParameter): Name = ""; Value = "0.1% 0603 25 ppm/K Thin Film Precision High Stability"; VariantName = "[No Variations]"
Added Component: Designator=R?(RES 0603)
Add component. Clean all parameters for all variants
Add component (AddParameter): Name = ""; Value = "0.1% 0603 25 ppm/K Thin Film Precision High Stability"; VariantName = "[No Variations]"
Added Component: Designator=R?(RES 0603)
Add component. Clean all parameters for all variants
Add component (AddParameter): Name = ""; Value = "1% 0603 100 ppm/K Thick Film"; VariantName = "[No Variations]"
Added Component: Designator=R?(RES 0603)
Add component. Clean all parameters for all variants
Add component (AddParameter): Name = ""; Value = "1% 0603 100ppm/K Thick Film"; VariantName = "[No Variations]"
Added Component: Designator=R?(RES 0603)
Add component. Clean all parameters for all variants
Added Component: Designator=R?(RES 0603)
Add component. Clean all parameters for all variants
Add component (AddParameter): Name = ""; Value = "1% 0603 100 ppm/K Thick Film"; VariantName = "[No Variations]"
Added Component: Designator=R?(RES 0603)
Add component. Clean all parameters for all variants
Add component (AddParameter): Name = ""; Value = "1% 0603 100 ppm/K Thick Film"; VariantName = "[No Variations]"
Added Component: Designator=R?(RES 0603)
Add component. Clean all parameters for all variants
Add component (AddParameter): Name = ""; Value = "1% 0603 100ppm/K Thick Film"; VariantName = "[No Variations]"
Added Component: Designator=R?(RES 0603)
Add component. Clean all parameters for all variants
Add component (AddParameter): Name = ""; Value = "1% 0603 100 ppm/K Thick Film"; VariantName = "[No Variations]"
Added Component: Designator=R?(RES 0603)
Add component. Clean all parameters for all variants
Add component (AddParameter): Name = ""; Value = "1% 0603 100 ppm/K Thick Film"; VariantName = "[No Variations]"
Added Component: Designator=R?(RES 0603)
Add component. Clean all parameters for all variants
Add component (AddParameter): Name = ""; Value = "0.1% 0603 25 ppm/K"; VariantName = "[No Variations]"
Added Component: Designator=R?(RES 0603)
Add component. Clean all parameters for all variants
Add component (AddParameter): Name = ""; Value = "0.1% 0603 25 ppm/K Thin Film Precision High Stability"; VariantName = "[No Variations]"
Added Component: Designator=R?(RES 0603)
Add component. Clean all parameters for all variants
Add component (AddParameter): Name = ""; Value = "0.1% 0603 25 ppm/K Thin Film Precision High Stability"; VariantName = "[No Variations]"
Added Component: Designator=R?(RES 0603)
Add component. Clean all parameters for all variants
Add component (AddParameter): Name = ""; Value = "0.1% 0603 25 ppm/K Thin Film Precision High Stability"; VariantName = "[No Variations]"
Added Component: Designator=R?(RES 0603)
Add component. Clean all parameters for all variants
Add component (AddParameter): Name = ""; Value = "0.1% 0603 25 ppm/K Thin Film Precision High Stability"; VariantName = "[No Variations]"
Added Component: Designator=R?(RES 0603)
Add component. Clean all parameters for all variants
Add component (AddParameter): Name = ""; Value = "5% 0603 100 ppm/K Thick Film"; VariantName = "[No Variations]"
Added Component: Designator=R?(RES 0603)
Add component. Clean all parameters for all variants
Add component (AddParameter): Name = ""; Value = "5% 0603 100 ppm/K Thick Film"; VariantName = "[No Variations]"
Added Component: Designator=R?(0603)
Add component. Clean all parameters for all variants
Added Component: Designator=R?(0603)
Add component. Clean all parameters for all variants
Added Component: Designator=R?(0603)
Add component. Clean all parameters for all variants
Added Component: Designator=R?(0603)
Add component. Clean all parameters for all variants
Added Component: Designator=R?(0603)
Add component. Clean all parameters for all variants
Added Component: Designator=R?(0603)
Add component. Clean all parameters for all variants
Added Component: Designator=R?(0603)
Add component. Clean all parameters for all variants
Added Component: Designator=R?(0603)
Add component. Clean all parameters for all variants
Added Component: Designator=R?(0603)
Add component. Clean all parameters for all variants
Added Component: Designator=R?(0603)
Add component. Clean all parameters for all variants
Added Component: Designator=R?(0603)
Add component. Clean all parameters for all variants
Added Component: Designator=R?(0603)
Add component. Clean all parameters for all variants
Added Component: Designator=R?(0603)
Add component. Clean all parameters for all variants
Added Component: Designator=R?(0603)
Add component. Clean all parameters for all variants
Added Component: Designator=R?(0603)
Add component. Clean all parameters for all variants
Added Component: Designator=R?(0603)
Add component. Clean all parameters for all variants
Added Component: Designator=R?(0603)
Add component. Clean all parameters for all variants
Added Component: Designator=R?(0603)
Add component. Clean all parameters for all variants
Added Component: Designator=R?(0603)
Add component. Clean all parameters for all variants
Added Component: Designator=R?(0603)
Add component. Clean all parameters for all variants
Added Component: Designator=R?(0603)
Add component. Clean all parameters for all variants
Added Component: Designator=R?(0603)
Add component. Clean all parameters for all variants
Added Component: Designator=R?(0603)
Add component. Clean all parameters for all variants
Added Component: Designator=R?(0603)
Add component. Clean all parameters for all variants
Added Component: Designator=R?(0603)
Add component. Clean all parameters for all variants
Added Component: Designator=R?(0603)
Add component. Clean all parameters for all variants
Added Component: Designator=R?(RES 0603)
Add component. Clean all parameters for all variants
Add component (AddParameter): Name = ""; Value = "5% 0603 100 ppm/K Thick Film"; VariantName = "[No Variations]"
Added Component: Designator=R?(RES 0603)
Add component. Clean all parameters for all variants
Add component (AddParameter): Name = ""; Value = "5% 0603 100 ppm/K Thick Film"; VariantName = "[No Variations]"
Added Component: Designator=R?(RES 0603)
Add component. Clean all parameters for all variants
Add component (AddParameter): Name = ""; Value = "5% 0603 100 ppm/K Thick Film"; VariantName = "[No Variations]"
Added Component: Designator=R?(RES 0603)
Add component. Clean all parameters for all variants
Add component (AddParameter): Name = ""; Value = "5% 0603 100 ppm/K Thick Film"; VariantName = "[No Variations]"
Added Component: Designator=R?(RES 0603)
Add component. Clean all parameters for all variants
Add component (AddParameter): Name = ""; Value = "5% 0603 100 ppm/K Thick Film"; VariantName = "[No Variations]"
Added Component: Designator=R?(RES 0603)
Add component. Clean all parameters for all variants
Add component (AddParameter): Name = ""; Value = "5% 0603 100 ppm/K Thick Film"; VariantName = "[No Variations]"
Added Component: Designator=R?(RES 0603)
Add component. Clean all parameters for all variants
Add component (AddParameter): Name = ""; Value = "5% 0603 100 ppm/K Thick Film"; VariantName = "[No Variations]"
Added Component: Designator=R?(RES 0603)
Add component. Clean all parameters for all variants
Add component (AddParameter): Name = ""; Value = "5% 0603 100 ppm/K Thick Film"; VariantName = "[No Variations]"
Added Component: Designator=R?(RES 0603)
Add component. Clean all parameters for all variants
Add component (AddParameter): Name = ""; Value = "5% 0603 100 ppm/K Thick Film"; VariantName = "[No Variations]"
Added Component: Designator=R?(RES 0603)
Add component. Clean all parameters for all variants
Add component (AddParameter): Name = ""; Value = "5% 0603 100 ppm/K Thick Film"; VariantName = "[No Variations]"
Added Component: Designator=R?(RES 0603)
Add component. Clean all parameters for all variants
Add component (AddParameter): Name = ""; Value = "5% 0603 100 ppm/K Thick Film"; VariantName = "[No Variations]"
Added Component: Designator=R?(RES 0603)
Add component. Clean all parameters for all variants
Add component (AddParameter): Name = ""; Value = "5% 0603 100 ppm/K Thick Film"; VariantName = "[No Variations]"
Added Component: Designator=R?(RES 0603)
Add component. Clean all parameters for all variants
Add component (AddParameter): Name = ""; Value = "5% 0603 100 ppm/K Thick Film"; VariantName = "[No Variations]"
Added Component: Designator=R?(RES 0603)
Add component. Clean all parameters for all variants
Add component (AddParameter): Name = ""; Value = "5% 0603 100 ppm/K Thick Film"; VariantName = "[No Variations]"
Added Component: Designator=R?(RES 0603)
Add component. Clean all parameters for all variants
Add component (AddParameter): Name = ""; Value = "5% 0603 100 ppm/K Thick Film"; VariantName = "[No Variations]"
Added Component: Designator=R?(RES 0603)
Add component. Clean all parameters for all variants
Add component (AddParameter): Name = ""; Value = "5% 0603 100 ppm/K Thick Film"; VariantName = "[No Variations]"
Added Component: Designator=R?(RES 0603)
Add component. Clean all parameters for all variants
Add component (AddParameter): Name = ""; Value = "5% 0603 100 ppm/K Thick Film"; VariantName = "[No Variations]"
Added Component: Designator=R?(RES 0603)
Add component. Clean all parameters for all variants
Add component (AddParameter): Name = ""; Value = "5% 0603 100 ppm/K Thick Film"; VariantName = "[No Variations]"
Added Component: Designator=R?(RES 0603)
Add component. Clean all parameters for all variants
Add component (AddParameter): Name = ""; Value = "5% 0603 100 ppm/K Thick Film"; VariantName = "[No Variations]"
Added Component: Designator=R?(RES 0603)
Add component. Clean all parameters for all variants
Add component (AddParameter): Name = ""; Value = "5% 0603 100 ppm/K Thick Film"; VariantName = "[No Variations]"
Added Component: Designator=R?(1206)
Add component. Clean all parameters for all variants
Added Component: Designator=R?(1206)
Add component. Clean all parameters for all variants
Added Component: Designator=R?(0603)
Add component. Clean all parameters for all variants
Added Component: Designator=R?(0603)
Add component. Clean all parameters for all variants
Added Component: Designator=R?(0603)
Add component. Clean all parameters for all variants
Added Component: Designator=R?(0603)
Add component. Clean all parameters for all variants
Added Component: Designator=R?(0603)
Add component. Clean all parameters for all variants
Added Component: Designator=R?(1206)
Add component. Clean all parameters for all variants
Added Component: Designator=R?(1206)
Add component. Clean all parameters for all variants
Added Component: Designator=R?(0603)
Add component. Clean all parameters for all variants
Added Component: Designator=R?(0603)
Add component. Clean all parameters for all variants
Added Component: Designator=R?(0603)
Add component. Clean all parameters for all variants
Added Component: Designator=R?(0603)
Add component. Clean all parameters for all variants
Added Component: Designator=R?(0603)
Add component. Clean all parameters for all variants
Added Component: Designator=R?(0603)
Add component. Clean all parameters for all variants
Added Component: Designator=R?(0603)
Add component. Clean all parameters for all variants
Added Component: Designator=R?(1206)
Add component. Clean all parameters for all variants
Added Component: Designator=R?(1206)
Add component. Clean all parameters for all variants
Added Component: Designator=R?(0603)
Add component. Clean all parameters for all variants
Added Component: Designator=R?(0603)
Add component. Clean all parameters for all variants
Added Component: Designator=R?(0603)
Add component. Clean all parameters for all variants
Added Component: Designator=R?(0603)
Add component. Clean all parameters for all variants
Added Component: Designator=R?(0603)
Add component. Clean all parameters for all variants
Added Component: Designator=R?(RES 1210)
Add component. Clean all parameters for all variants
Add component (AddParameter): Name = ""; Value = "1% 1210 200V 1/2W 100 ppm/K Metal Glaze/Thick Film"; VariantName = "[No Variations]"
Added Component: Designator=R?(RES 0603)
Add component. Clean all parameters for all variants
Add component (AddParameter): Name = ""; Value = "1% 0603 Thick Film"; VariantName = "[No Variations]"
Added Component: Designator=R?(RES 1210)
Add component. Clean all parameters for all variants
Add component (AddParameter): Name = ""; Value = "1% 1210 200V 1/2W 100 ppm/K Metal Glaze/Thick Film"; VariantName = "[No Variations]"
Added Component: Designator=R?(RES 0603)
Add component. Clean all parameters for all variants
Add component (AddParameter): Name = ""; Value = "1% 0603 Thick Film"; VariantName = "[No Variations]"
Added Component: Designator=R?(RES 1210)
Add component. Clean all parameters for all variants
Add component (AddParameter): Name = ""; Value = "1% 1210 200V 1/2W 100 ppm/K Metal Glaze/Thick Film"; VariantName = "[No Variations]"
Added Component: Designator=R?(RES 0603)
Add component. Clean all parameters for all variants
Add component (AddParameter): Name = ""; Value = "1% 0603 Thick Film"; VariantName = "[No Variations]"
Added Component: Designator=R?(RES 1210)
Add component. Clean all parameters for all variants
Add component (AddParameter): Name = ""; Value = "1% 1210 200V 1/2W 100 ppm/K Metal Glaze/Thick Film"; VariantName = "[No Variations]"
Added Component: Designator=R?(RES 0603)
Add component. Clean all parameters for all variants
Add component (AddParameter): Name = ""; Value = "1% 0603 Thick Film"; VariantName = "[No Variations]"
Added Component: Designator=R?(RES 1210)
Add component. Clean all parameters for all variants
Add component (AddParameter): Name = ""; Value = "1% 1210 200V 1/2W 100 ppm/K Metal Glaze/Thick Film"; VariantName = "[No Variations]"
Added Component: Designator=R?(RES 0603)
Add component. Clean all parameters for all variants
Add component (AddParameter): Name = ""; Value = "1% 0603 Thick Film"; VariantName = "[No Variations]"
Added Component: Designator=R?(RES 1210)
Add component. Clean all parameters for all variants
Add component (AddParameter): Name = ""; Value = "1% 1210 200V 1/2W 100 ppm/K Metal Glaze/Thick Film"; VariantName = "[No Variations]"
Added Component: Designator=R?(RES 0603)
Add component. Clean all parameters for all variants
Add component (AddParameter): Name = ""; Value = "1% 0603 Thick Film"; VariantName = "[No Variations]"
Added Component: Designator=R?(RES 1210)
Add component. Clean all parameters for all variants
Add component (AddParameter): Name = ""; Value = "1% 1210 200V 1/2W 100 ppm/K Metal Glaze/Thick Film"; VariantName = "[No Variations]"
Added Component: Designator=R?(RES 0603)
Add component. Clean all parameters for all variants
Add component (AddParameter): Name = ""; Value = "1% 0603 Thick Film"; VariantName = "[No Variations]"
Added Component: Designator=R?(RES 1210)
Add component. Clean all parameters for all variants
Add component (AddParameter): Name = ""; Value = "1% 1210 200V 1/2W 100 ppm/K Metal Glaze/Thick Film"; VariantName = "[No Variations]"
Added Component: Designator=R?(RES 0603)
Add component. Clean all parameters for all variants
Add component (AddParameter): Name = ""; Value = "1% 0603 Thick Film"; VariantName = "[No Variations]"
Added Component: Designator=R?(RES 1210)
Add component. Clean all parameters for all variants
Add component (AddParameter): Name = ""; Value = "1% 1210 200V 1/2W 100 ppm/K Metal Glaze/Thick Film"; VariantName = "[No Variations]"
Added Component: Designator=R?(RES 0603)
Add component. Clean all parameters for all variants
Add component (AddParameter): Name = ""; Value = "1% 0603 Thick Film"; VariantName = "[No Variations]"
Added Component: Designator=Rxxx(RES 0603)
Add component. Clean all parameters for all variants
Add component (AddParameter): Name = ""; Value = "1% 0603 100 ppm/K Thick Film"; VariantName = "[No Variations]"
Added Component: Designator=T1(Talema)
Add component. Clean all parameters for all variants
Added Component: Designator=T?(SOT23)
Add component. Clean all parameters for all variants
Added Component: Designator=T?(Talema)
Add component. Clean all parameters for all variants
Added Component: Designator=T?(Talema)
Add component. Clean all parameters for all variants
Added Component: Designator=TVS?(DO-214AC)
Add component. Clean all parameters for all variants
Added Component: Designator=TVS?(DO-214AC)
Add component. Clean all parameters for all variants
Added Component: Designator=TVS?(DO-214AC)
Add component. Clean all parameters for all variants
Added Component: Designator=U?(SOT-23-6)
Add component. Clean all parameters for all variants
Added Component: Designator=U?(SOIC-14)
Add component. Clean all parameters for all variants
Added Component: Designator=U?(SOIC-14)
Add component. Clean all parameters for all variants
Added Component: Designator=U?(SOIC-14)
Add component. Clean all parameters for all variants
Added Component: Designator=U?(SOIC-14)
Add component. Clean all parameters for all variants
Added Component: Designator=U?(LQFP 48)
Add component. Clean all parameters for all variants
Added Component: Designator=U?(SOIC-8)
Add component. Clean all parameters for all variants
Added Component: Designator=U?(SOIC-8)
Add component. Clean all parameters for all variants
Added Component: Designator=U?(SOIC-8)
Add component. Clean all parameters for all variants
Added Component: Designator=U?(SOIC-8)
Add component. Clean all parameters for all variants
Added Component: Designator=U?(SOIC-8)
Add component. Clean all parameters for all variants
Added Component: Designator=U?(SOT23 - 6)
Add component. Clean all parameters for all variants
Added Component: Designator=U?(SOT235)
Add component. Clean all parameters for all variants
Added Component: Designator=U?(SOT23 - 6)
Add component. Clean all parameters for all variants
Added Component: Designator=U?(SOT235)
Add component. Clean all parameters for all variants
Added Component: Designator=U?(SOT23 - 6)
Add component. Clean all parameters for all variants
Added Component: Designator=U?(SOT235)
Add component. Clean all parameters for all variants
Added Component: Designator=U?(SOT-23-6)
Add component. Clean all parameters for all variants
Added Component: Designator=U?(SOT-23-6)
Add component. Clean all parameters for all variants
Added Component: Designator=U?(SOT-23-6)
Add component. Clean all parameters for all variants
Added Component: Designator=U?(SOT-23-6)
Add component. Clean all parameters for all variants
Added Component: Designator=U?(SOT-23-6)
Add component. Clean all parameters for all variants
Added Component: Designator=U?(SOT-23-6)
Add component. Clean all parameters for all variants
Added Component: Designator=U?(SOT-23-6)
Add component. Clean all parameters for all variants
Added Component: Designator=U?(SOT-23-6)
Add component. Clean all parameters for all variants
Added Component: Designator=U?(SOT-23-6)
Add component. Clean all parameters for all variants
Added Component: Designator=VD?(SOT-23)
Add component. Clean all parameters for all variants
Add component (AddParameter): Name = ""; Value = "1%"; VariantName = "[No Variations]"
Added Component: Designator=XTL?(KX-7 XTAL)
Add component. Clean all parameters for all variants
Added Component: Designator=ZD?(SOD323 (SC-76))
Add component. Clean all parameters for all variants
Add component (AddParameter): Name = ""; Value = "Imin=1mA SOD-323"; VariantName = "[No Variations]"
Added Component: Designator=ZD?(SOD323 (SC-76))
Add component. Clean all parameters for all variants
Add component (AddParameter): Name = ""; Value = "Imin=1mA SOD-323"; VariantName = "[No Variations]"
Added Component: Designator=ZD?(SOD323 (SC-76))
Add component. Clean all parameters for all variants
Add component (AddParameter): Name = ""; Value = "Imin=1mA SOD-323"; VariantName = "[No Variations]"
Added Component: Designator=ZD?(SOD323 (SC-76))
Add component. Clean all parameters for all variants
Add component (AddParameter): Name = ""; Value = "Imin=1mA SOD-323"; VariantName = "[No Variations]"
Added Component: Designator=ZD?(SOD323 (SC-76))
Add component. Clean all parameters for all variants
Add component (AddParameter): Name = ""; Value = "Imin=1mA SOD-323"; VariantName = "[No Variations]"
Added Component: Designator=ZD?(SOD323 (SC-76))
Add component. Clean all parameters for all variants
Add component (AddParameter): Name = ""; Value = "Imin=1mA SOD-323"; VariantName = "[No Variations]"
Added Component: Designator=ZD?(SOD323 (SC-76))
Add component. Clean all parameters for all variants
Add component (AddParameter): Name = ""; Value = "Imin=1mA SOD-323"; VariantName = "[No Variations]"
Added Component: Designator=ZD?(SOD323 (SC-76))
Add component. Clean all parameters for all variants
Add component (AddParameter): Name = ""; Value = "Imin=1mA SOD-323"; VariantName = "[No Variations]"
Added Component: Designator=ZD?(SOD323 (SC-76))
Add component. Clean all parameters for all variants
Add component (AddParameter): Name = ""; Value = "Imin=1mA SOD-323"; VariantName = "[No Variations]"
Added Pin To Net: NetName=NetC21_1 Pin=C18-1
Added Pin To Net: NetName=NetC21_1 Pin=C19-1
Added Pin To Net: NetName=NetC21_1 Pin=C20-1
Added Pin To Net: NetName=NetC21_1 Pin=C22-1
Added Pin To Net: NetName=NetC21_1 Pin=C23-1
Added Pin To Net: NetName=+5V Proc Pin=C48-2
Added Pin To Net: NetName=+5V Proc Pin=C49-2
Added Pin To Net: NetName=+5V Proc Pin=C50-2
Added Pin To Net: NetName=+5V Proc Pin=C?-1
Added Pin To Net: NetName=+5V Proc Pin=C?-1
Added Pin To Net: NetName=+5V Proc Pin=C?-1
Added Pin To Net: NetName=+5V Proc Pin=C?-1
Added Pin To Net: NetName=+5V Proc Pin=C?-1
Added Pin To Net: NetName=+5V Proc Pin=C?-1
Added Pin To Net: NetName=+5V Proc Pin=C?-1
Added Pin To Net: NetName=+5V Proc Pin=C?-1
Added Pin To Net: NetName=+5V Proc Pin=C?-1
Added Pin To Net: NetName=+5V Proc Pin=C?-1
Added Pin To Net: NetName=+5V Proc Pin=C?-1
Added Pin To Net: NetName=+5V Proc Pin=C?-1
Added Pin To Net: NetName=+5V Proc Pin=C?-1
Added Pin To Net: NetName=+5V Proc Pin=C?-1
Added Pin To Net: NetName=+5V Proc Pin=C?-1
Added Pin To Net: NetName=+5V Proc Pin=C?-1
Added Pin To Net: NetName=GND Pin=C?-1
Added Pin To Net: NetName=GND Pin=C?-1
Added Pin To Net: NetName=GND Pin=C?-1
Added Pin To Net: NetName=GND Pin=C?-1
Added Pin To Net: NetName=GND Pin=C?-1
Added Pin To Net: NetName=GND Pin=C?-1
Added Pin To Net: NetName=GND Pin=C?-1
Added Pin To Net: NetName=GND Pin=C?-1
Added Pin To Net: NetName=GND Pin=C?-1
Added Pin To Net: NetName=GND Pin=C?-1
Added Pin To Net: NetName=GND Pin=C?-1
Added Pin To Net: NetName=GND Pin=C?-1
Added Pin To Net: NetName=GND Pin=C?-1
Added Pin To Net: NetName=GND Pin=C?-1
Added Pin To Net: NetName=GND Pin=C?-1
Added Pin To Net: NetName=GND Pin=C?-1
Added Pin To Net: NetName=GND Pin=C?-1
Added Pin To Net: NetName=GND Pin=C?-1
Added Pin To Net: NetName=GND Pin=C?-1
Added Pin To Net: NetName=GND Pin=C?-1
Added Pin To Net: NetName=GND Pin=C?-1
Added Pin To Net: NetName=GND Pin=C?-1
Added Pin To Net: NetName=GND Pin=C?-1
Added Pin To Net: NetName=GND Pin=C?-1
Added Pin To Net: NetName=GND Pin=C?-1
Added Pin To Net: NetName=GND Pin=C?-1
Added Pin To Net: NetName=GND Pin=C?-1
Added Pin To Net: NetName=GND Pin=C?-1
Added Pin To Net: NetName=GND Pin=C?-1
Added Pin To Net: NetName=GND Pin=C?-1
Added Pin To Net: NetName=GND Pin=C?-1
Added Pin To Net: NetName=+5V Proc Pin=C?-2
Added Pin To Net: NetName=+5V Proc Pin=C?-2
Added Pin To Net: NetName=+5V Proc Pin=C?-2
Added Pin To Net: NetName=+5V Proc Pin=C?-2
Added Pin To Net: NetName=+5V Proc Pin=C?-2
Added Pin To Net: NetName=+5V Proc Pin=C?-2
Added Pin To Net: NetName=+5V Proc Pin=C?-2
Added Pin To Net: NetName=+5V Proc Pin=C?-2
Added Pin To Net: NetName=+5V Proc Pin=C?-2
Added Pin To Net: NetName=+5V Proc Pin=C?-2
Added Pin To Net: NetName=+5V Proc Pin=C?-2
Added Pin To Net: NetName=+5V Proc Pin=C?-2
Added Pin To Net: NetName=+5V Proc Pin=C?-2
Added Pin To Net: NetName=+5V Proc Pin=C?-2
Added Pin To Net: NetName=+5V Proc Pin=C?-2
Added Pin To Net: NetName=GND Pin=C?-2
Added Pin To Net: NetName=GND Pin=C?-2
Added Pin To Net: NetName=GND Pin=C?-2
Added Pin To Net: NetName=GND Pin=C?-2
Added Pin To Net: NetName=GND Pin=C?-2
Added Pin To Net: NetName=GND Pin=C?-2
Added Pin To Net: NetName=GND Pin=C?-2
Added Pin To Net: NetName=GND Pin=C?-2
Added Pin To Net: NetName=GND Pin=C?-2
Added Pin To Net: NetName=GND Pin=C?-2
Added Pin To Net: NetName=GND Pin=C?-2
Added Pin To Net: NetName=GND Pin=C?-2
Added Pin To Net: NetName=GND Pin=C?-2
Added Pin To Net: NetName=GND Pin=C?-2
Added Pin To Net: NetName=GND Pin=C?-2
Added Pin To Net: NetName=GND Pin=C?-2
Added Pin To Net: NetName=GND Pin=C?-2
Added Pin To Net: NetName=GND Pin=C?-2
Added Pin To Net: NetName=GND Pin=C?-2
Added Pin To Net: NetName=GND Pin=C?-2
Added Pin To Net: NetName=GND Pin=C?-2
Added Pin To Net: NetName=GND Pin=C?-2
Added Pin To Net: NetName=GND Pin=C?-2
Added Pin To Net: NetName=GND Pin=C?-2
Added Pin To Net: NetName=GND Pin=C?-2
Added Pin To Net: NetName=GND Pin=C?-2
Added Pin To Net: NetName=GND Pin=C?-2
Added Pin To Net: NetName=GND Pin=C?-2
Added Pin To Net: NetName=+5V Proc Pin=J1-2
Added Pin To Net: NetName=+3V3 Pin=L?-1
Added Pin To Net: NetName=+3V3 Pin=L?-1
Added Pin To Net: NetName=+5V Noise Pin=LED?-1
Added Pin To Net: NetName=GND Pin=P1-1
Added Pin To Net: NetName=NetC21_1 Pin=P2-2
Added Pin To Net: NetName=NetC21_1 Pin=P2-4
Added Pin To Net: NetName=NetC21_1 Pin=P2-6
Added Pin To Net: NetName=GND Pin=P2-12
Added Pin To Net: NetName=GND Pin=P3-1
Added Pin To Net: NetName=GND Pin=P3-3
Added Pin To Net: NetName=+5V Proc Pin=PL?-1
Added Pin To Net: NetName=GND Pin=PL?-5
Added Pin To Net: NetName=+5V Proc Pin=Q?-2
Added Pin To Net: NetName=GND Pin=Q?-2
Added Pin To Net: NetName=GND Pin=Q?-2
Added Pin To Net: NetName=GND Pin=Q?-2
Added Pin To Net: NetName=NetC21_1 Pin=R46-1
Added Pin To Net: NetName=NetC21_1 Pin=R50-1
Added Pin To Net: NetName=NetC21_1 Pin=R56-1
Added Pin To Net: NetName=NetC21_1 Pin=R66-1
Added Pin To Net: NetName=NetC21_1 Pin=R70-1
Added Pin To Net: NetName=+5V Proc Pin=R91-2
Added Pin To Net: NetName=GND Pin=R?-1
Added Pin To Net: NetName=GND Pin=R?-1
Added Pin To Net: NetName=GND Pin=R?-1
Added Pin To Net: NetName=GND Pin=R?-1
Added Pin To Net: NetName=GND Pin=R?-1
Added Pin To Net: NetName=GND Pin=R?-1
Added Pin To Net: NetName=GND Pin=R?-1
Added Pin To Net: NetName=GND Pin=R?-1
Added Pin To Net: NetName=GND Pin=R?-1
Added Pin To Net: NetName=GND Pin=R?-1
Added Pin To Net: NetName=GND Pin=R?-1
Added Pin To Net: NetName=GND Pin=R?-1
Added Pin To Net: NetName=GND Pin=R?-1
Added Pin To Net: NetName=GND Pin=R?-1
Added Pin To Net: NetName=GND Pin=R?-1
Added Pin To Net: NetName=GND Pin=R?-1
Added Pin To Net: NetName=GND Pin=R?-1
Added Pin To Net: NetName=+5V Proc Pin=R?-2
Added Pin To Net: NetName=GND Pin=R?-2
Added Pin To Net: NetName=GND Pin=R?-2
Added Pin To Net: NetName=GND Pin=R?-2
Added Pin To Net: NetName=GND Pin=R?-2
Added Pin To Net: NetName=GND Pin=R?-2
Added Pin To Net: NetName=GND Pin=R?-2
Added Pin To Net: NetName=GND Pin=R?-2
Added Pin To Net: NetName=GND Pin=R?-2
Added Pin To Net: NetName=GND Pin=R?-2
Added Pin To Net: NetName=+5V Noise Pin=SW1-1
Added Pin To Net: NetName=+5V Noise Pin=SW1-2
Added Pin To Net: NetName=+5V Noise Pin=SW1-3
Added Pin To Net: NetName=+5V Noise Pin=SW1-4
Added Pin To Net: NetName=+5V Noise Pin=SW1-5
Added Pin To Net: NetName=GND Pin=T?-2
Added Pin To Net: NetName=A4 Pin=U25-18
Added Pin To Net: NetName=A5 Pin=U25-19
Added Pin To Net: NetName=+5V Proc Pin=U25-21
Added Pin To Net: NetName=NetR19_1 Pin=U25-26
Added Pin To Net: NetName=A1 Pin=U25-33
Added Pin To Net: NetName=A2 Pin=U25-34
Added Pin To Net: NetName=A3 Pin=U25-43
Added Pin To Net: NetName=+5V Proc Pin=U25-52
Added Pin To Net: NetName=+5V Proc Pin=U25-64
Added Pin To Net: NetName=NetC21_1 Pin=U*1-2
Added Pin To Net: NetName=NetC21_1 Pin=U*2-2
Added Pin To Net: NetName=NetC21_1 Pin=U*3-2
Added Pin To Net: NetName=NetC21_1 Pin=U*5-2
Added Pin To Net: NetName=NetC21_1 Pin=U*6-2
Added Pin To Net: NetName=+5V Proc Pin=U?-1
Added Pin To Net: NetName=+5V Proc Pin=U?-1
Added Pin To Net: NetName=+5V Proc Pin=U?-1
Added Pin To Net: NetName=+5V Proc Pin=U?-1
Added Pin To Net: NetName=+5V Proc Pin=U?-1
Added Pin To Net: NetName=+5V Proc Pin=U?-1
Added Pin To Net: NetName=+5V Proc Pin=U?-1
Added Pin To Net: NetName=+5V Proc Pin=U?-1
Added Pin To Net: NetName=+5V Proc Pin=U?-1
Added Pin To Net: NetName=+5V Proc Pin=U?-1
Added Pin To Net: NetName=+5V Proc Pin=U?-1
Added Pin To Net: NetName=+5V Proc Pin=U?-1
Added Pin To Net: NetName=+5V Proc Pin=U?-1
Added Pin To Net: NetName=GND Pin=U?-2
Added Pin To Net: NetName=GND Pin=U?-2
Added Pin To Net: NetName=GND Pin=U?-2
Added Pin To Net: NetName=GND Pin=U?-2
Added Pin To Net: NetName=GND Pin=U?-2
Added Pin To Net: NetName=GND Pin=U?-2
Added Pin To Net: NetName=GND Pin=U?-2
Added Pin To Net: NetName=GND Pin=U?-2
Added Pin To Net: NetName=GND Pin=U?-2
Added Pin To Net: NetName=GND Pin=U?-2
Added Pin To Net: NetName=GND Pin=U?-2
Added Pin To Net: NetName=GND Pin=U?-2
Added Pin To Net: NetName=GND Pin=U?-2
Added Pin To Net: NetName=GND Pin=U?-2
Added Pin To Net: NetName=GND Pin=U?-2
Added Pin To Net: NetName=GND Pin=U?-2
Added Pin To Net: NetName=GND Pin=U?-3
Added Pin To Net: NetName=+5V Proc Pin=U?-5
Added Pin To Net: NetName=+5V Proc Pin=U?-5
Added Pin To Net: NetName=+5V Proc Pin=U?-5
Added Pin To Net: NetName=GND Pin=U?-9
Added Pin To Net: NetName=GND Pin=U?-14
Added Pin To Net: NetName=GND Pin=U?-16
Added Pin To Net: NetName=GND Pin=U?-19
Added Pin To Net: NetName=GND Pin=U?-29
Added Pin To Net: NetName=GND Pin=U?-48
Added Pin To Net: NetName=GND Pin=VD?-1
Added Pin To Net: NetName=GND Pin=XTL?-2
Added Pin To Net: NetName=GND Pin=XTL?-2
Added Pin To Net: NetName=GND Pin=ZD?-2
Added Pin To Net: NetName=GND Pin=ZD?-2
Added Pin To Net: NetName=GND Pin=ZD?-2
Added Pin To Net: NetName=GND Pin=ZD?-2
Added Pin To Net: NetName=GND Pin=ZD?-2
Added Pin To Net: NetName=GND Pin=ZD?-2
Added Pin To Net: NetName=GND Pin=ZD?-2
Added Pin To Net: NetName=GND Pin=ZD?-2
Added Pin To Net: NetName=GND Pin=ZD?-2
Change Net Name : Old Net Name=+3V3 New Net Name=3V3
Change Net Name : Old Net Name=+5V Noise New Net Name=5V_Noisy
Change Net Name : Old Net Name=+5V Proc New Net Name=5V_MCU
Change Net Name : Old Net Name=+6.5V New Net Name=6V5
Change Net Name : Old Net Name=NetC21_1 New Net Name=AI_COM
Change Net Name : Old Net Name=NetC35_2 New Net Name=RESET
Change Net Name : Old Net Name=NetR18_1 New Net Name=RX
Change Net Name : Old Net Name=NetR19_1 New Net Name=TX_En
Change Net Name : Old Net Name=NetR41_1 New Net Name=DI_01
Change Net Name : Old Net Name=NetR42_1 New Net Name=DI_04
Change Net Name : Old Net Name=NetR51_1 New Net Name=DI_02
Change Net Name : Old Net Name=NetR52_1 New Net Name=DI_05
Change Net Name : Old Net Name=NetR61_1 New Net Name=DI_03
Change Net Name : Old Net Name=NetR62_1 New Net Name=DI_06
Change Net Name : Old Net Name=NetU8_4 New Net Name=TX
Added Pin To Net: NetName=+5V Noise Pin=R?-1
Added Net: Name=+5V Noise
Added Pin To Net: NetName=2V5 Pin=R?-1
Added Pin To Net: NetName=2V5 Pin=R?-2
Added Pin To Net: NetName=2V5 Pin=R?-2
Added Pin To Net: NetName=2V5 Pin=R?-2
Added Pin To Net: NetName=2V5 Pin=R?-2
Added Pin To Net: NetName=2V5 Pin=R?-2
Added Pin To Net: NetName=2V5 Pin=R?-2
Added Pin To Net: NetName=2V5 Pin=R?-2
Added Pin To Net: NetName=2V5 Pin=T1-1
Added Pin To Net: NetName=2V5 Pin=T?-1
Added Pin To Net: NetName=2V5 Pin=T?-1
Added Pin To Net: NetName=2V5 Pin=TVS?-2
Added Pin To Net: NetName=2V5 Pin=TVS?-2
Added Pin To Net: NetName=2V5 Pin=TVS?-2
Added Net: Name=2V5
Added Pin To Net: NetName=3V3_A Pin=C?-1
Added Pin To Net: NetName=3V3_A Pin=C?-1
Added Pin To Net: NetName=3V3_A Pin=C?-1
Added Pin To Net: NetName=3V3_A Pin=C?-1
Added Pin To Net: NetName=3V3_A Pin=C?-1
Added Pin To Net: NetName=3V3_A Pin=C?-1
Added Pin To Net: NetName=3V3_A Pin=C?-2
Added Pin To Net: NetName=3V3_A Pin=L?-2
Added Pin To Net: NetName=3V3_A Pin=R?-2
Added Pin To Net: NetName=3V3_A Pin=R?-2
Added Pin To Net: NetName=3V3_A Pin=R?-2
Added Pin To Net: NetName=3V3_A Pin=U?-4
Added Pin To Net: NetName=3V3_A Pin=U?-8
Added Pin To Net: NetName=3V3_A Pin=U?-11
Added Pin To Net: NetName=3V3_A Pin=U?-15
Added Pin To Net: NetName=3V3_A Pin=U?-17
Added Pin To Net: NetName=3V3_A Pin=U?-21
Added Net: Name=3V3_A
Added Pin To Net: NetName=3V3_D Pin=C?-1
Added Pin To Net: NetName=3V3_D Pin=C?-2
Added Pin To Net: NetName=3V3_D Pin=ETH?-9
Added Pin To Net: NetName=3V3_D Pin=ETH?-12
Added Pin To Net: NetName=3V3_D Pin=L?-2
Added Pin To Net: NetName=3V3_D Pin=R?-2
Added Pin To Net: NetName=3V3_D Pin=R?-2
Added Pin To Net: NetName=3V3_D Pin=R?-2
Added Pin To Net: NetName=3V3_D Pin=R?-2
Added Pin To Net: NetName=3V3_D Pin=R?-2
Added Pin To Net: NetName=3V3_D Pin=R?-2
Added Pin To Net: NetName=3V3_D Pin=U?-28
Added Net: Name=3V3_D
Added Pin To Net: NetName=12V_Ref Pin=R?-2
Added Pin To Net: NetName=12V_Ref Pin=U?-3
Added Pin To Net: NetName=12V_Ref Pin=U?-3
Added Pin To Net: NetName=12V_Ref Pin=U?-3
Added Pin To Net: NetName=12V_Ref Pin=U?-3
Added Pin To Net: NetName=12V_Ref Pin=U?-3
Added Pin To Net: NetName=12V_Ref Pin=U?-5
Added Pin To Net: NetName=12V_Ref Pin=U?-5
Added Pin To Net: NetName=12V_Ref Pin=U?-5
Added Pin To Net: NetName=12V_Ref Pin=U?-5
Added Pin To Net: NetName=12V_Ref Pin=U?-5
Added Net: Name=12V_Ref
Added Pin To Net: NetName=24V_PWR Pin=D1-1
Added Pin To Net: NetName=24V_PWR Pin=P1-2
Added Pin To Net: NetName=24V_PWR Pin=P3-2
Added Pin To Net: NetName=24V_PWR Pin=R?-1
Added Pin To Net: NetName=24V_PWR Pin=R?-2
Added Pin To Net: NetName=24V_PWR Pin=R?-2
Added Pin To Net: NetName=24V_PWR Pin=R?-2
Added Pin To Net: NetName=24V_PWR Pin=R?-2
Added Pin To Net: NetName=24V_PWR Pin=R?-2
Added Pin To Net: NetName=24V_PWR Pin=R?-2
Added Pin To Net: NetName=24V_PWR Pin=R?-2
Added Pin To Net: NetName=24V_PWR Pin=R?-2
Added Pin To Net: NetName=24V_PWR Pin=R?-2
Added Pin To Net: NetName=24V_PWR Pin=R?-2
Added Net: Name=24V_PWR
Added Pin To Net: NetName=ACTLED Pin=R?-1
Added Pin To Net: NetName=ACTLED Pin=U?-27
Added Net: Name=ACTLED
Added Pin To Net: NetName=ADC1_CS Pin=PL?-1
Added Net: Name=ADC1_CS
Added Pin To Net: NetName=ADC1_GAIN Pin=PL?-2
Added Net: Name=ADC1_GAIN
Added Pin To Net: NetName=ADC2_CS Pin=PL?-2
Added Net: Name=ADC2_CS
Added Pin To Net: NetName=ADC2_GAIN Pin=PL?-4
Added Net: Name=ADC2_GAIN
Added Pin To Net: NetName=ADC3_CS Pin=PL?-3
Added Net: Name=ADC3_CS
Added Pin To Net: NetName=ADC3_GAIN Pin=PL?-3
Added Net: Name=ADC3_GAIN
Added Pin To Net: NetName=ADC_A1 Pin=U?-5
Added Net: Name=ADC_A1
Added Pin To Net: NetName=ADC_A2 Pin=U?-5
Added Net: Name=ADC_A2
Added Pin To Net: NetName=ADC_A3 Pin=U?-5
Added Net: Name=ADC_A3
Added Pin To Net: NetName=ADC_A4 Pin=U?-5
Added Net: Name=ADC_A4
Added Pin To Net: NetName=ADC_A5 Pin=U?-5
Added Net: Name=ADC_A5
Added Pin To Net: NetName=ADC_A6 Pin=U?-5
Added Net: Name=ADC_A6
Added Pin To Net: NetName=ADC_A7 Pin=U?-5
Added Net: Name=ADC_A7
Added Pin To Net: NetName=ADC_A8 Pin=U?-5
Added Net: Name=ADC_A8
Added Pin To Net: NetName=ADC_A9 Pin=U?-5
Added Net: Name=ADC_A9
Added Pin To Net: NetName=ADC_CLK Pin=U25-30
Added Pin To Net: NetName=ADC_CLK Pin=U?-4
Added Pin To Net: NetName=ADC_CLK Pin=U?-4
Added Pin To Net: NetName=ADC_CLK Pin=U?-4
Added Pin To Net: NetName=ADC_CLK Pin=U?-4
Added Pin To Net: NetName=ADC_CLK Pin=U?-4
Added Pin To Net: NetName=ADC_CLK Pin=U?-4
Added Pin To Net: NetName=ADC_CLK Pin=U?-4
Added Pin To Net: NetName=ADC_CLK Pin=U?-4
Added Pin To Net: NetName=ADC_CLK Pin=U?-4
Added Pin To Net: NetName=ADC_CLK Pin=U?-4
Added Pin To Net: NetName=ADC_CLK Pin=U?-4
Added Pin To Net: NetName=ADC_CLK Pin=U?-4
Added Pin To Net: NetName=ADC_CLK Pin=U?-4
Added Net: Name=ADC_CLK
Added Pin To Net: NetName=ADC_CS Pin=U25-29
Added Pin To Net: NetName=ADC_CS Pin=U?-6
Added Pin To Net: NetName=ADC_CS Pin=U?-6
Added Pin To Net: NetName=ADC_CS Pin=U?-6
Added Pin To Net: NetName=ADC_CS Pin=U?-6
Added Pin To Net: NetName=ADC_CS Pin=U?-6
Added Pin To Net: NetName=ADC_CS Pin=U?-6
Added Pin To Net: NetName=ADC_CS Pin=U?-6
Added Pin To Net: NetName=ADC_CS Pin=U?-6
Added Pin To Net: NetName=ADC_CS Pin=U?-6
Added Pin To Net: NetName=ADC_CS Pin=U?-6
Added Pin To Net: NetName=ADC_CS Pin=U?-6
Added Pin To Net: NetName=ADC_CS Pin=U?-6
Added Pin To Net: NetName=ADC_CS Pin=U?-6
Added Net: Name=ADC_CS
Added Pin To Net: NetName=ADC_CT1_GAIN Pin=R?-1
Added Net: Name=ADC_CT1_GAIN
Added Pin To Net: NetName=ADC_CT1 Pin=U?-5
Added Net: Name=ADC_CT1
Added Pin To Net: NetName=ADC_CT2_GAIN Pin=R?-1
Added Net: Name=ADC_CT2_GAIN
Added Pin To Net: NetName=ADC_CT2 Pin=U?-5
Added Net: Name=ADC_CT2
Added Pin To Net: NetName=ADC_CT3_GAIN Pin=R?-1
Added Net: Name=ADC_CT3_GAIN
Added Pin To Net: NetName=ADC_CT3 Pin=U?-5
Added Net: Name=ADC_CT3
Added Pin To Net: NetName=ADC_PT100 Pin=U?-5
Added Net: Name=ADC_PT100
Added Pin To Net: NetName=Ain_1 Pin=P3-2
Added Pin To Net: NetName=Ain_1 Pin=R?-2
Added Pin To Net: NetName=Ain_1 Pin=R?-2
Added Net: Name=Ain_1
Added Pin To Net: NetName=Ain_2 Pin=P3-4
Added Pin To Net: NetName=Ain_2 Pin=R?-2
Added Pin To Net: NetName=Ain_2 Pin=R?-2
Added Net: Name=Ain_2
Added Pin To Net: NetName=Ain_3 Pin=P3-3
Added Pin To Net: NetName=Ain_3 Pin=R?-2
Added Pin To Net: NetName=Ain_3 Pin=R?-2
Added Net: Name=Ain_3
Added Pin To Net: NetName=Bin_1 Pin=P3-6
Added Pin To Net: NetName=Bin_1 Pin=R?-2
Added Pin To Net: NetName=Bin_1 Pin=R?-2
Added Net: Name=Bin_1
Added Pin To Net: NetName=Bin_2 Pin=P3-8
Added Pin To Net: NetName=Bin_2 Pin=R?-2
Added Pin To Net: NetName=Bin_2 Pin=R?-2
Added Net: Name=Bin_2
Added Pin To Net: NetName=Bin_3 Pin=P3-7
Added Pin To Net: NetName=Bin_3 Pin=R?-2
Added Pin To Net: NetName=Bin_3 Pin=R?-2
Added Net: Name=Bin_3
Added Pin To Net: NetName=BIT_0 Pin=U25-35
Added Pin To Net: NetName=BIT_0 Pin=U?-1
Added Net: Name=BIT_0
Added Pin To Net: NetName=BIT_1 Pin=U25-36
Added Pin To Net: NetName=BIT_1 Pin=U?-6
Added Net: Name=BIT_1
Added Pin To Net: NetName=BIT_2 Pin=U25-37
Added Pin To Net: NetName=BIT_2 Pin=U?-1
Added Net: Name=BIT_2
Added Pin To Net: NetName=BIT_3 Pin=U25-38
Added Pin To Net: NetName=BIT_3 Pin=U?-6
Added Net: Name=BIT_3
Added Pin To Net: NetName=BIT_4 Pin=U25-39
Added Pin To Net: NetName=BIT_4 Pin=U?-1
Added Net: Name=BIT_4
Added Pin To Net: NetName=BIT_5 Pin=U25-40
Added Pin To Net: NetName=BIT_5 Pin=U?-6
Added Net: Name=BIT_5
Added Pin To Net: NetName=BIT_6 Pin=U25-41
Added Pin To Net: NetName=BIT_6 Pin=U?-1
Added Net: Name=BIT_6
Added Pin To Net: NetName=BIT_7 Pin=U25-42
Added Pin To Net: NetName=BIT_7 Pin=U?-6
Added Net: Name=BIT_7
Added Pin To Net: NetName=BIT_8 Pin=U25-45
Added Pin To Net: NetName=BIT_8 Pin=U?-1
Added Net: Name=BIT_8
Added Pin To Net: NetName=BIT_9 Pin=U25-44
Added Pin To Net: NetName=BIT_9 Pin=U?-6
Added Net: Name=BIT_9
Added Pin To Net: NetName=CGND Pin=C?-2
Added Pin To Net: NetName=CGND Pin=ETH?-8
Added Pin To Net: NetName=CGND Pin=ETH?-SHIELD
Added Pin To Net: NetName=CGND Pin=ETH?-SHIELD
Added Net: Name=CGND
Added Pin To Net: NetName=Cin_1 Pin=P3-10
Added Pin To Net: NetName=Cin_1 Pin=R?-2
Added Pin To Net: NetName=Cin_1 Pin=R?-2
Added Net: Name=Cin_1
Added Pin To Net: NetName=Cin_2 Pin=P3-12
Added Pin To Net: NetName=Cin_2 Pin=R?-2
Added Pin To Net: NetName=Cin_2 Pin=R?-2
Added Net: Name=Cin_2
Added Pin To Net: NetName=Cin_3 Pin=P3-11
Added Pin To Net: NetName=Cin_3 Pin=R?-2
Added Pin To Net: NetName=Cin_3 Pin=R?-2
Added Net: Name=Cin_3
Added Pin To Net: NetName=Enc_0 Pin=P1-3
Added Pin To Net: NetName=Enc_0 Pin=R?-2
Added Net: Name=Enc_0
Added Pin To Net: NetName=Enc_1 Pin=P1-4
Added Pin To Net: NetName=Enc_1 Pin=R?-2
Added Net: Name=Enc_1
Added Pin To Net: NetName=Enc_2 Pin=P1-5
Added Pin To Net: NetName=Enc_2 Pin=R?-2
Added Net: Name=Enc_2
Added Pin To Net: NetName=Enc_3 Pin=P1-6
Added Pin To Net: NetName=Enc_3 Pin=R?-2
Added Net: Name=Enc_3
Added Pin To Net: NetName=Enc_4 Pin=P1-7
Added Pin To Net: NetName=Enc_4 Pin=R?-2
Added Net: Name=Enc_4
Added Pin To Net: NetName=Enc_5 Pin=P1-8
Added Pin To Net: NetName=Enc_5 Pin=R?-2
Added Net: Name=Enc_5
Added Pin To Net: NetName=Enc_6 Pin=P1-9
Added Pin To Net: NetName=Enc_6 Pin=R?-2
Added Net: Name=Enc_6
Added Pin To Net: NetName=Enc_7 Pin=P1-10
Added Pin To Net: NetName=Enc_7 Pin=R?-2
Added Net: Name=Enc_7
Added Pin To Net: NetName=Enc_8 Pin=P1-11
Added Pin To Net: NetName=Enc_8 Pin=R?-2
Added Net: Name=Enc_8
Added Pin To Net: NetName=Enc_9 Pin=P1-12
Added Pin To Net: NetName=Enc_9 Pin=R?-2
Added Net: Name=Enc_9
Added Pin To Net: NetName=ETH_CS Pin=R?-1
Added Pin To Net: NetName=ETH_CS Pin=U25-10
Added Pin To Net: NetName=ETH_CS Pin=U?-32
Added Net: Name=ETH_CS
Added Pin To Net: NetName=ETH_IRQ Pin=R?-1
Added Pin To Net: NetName=ETH_IRQ Pin=U25-25
Added Pin To Net: NetName=ETH_IRQ Pin=U?-36
Added Net: Name=ETH_IRQ
Added Pin To Net: NetName=G_Off Pin=P2-7
Added Pin To Net: NetName=G_Off Pin=R58-1
Added Net: Name=G_Off
Added Pin To Net: NetName=G_On Pin=P2-5
Added Pin To Net: NetName=G_On Pin=R54-1
Added Net: Name=G_On
Added Pin To Net: NetName=LED_BUF Pin=R?-2
Added Net: Name=LED_BUF
Added Pin To Net: NetName=LED_OK Pin=R9-2
Added Net: Name=LED_OK
Added Pin To Net: NetName=LED_X2X Pin=R13-2
Added Net: Name=LED_X2X
Added Pin To Net: NetName=LINKLED Pin=R?-1
Added Pin To Net: NetName=LINKLED Pin=U?-25
Added Net: Name=LINKLED
Added Pin To Net: NetName=MISO_ALT Pin=J1-9
Added Pin To Net: NetName=MISO_ALT Pin=U25-3
Added Net: Name=MISO_ALT
Added Pin To Net: NetName=MISO Pin=PL?-5
Added Pin To Net: NetName=MISO Pin=U25-13
Added Pin To Net: NetName=MISO Pin=U?-34
Added Net: Name=MISO
Added Pin To Net: NetName=MOSI_ALT Pin=J1-1
Added Pin To Net: NetName=MOSI_ALT Pin=U25-2
Added Net: Name=MOSI_ALT
Added Pin To Net: NetName=MOSI Pin=U25-12
Added Pin To Net: NetName=MOSI Pin=U?-35
Added Net: Name=MOSI
Added Pin To Net: NetName=NetC?_1 Pin=C?-1
Added Pin To Net: NetName=NetC?_1 Pin=C?-2
Added Pin To Net: NetName=NetC?_1 Pin=R?-1
Added Pin To Net: NetName=NetC?_1 Pin=R?-2
Added Net: Name=NetC?_1
Added Pin To Net: NetName=NetC?_2 Pin=C?-2
Added Pin To Net: NetName=NetC?_2 Pin=R?-2
Added Pin To Net: NetName=NetC?_2 Pin=U?-10
Added Net: Name=NetC?_2
Added Pin To Net: NetName=NetETH?_10 Pin=ETH?-10
Added Pin To Net: NetName=NetETH?_10 Pin=R?-2
Added Net: Name=NetETH?_10
Added Pin To Net: NetName=NetETH?_11 Pin=ETH?-11
Added Pin To Net: NetName=NetETH?_11 Pin=R?-2
Added Net: Name=NetETH?_11
Added Pin To Net: NetName=NetJ1_3 Pin=J1-3
Added Net: Name=NetJ1_3
Added Pin To Net: NetName=NetJ1_4 Pin=J1-4
Added Net: Name=NetJ1_4
Added Pin To Net: NetName=NetJ1_6 Pin=J1-6
Added Net: Name=NetJ1_6
Added Pin To Net: NetName=NetJ1_8 Pin=J1-8
Added Net: Name=NetJ1_8
Added Pin To Net: NetName=NetLED?_2 Pin=LED?-2
Added Pin To Net: NetName=NetLED?_2 Pin=R?-1
Added Net: Name=NetLED?_2
Added Pin To Net: NetName=NetQ?_1 Pin=Q?-1
Added Pin To Net: NetName=NetQ?_1 Pin=Q?-3
Added Pin To Net: NetName=NetQ?_1 Pin=R?-2
Added Net: Name=NetQ?_1
Added Pin To Net: NetName=NetQ?_3 Pin=Q?-3
Added Pin To Net: NetName=NetQ?_3 Pin=R?-2
Added Pin To Net: NetName=NetQ?_3 Pin=VD?-2
Added Pin To Net: NetName=NetQ?_3 Pin=VD?-3
Added Net: Name=NetQ?_3
Added Pin To Net: NetName=NetR?_1 Pin=R?-1
Added Pin To Net: NetName=NetR?_1 Pin=R?-2
Added Pin To Net: NetName=NetR?_1 Pin=U?-11
Added Net: Name=NetR?_1
Added Pin To Net: NetName=NetR?_2 Pin=R?-2
Added Pin To Net: NetName=NetR?_2 Pin=R?-2
Added Pin To Net: NetName=NetR?_2 Pin=U?-3
Added Pin To Net: NetName=NetR?_2 Pin=U?-12
Added Net: Name=NetR?_2
Added Pin To Net: NetName=NetRxxx_1 Pin=Rxxx-1
Added Net: Name=NetRxxx_1
Added Pin To Net: NetName=NetRxxx_2 Pin=Rxxx-2
Added Net: Name=NetRxxx_2
Added Pin To Net: NetName=NetU1_2 Pin=U1-2
Added Net: Name=NetU1_2
Added Pin To Net: NetName=NetU1_3 Pin=U1-3
Added Net: Name=NetU1_3
Added Pin To Net: NetName=NetU25_1 Pin=U25-1
Added Net: Name=NetU25_1
Added Pin To Net: NetName=NetU25_4 Pin=U25-4
Added Net: Name=NetU25_4
Added Pin To Net: NetName=NetU25_5 Pin=U25-5
Added Net: Name=NetU25_5
Added Pin To Net: NetName=NetU25_6 Pin=U25-6
Added Net: Name=NetU25_6
Added Pin To Net: NetName=NetU25_7 Pin=U25-7
Added Net: Name=NetU25_7
Added Pin To Net: NetName=NetU25_8 Pin=U25-8
Added Net: Name=NetU25_8
Added Pin To Net: NetName=NetU25_9 Pin=U25-9
Added Net: Name=NetU25_9
Added Pin To Net: NetName=NetU25_14 Pin=U25-14
Added Net: Name=NetU25_14
Added Pin To Net: NetName=NetU25_15 Pin=U25-15
Added Net: Name=NetU25_15
Added Pin To Net: NetName=NetU25_16 Pin=U25-16
Added Net: Name=NetU25_16
Added Pin To Net: NetName=NetU25_17 Pin=U25-17
Added Net: Name=NetU25_17
Added Pin To Net: NetName=NetU25_31 Pin=U25-31
Added Net: Name=NetU25_31
Added Pin To Net: NetName=NetU25_32 Pin=U25-32
Added Net: Name=NetU25_32
Added Pin To Net: NetName=NetU25_54 Pin=U25-54
Added Net: Name=NetU25_54
Added Pin To Net: NetName=NetU25_55 Pin=U25-55
Added Net: Name=NetU25_55
Added Pin To Net: NetName=NetU25_56 Pin=U25-56
Added Net: Name=NetU25_56
Added Pin To Net: NetName=NetU25_57 Pin=U25-57
Added Net: Name=NetU25_57
Added Pin To Net: NetName=NetU25_58 Pin=U25-58
Added Net: Name=NetU25_58
Added Pin To Net: NetName=NetU25_59 Pin=U25-59
Added Net: Name=NetU25_59
Added Pin To Net: NetName=NetU25_60 Pin=U25-60
Added Net: Name=NetU25_60
Added Pin To Net: NetName=NetU25_61 Pin=U25-61
Added Net: Name=NetU25_61
Added Pin To Net: NetName=NetU?_7 Pin=U?-7
Added Net: Name=NetU?_7
Added Pin To Net: NetName=NetU?_12 Pin=U?-12
Added Net: Name=NetU?_12
Added Pin To Net: NetName=NetU?_13 Pin=U?-13
Added Net: Name=NetU?_13
Added Pin To Net: NetName=NetU?_18 Pin=U?-18
Added Net: Name=NetU?_18
Added Pin To Net: NetName=NetU?_23 Pin=U?-23
Added Net: Name=NetU?_23
Added Pin To Net: NetName=NetU?_24 Pin=U?-24
Added Net: Name=NetU?_24
Added Pin To Net: NetName=NetU?_26 Pin=U?-26
Added Net: Name=NetU?_26
Added Pin To Net: NetName=NetU?_46 Pin=U?-46
Added Net: Name=NetU?_46
Added Pin To Net: NetName=NetU?_47 Pin=U?-47
Added Net: Name=NetU?_47
Added Pin To Net: NetName=PLC_OK_ Pin=PL8-5
Added Net: Name=PLC_OK_
Added Pin To Net: NetName=PLC_OK Pin=PL7-1
Added Net: Name=PLC_OK
Added Pin To Net: NetName=R_Off Pin=P2-11
Added Pin To Net: NetName=R_Off Pin=R68-1
Added Net: Name=R_Off
Added Pin To Net: NetName=R_On Pin=P2-9
Added Pin To Net: NetName=R_On Pin=R64-1
Added Net: Name=R_On
Added Pin To Net: NetName=RS485_A Pin=F4-1
Added Pin To Net: NetName=RS485_A Pin=P3-4
Added Net: Name=RS485_A
Added Pin To Net: NetName=RS485_B Pin=F3-1
Added Pin To Net: NetName=RS485_B Pin=P3-5
Added Net: Name=RS485_B
Added Pin To Net: NetName=RSTn_Eth1 Pin=C?-1
Added Pin To Net: NetName=RSTn_Eth1 Pin=R?-1
Added Pin To Net: NetName=RSTn_Eth1 Pin=U?-37
Added Net: Name=RSTn_Eth1
Added Pin To Net: NetName=Rw1 Pin=P2-8
Added Pin To Net: NetName=Rw1 Pin=R?-1
Added Pin To Net: NetName=Rw1 Pin=R?-1
Added Pin To Net: NetName=Rw1 Pin=U?-4
Added Net: Name=Rw1
Added Pin To Net: NetName=Rw2 Pin=P2-10
Added Pin To Net: NetName=Rw2 Pin=R?-1
Added Net: Name=Rw2
Added Pin To Net: NetName=RX_N Pin=C?-1
Added Pin To Net: NetName=RX_N Pin=R?-2
Added Pin To Net: NetName=RX_N Pin=R?-2
Added Net: Name=RX_N
Added Pin To Net: NetName=RX_P Pin=C?-1
Added Pin To Net: NetName=RX_P Pin=R?-2
Added Pin To Net: NetName=RX_P Pin=R?-2
Added Net: Name=RX_P
Added Pin To Net: NetName=RXC_N Pin=C?-2
Added Pin To Net: NetName=RXC_N Pin=ETH?-6
Added Net: Name=RXC_N
Added Pin To Net: NetName=RXC_P Pin=C?-2
Added Pin To Net: NetName=RXC_P Pin=ETH?-3
Added Net: Name=RXC_P
Added Pin To Net: NetName=RXW_N Pin=R?-1
Added Pin To Net: NetName=RXW_N Pin=U?-5
Added Net: Name=RXW_N
Added Pin To Net: NetName=RXW_P Pin=R?-1
Added Pin To Net: NetName=RXW_P Pin=U?-6
Added Net: Name=RXW_P
Added Pin To Net: NetName=SCK Pin=J1-7
Added Net: Name=SCK
Added Pin To Net: NetName=SD_OK_ Pin=PL8-4
Added Net: Name=SD_OK_
Added Pin To Net: NetName=SD_OK Pin=PL7-2
Added Net: Name=SD_OK
Added Pin To Net: NetName=TX_N Pin=ETH?-2
Added Pin To Net: NetName=TX_N Pin=R?-1
Added Pin To Net: NetName=TX_N Pin=R?-2
Added Net: Name=TX_N
Added Pin To Net: NetName=TX_P Pin=ETH?-1
Added Pin To Net: NetName=TX_P Pin=R?-1
Added Pin To Net: NetName=TX_P Pin=R?-2
Added Net: Name=TX_P
Added Pin To Net: NetName=TXW_N Pin=R?-1
Added Pin To Net: NetName=TXW_N Pin=U?-1
Added Net: Name=TXW_N
Added Pin To Net: NetName=TXW_P Pin=R?-1
Added Pin To Net: NetName=TXW_P Pin=U?-2
Added Net: Name=TXW_P
Added Pin To Net: NetName=X2X_Led_ Pin=PL8-3
Added Net: Name=X2X_Led_
Added Pin To Net: NetName=X2X_Led Pin=PL7-3
Added Net: Name=X2X_Led
Added Pin To Net: NetName=Y_Off Pin=P2-3
Added Pin To Net: NetName=Y_Off Pin=R48-1
Added Net: Name=Y_Off
Added Pin To Net: NetName=Y_On Pin=P2-1
Added Pin To Net: NetName=Y_On Pin=R44-1
Added Net: Name=Y_On
Added Differential Pair: Name=RXC
Added Differential Pair: Name=RX
Added Differential Pair: Name=RXW
Added Differential Pair: Name=TX
Added Differential Pair: Name=TXW
