Added Pin To Net: NetName=NetQ2_1 Pin=Q2-1
Added Pin To Net: NetName=GND Pin=Q2-2
Added Pin To Net: NetName=NetC30_1 Pin=Q2-3
Added Pin To Net: NetName=NetCT2_1 Pin=R20-1
Added Pin To Net: NetName=2V5 Pin=R20-2
Added Pin To Net: NetName=NetCT2_1 Pin=R21-1
Added Pin To Net: NetName=2V5 Pin=R21-2
Added Pin To Net: NetName=ADC_CT2_GAIN Pin=R29-1
Added Pin To Net: NetName=NetQ2_1 Pin=R29-2
Added Pin To Net: NetName=GND Pin=R31-1
Added Pin To Net: NetName=NetQ2_1 Pin=R31-2
Added Pin To Net: NetName=5V Pin=U5-1
Added Pin To Net: NetName=GND Pin=U5-2
Added Pin To Net: NetName=NetC28_2 Pin=U5-3
Added Pin To Net: NetName=ADC_CLK Pin=U5-4
Added Pin To Net: NetName=ADC_CT2 Pin=U5-5
Added Pin To Net: NetName=ADC_CS Pin=U5-6
Added Pin To Net: NetName=NetC28_2 Pin=U7-1
Added Pin To Net: NetName=GND Pin=U7-2
Added Pin To Net: NetName=NetCT2_1 Pin=U7-3
Added Pin To Net: NetName=NetC28_1 Pin=U7-4
Added Pin To Net: NetName=5V Pin=U7-5
