Change Component Designator: OldDesignator=R79 NewDesignator=R80
Change Component Designator: OldDesignator=R80 NewDesignator=R85
Change Component Designator: OldDesignator=R83 NewDesignator=R84
Change Component Designator: OldDesignator=R84 NewDesignator=R81
Change Component Designator: OldDesignator=U13 NewDesignator=U14
Added Component: Designator=C7(Supercap -D20-V)
Add component. Clean all parameters for all variants
Added Component: Designator=C34(0603)
Add component. Clean all parameters for all variants
Added Component: Designator=C48(0603)
Add component. Clean all parameters for all variants
Added Component: Designator=C49(0603)
Add component. Clean all parameters for all variants
Added Component: Designator=C72(0603)
Add component. Clean all parameters for all variants
Added Component: Designator=C73(0603)
Add component. Clean all parameters for all variants
Added Component: Designator=C74(1206)
Add component. Clean all parameters for all variants
Added Component: Designator=C75(1206)
Add component. Clean all parameters for all variants
Added Component: Designator=R19(0603)
Add component. Clean all parameters for all variants
Added Component: Designator=R79(RES 0603)
Add component. Clean all parameters for all variants
Add component (AddParameter): Name = ""; Value = "5% 0603 100 ppm/K Thick Film"; VariantName = "[No Variations]"
Added Component: Designator=R82(RES 0603)
Add component. Clean all parameters for all variants
Add component (AddParameter): Name = ""; Value = "5% 0603 100 ppm/K Thick Film"; VariantName = "[No Variations]"
Added Component: Designator=R83(RES 0603)
Add component. Clean all parameters for all variants
Add component (AddParameter): Name = ""; Value = "5% 0603 100 ppm/K Thick Film"; VariantName = "[No Variations]"
Added Component: Designator=R86(RES 0603)
Add component. Clean all parameters for all variants
Add component (AddParameter): Name = ""; Value = "5% 0603 100 ppm/K Thick Film"; VariantName = "[No Variations]"
Added Component: Designator=R87(RES 0603)
Add component. Clean all parameters for all variants
Add component (AddParameter): Name = ""; Value = "5% 0603 100 ppm/K Thick Film"; VariantName = "[No Variations]"
Added Component: Designator=R88(RES 0603)
Add component. Clean all parameters for all variants
Add component (AddParameter): Name = ""; Value = "5% 0603 100 ppm/K Thick Film"; VariantName = "[No Variations]"
Added Component: Designator=R89(RES 0603)
Add component. Clean all parameters for all variants
Add component (AddParameter): Name = ""; Value = "5% 0603 100 ppm/K Thick Film"; VariantName = "[No Variations]"
Added Component: Designator=R90(RES 0603)
Add component. Clean all parameters for all variants
Add component (AddParameter): Name = ""; Value = "5% 0603 100 ppm/K Thick Film"; VariantName = "[No Variations]"
Added Component: Designator=R126(0603)
Add component. Clean all parameters for all variants
Added Component: Designator=R127(0603)
Add component. Clean all parameters for all variants
Added Component: Designator=U13(SOIC-8)
Add component. Clean all parameters for all variants
Added Component: Designator=U15(SOIC-8)
Add component. Clean all parameters for all variants
Added Pin To Net: NetName=GND Pin=C7-1
Added Pin To Net: NetName=5V Pin=C7-2
Added Pin To Net: NetName=GND Pin=C34-1
Added Pin To Net: NetName=NetC34_2 Pin=C34-2
Added Pin To Net: NetName=GND Pin=C48-1
Added Pin To Net: NetName=5V Pin=C48-2
Added Pin To Net: NetName=GND Pin=C49-1
Added Pin To Net: NetName=5V Pin=C49-2
Added Pin To Net: NetName=3V3_A Pin=C72-1
Added Pin To Net: NetName=GND Pin=C72-2
Added Pin To Net: NetName=3V3_D Pin=C73-1
Added Pin To Net: NetName=GND Pin=C73-2
Added Pin To Net: NetName=GND Pin=C74-1
Added Pin To Net: NetName=3V3_A Pin=C74-2
Added Pin To Net: NetName=GND Pin=C75-1
Added Pin To Net: NetName=3V3_D Pin=C75-2
Added Pin To Net: NetName=TX_En Pin=R19-1
Added Pin To Net: NetName=GND Pin=R19-2
Added Pin To Net: NetName=NetR79_1 Pin=R79-1
Added Pin To Net: NetName=24V_PWR Pin=R79-2
Added Pin To Net: NetName=NetR82_1 Pin=R82-1
Added Pin To Net: NetName=24V_PWR Pin=R82-2
Added Pin To Net: NetName=NetR79_1 Pin=R83-1
Added Pin To Net: NetName=Enc_4 Pin=R83-2
Added Pin To Net: NetName=NetR82_1 Pin=R86-1
Added Pin To Net: NetName=Enc_7 Pin=R86-2
Added Pin To Net: NetName=NetR87_1 Pin=R87-1
Added Pin To Net: NetName=24V_PWR Pin=R87-2
Added Pin To Net: NetName=NetR88_1 Pin=R88-1
Added Pin To Net: NetName=24V_PWR Pin=R88-2
Added Pin To Net: NetName=NetR87_1 Pin=R89-1
Added Pin To Net: NetName=Enc_8 Pin=R89-2
Added Pin To Net: NetName=NetR88_1 Pin=R90-1
Added Pin To Net: NetName=Enc_9 Pin=R90-2
Added Pin To Net: NetName=ETH_IRQ Pin=R126-1
Added Pin To Net: NetName=3V3_D Pin=R126-2
Added Pin To Net: NetName=ETH_CS Pin=R127-1
Added Pin To Net: NetName=3V3_D Pin=R127-2
Added Pin To Net: NetName=BIT_4 Pin=U13-1
Added Pin To Net: NetName=12V_Ref Pin=U13-2
Added Pin To Net: NetName=NetR79_1 Pin=U13-3
Added Pin To Net: NetName=GND Pin=U13-4
Added Pin To Net: NetName=NetR80_1 Pin=U13-5
Added Pin To Net: NetName=12V_Ref Pin=U13-6
Added Pin To Net: NetName=BIT_5 Pin=U13-7
Added Pin To Net: NetName=24V_PWR Pin=U13-8
Added Pin To Net: NetName=BIT_8 Pin=U15-1
Added Pin To Net: NetName=12V_Ref Pin=U15-2
Added Pin To Net: NetName=NetR87_1 Pin=U15-3
Added Pin To Net: NetName=GND Pin=U15-4
Added Pin To Net: NetName=NetR88_1 Pin=U15-5
Added Pin To Net: NetName=12V_Ref Pin=U15-6
Added Pin To Net: NetName=BIT_9 Pin=U15-7
Added Pin To Net: NetName=24V_PWR Pin=U15-8
