Added Component: Designator=R134(RES 0603)
Add component. Clean all parameters for all variants
Added Component: Designator=R135(RES 0603)
Add component. Clean all parameters for all variants
Added Component: Designator=R136(RES 0603)
Add component. Clean all parameters for all variants
Added Component: Designator=U27(SOIC-8)
Add component. Clean all parameters for all variants
Added Pin To Net: NetName=FRAM_CS Pin=R134-1
Added Pin To Net: NetName=5V Pin=R134-2
Added Pin To Net: NetName=FRAM_WP Pin=R135-1
Added Pin To Net: NetName=5V Pin=R135-2
Added Pin To Net: NetName=FRAM_HOLD Pin=R136-1
Added Pin To Net: NetName=5V Pin=R136-2
Added Pin To Net: NetName=FRAM_CS Pin=U27-1
Added Pin To Net: NetName=MISO Pin=U27-2
Added Pin To Net: NetName=FRAM_WP Pin=U27-3
Added Pin To Net: NetName=GND Pin=U27-4
Added Pin To Net: NetName=MOSI Pin=U27-5
Added Pin To Net: NetName=SCK Pin=U27-6
Added Pin To Net: NetName=FRAM_HOLD Pin=U27-7
Added Pin To Net: NetName=5V Pin=U27-8
